Flow report for Piplined_AU_Datapath
Wed May 17 08:46:47 2023
Quartus II 64-Bit Version 13.0.1 Build 232 06/12/2013 Service Pack 1 SJ Web Edition


---------------------
; Table of Contents ;
---------------------
  1. Legal Notice
  2. Flow Summary
  3. Flow Settings
  4. Flow Non-Default Global Settings
  5. Flow Elapsed Time
  6. Flow OS Summary
  7. Flow Log
  8. Flow Messages
  9. Flow Suppressed Messages



----------------
; Legal Notice ;
----------------
Copyright (C) 1991-2013 Altera Corporation
Your use of Altera Corporation's design tools, logic functions 
and other software and tools, and its AMPP partner logic 
functions, and any output files from any of the foregoing 
(including device programming or simulation files), and any 
associated documentation or information are expressly subject 
to the terms and conditions of the Altera Program License 
Subscription Agreement, Altera MegaCore Function License 
Agreement, or other applicable license agreement, including, 
without limitation, that your use is for the sole purpose of 
programming logic devices manufactured by Altera and sold by 
Altera or its authorized distributors.  Please refer to the 
applicable agreement for further details.



+--------------------------------------------------------------------------------------+
; Flow Summary                                                                         ;
+------------------------------------+-------------------------------------------------+
; Flow Status                        ; Successful - Wed May 17 08:46:47 2023           ;
; Quartus II 64-Bit Version          ; 13.0.1 Build 232 06/12/2013 SP 1 SJ Web Edition ;
; Revision Name                      ; Piplined_AU_Datapath                            ;
; Top-level Entity Name              ; Piplined_AU_Datapath_DATAPATH                   ;
; Family                             ; Cyclone II                                      ;
; Device                             ; EP2C35F672C6                                    ;
; Timing Models                      ; Final                                           ;
; Total logic elements               ; 117 / 33,216 ( < 1 % )                          ;
;     Total combinational functions  ; 90 / 33,216 ( < 1 % )                           ;
;     Dedicated logic registers      ; 90 / 33,216 ( < 1 % )                           ;
; Total registers                    ; 90                                              ;
; Total pins                         ; 45 / 475 ( 9 % )                                ;
; Total virtual pins                 ; 0                                               ;
; Total memory bits                  ; 0 / 483,840 ( 0 % )                             ;
; Embedded Multiplier 9-bit elements ; 0 / 70 ( 0 % )                                  ;
; Total PLLs                         ; 0 / 4 ( 0 % )                                   ;
+------------------------------------+-------------------------------------------------+


+------------------------------------------+
; Flow Settings                            ;
+-------------------+----------------------+
; Option            ; Setting              ;
+-------------------+----------------------+
; Start date & time ; 05/17/2023 08:46:26  ;
; Main task         ; Compilation          ;
; Revision Name     ; Piplined_AU_Datapath ;
+-------------------+----------------------+


+----------------------------------------------------------------------------------------------------------------------------------------------+
; Flow Non-Default Global Settings                                                                                                             ;
+-------------------------------------+--------------------------------+----------------------+-------------------------------+----------------+
; Assignment Name                     ; Value                          ; Default Value        ; Entity Name                   ; Section Id     ;
+-------------------------------------+--------------------------------+----------------------+-------------------------------+----------------+
; COMPILER_SIGNATURE_ID               ; 57651960190294.168428798603244 ; --                   ; --                            ; --             ;
; EDA_GENERATE_FUNCTIONAL_NETLIST     ; On                             ; --                   ; --                            ; eda_simulation ;
; EDA_OUTPUT_DATA_FORMAT              ; Verilog Hdl                    ; --                   ; --                            ; eda_simulation ;
; EDA_SIMULATION_TOOL                 ; ModelSim-Altera (Verilog)      ; <None>               ; --                            ; --             ;
; MAX_CORE_JUNCTION_TEMP              ; 85                             ; --                   ; --                            ; --             ;
; MIN_CORE_JUNCTION_TEMP              ; 0                              ; --                   ; --                            ; --             ;
; PARTITION_COLOR                     ; 16764057                       ; --                   ; Piplined_AU_Datapath_DATAPATH ; Top            ;
; PARTITION_FITTER_PRESERVATION_LEVEL ; PLACEMENT_AND_ROUTING          ; --                   ; Piplined_AU_Datapath_DATAPATH ; Top            ;
; PARTITION_NETLIST_TYPE              ; SOURCE                         ; --                   ; Piplined_AU_Datapath_DATAPATH ; Top            ;
; PROJECT_OUTPUT_DIRECTORY            ; output_files                   ; --                   ; --                            ; --             ;
; TOP_LEVEL_ENTITY                    ; Piplined_AU_Datapath_DATAPATH  ; Piplined_AU_Datapath ; --                            ; --             ;
+-------------------------------------+--------------------------------+----------------------+-------------------------------+----------------+


+-------------------------------------------------------------------------------------------------------------------------------+
; Flow Elapsed Time                                                                                                             ;
+---------------------------+--------------+-------------------------+---------------------+------------------------------------+
; Module Name               ; Elapsed Time ; Average Processors Used ; Peak Virtual Memory ; Total CPU Time (on all processors) ;
+---------------------------+--------------+-------------------------+---------------------+------------------------------------+
; Analysis & Synthesis      ; 00:00:04     ; 1.0                     ; 4602 MB             ; 00:00:02                           ;
; Fitter                    ; 00:00:08     ; 1.0                     ; 4883 MB             ; 00:00:04                           ;
; Assembler                 ; 00:00:03     ; 1.0                     ; 4578 MB             ; 00:00:02                           ;
; TimeQuest Timing Analyzer ; 00:00:02     ; 1.0                     ; 4552 MB             ; 00:00:02                           ;
; EDA Netlist Writer        ; 00:00:02     ; 1.0                     ; 4514 MB             ; 00:00:02                           ;
; Total                     ; 00:00:19     ; --                      ; --                  ; 00:00:12                           ;
+---------------------------+--------------+-------------------------+---------------------+------------------------------------+


+----------------------------------------------------------------------------------------+
; Flow OS Summary                                                                        ;
+---------------------------+------------------+-----------+------------+----------------+
; Module Name               ; Machine Hostname ; OS Name   ; OS Version ; Processor type ;
+---------------------------+------------------+-----------+------------+----------------+
; Analysis & Synthesis      ; An-Nguyen        ; Windows 7 ; 6.2        ; x86_64         ;
; Fitter                    ; An-Nguyen        ; Windows 7 ; 6.2        ; x86_64         ;
; Assembler                 ; An-Nguyen        ; Windows 7 ; 6.2        ; x86_64         ;
; TimeQuest Timing Analyzer ; An-Nguyen        ; Windows 7 ; 6.2        ; x86_64         ;
; EDA Netlist Writer        ; An-Nguyen        ; Windows 7 ; 6.2        ; x86_64         ;
+---------------------------+------------------+-----------+------------+----------------+


------------
; Flow Log ;
------------
quartus_map --read_settings_files=on --write_settings_files=off Piplined_AU_Datapath -c Piplined_AU_Datapath
quartus_fit --read_settings_files=off --write_settings_files=off Piplined_AU_Datapath -c Piplined_AU_Datapath
quartus_asm --read_settings_files=off --write_settings_files=off Piplined_AU_Datapath -c Piplined_AU_Datapath
quartus_sta Piplined_AU_Datapath -c Piplined_AU_Datapath
quartus_eda --read_settings_files=off --write_settings_files=off Piplined_AU_Datapath -c Piplined_AU_Datapath



