TimeQuest Timing Analyzer report for Display_Led_7_Segments
Tue May 23 18:08:48 2023
Quartus II 64-Bit Version 13.0.1 Build 232 06/12/2013 Service Pack 1 SJ Web Edition


---------------------
; Table of Contents ;
---------------------
  1. Legal Notice
  2. TimeQuest Timing Analyzer Summary
  3. Parallel Compilation
  4. Clocks
  5. Slow Model Fmax Summary
  6. Slow Model Setup Summary
  7. Slow Model Hold Summary
  8. Slow Model Recovery Summary
  9. Slow Model Removal Summary
 10. Slow Model Minimum Pulse Width Summary
 11. Propagation Delay
 12. Minimum Propagation Delay
 13. Fast Model Setup Summary
 14. Fast Model Hold Summary
 15. Fast Model Recovery Summary
 16. Fast Model Removal Summary
 17. Fast Model Minimum Pulse Width Summary
 18. Propagation Delay
 19. Minimum Propagation Delay
 20. Multicorner Timing Analysis Summary
 21. Progagation Delay
 22. Minimum Progagation Delay
 23. Clock Transfers
 24. Report TCCS
 25. Report RSKM
 26. Unconstrained Paths
 27. TimeQuest Timing Analyzer Messages



----------------
; Legal Notice ;
----------------
Copyright (C) 1991-2013 Altera Corporation
Your use of Altera Corporation's design tools, logic functions 
and other software and tools, and its AMPP partner logic 
functions, and any output files from any of the foregoing 
(including device programming or simulation files), and any 
associated documentation or information are expressly subject 
to the terms and conditions of the Altera Program License 
Subscription Agreement, Altera MegaCore Function License 
Agreement, or other applicable license agreement, including, 
without limitation, that your use is for the sole purpose of 
programming logic devices manufactured by Altera and sold by 
Altera or its authorized distributors.  Please refer to the 
applicable agreement for further details.



+----------------------------------------------------------------------------------------+
; TimeQuest Timing Analyzer Summary                                                      ;
+--------------------+-------------------------------------------------------------------+
; Quartus II Version ; Version 13.0.1 Build 232 06/12/2013 Service Pack 1 SJ Web Edition ;
; Revision Name      ; Display_Led_7_Segments                                            ;
; Device Family      ; Cyclone II                                                        ;
; Device Name        ; EP2C35F672C6                                                      ;
; Timing Models      ; Final                                                             ;
; Delay Model        ; Combined                                                          ;
; Rise/Fall Delays   ; Unavailable                                                       ;
+--------------------+-------------------------------------------------------------------+


Parallel compilation was disabled, but you have multiple processors available. Enable parallel compilation to reduce compilation time.
+-------------------------------------+
; Parallel Compilation                ;
+----------------------------+--------+
; Processors                 ; Number ;
+----------------------------+--------+
; Number detected on machine ; 12     ;
; Maximum allowed            ; 1      ;
+----------------------------+--------+


----------
; Clocks ;
----------
No clocks to report.


---------------------------
; Slow Model Fmax Summary ;
---------------------------
No paths to report.


----------------------------
; Slow Model Setup Summary ;
----------------------------
No paths to report.


---------------------------
; Slow Model Hold Summary ;
---------------------------
No paths to report.


-------------------------------
; Slow Model Recovery Summary ;
-------------------------------
No paths to report.


------------------------------
; Slow Model Removal Summary ;
------------------------------
No paths to report.


------------------------------------------
; Slow Model Minimum Pulse Width Summary ;
------------------------------------------
No paths to report.


+--------------------------------------------------------------+
; Propagation Delay                                            ;
+------------+-------------+--------+--------+--------+--------+
; Input Port ; Output Port ; RR     ; RF     ; FR     ; FF     ;
+------------+-------------+--------+--------+--------+--------+
; Num[0]     ; HB2         ; 15.011 ; 15.011 ; 15.011 ; 15.011 ;
; Num[0]     ; HC2         ; 15.021 ; 15.021 ; 15.021 ; 15.021 ;
; Num[0]     ; OA0         ; 15.891 ; 15.891 ; 15.891 ; 15.891 ;
; Num[0]     ; OB0         ; 15.844 ; 15.844 ; 15.844 ; 15.844 ;
; Num[0]     ; OC0         ; 14.982 ; 14.982 ; 14.982 ; 14.982 ;
; Num[0]     ; OD0         ; 15.630 ; 15.630 ; 15.630 ; 15.630 ;
; Num[0]     ; OE0         ; 14.971 ; 14.971 ; 14.971 ; 14.971 ;
; Num[0]     ; OF0         ; 15.639 ; 15.639 ; 15.639 ; 15.639 ;
; Num[0]     ; OG0         ; 15.852 ; 15.852 ; 15.852 ; 15.852 ;
; Num[0]     ; TA1         ; 16.039 ; 16.039 ; 16.039 ; 16.039 ;
; Num[0]     ; TB1         ; 15.760 ; 15.760 ; 15.760 ; 15.760 ;
; Num[0]     ; TC1         ; 15.742 ; 15.742 ; 15.742 ; 15.742 ;
; Num[0]     ; TD1         ; 15.593 ; 15.593 ; 15.593 ; 15.593 ;
; Num[0]     ; TE1         ; 15.872 ; 15.872 ; 15.872 ; 15.872 ;
; Num[0]     ; TF1         ; 15.848 ; 15.848 ; 15.848 ; 15.848 ;
; Num[0]     ; TG1         ; 15.632 ; 15.632 ; 15.632 ; 15.632 ;
; Num[1]     ; HB2         ; 14.885 ; 14.885 ; 14.885 ; 14.885 ;
; Num[1]     ; HC2         ; 14.895 ; 14.895 ; 14.895 ; 14.895 ;
; Num[1]     ; OA0         ; 15.765 ; 15.765 ; 15.765 ; 15.765 ;
; Num[1]     ; OB0         ; 15.718 ; 15.718 ; 15.718 ; 15.718 ;
; Num[1]     ; OC0         ; 14.856 ; 14.856 ; 14.856 ; 14.856 ;
; Num[1]     ; OD0         ; 15.504 ; 15.504 ; 15.504 ; 15.504 ;
; Num[1]     ; OE0         ; 14.845 ; 14.845 ; 14.845 ; 14.845 ;
; Num[1]     ; OF0         ; 15.513 ; 15.513 ; 15.513 ; 15.513 ;
; Num[1]     ; OG0         ; 15.726 ; 15.726 ; 15.726 ; 15.726 ;
; Num[1]     ; TA1         ; 15.913 ; 15.913 ; 15.913 ; 15.913 ;
; Num[1]     ; TB1         ; 15.634 ; 15.634 ; 15.634 ; 15.634 ;
; Num[1]     ; TC1         ; 15.616 ; 15.616 ; 15.616 ; 15.616 ;
; Num[1]     ; TD1         ; 15.467 ; 15.467 ; 15.467 ; 15.467 ;
; Num[1]     ; TE1         ; 15.746 ; 15.746 ; 15.746 ; 15.746 ;
; Num[1]     ; TF1         ; 15.722 ; 15.722 ; 15.722 ; 15.722 ;
; Num[1]     ; TG1         ; 15.506 ; 15.506 ; 15.506 ; 15.506 ;
; Num[2]     ; HB2         ; 14.685 ; 14.685 ; 14.685 ; 14.685 ;
; Num[2]     ; HC2         ; 14.695 ; 14.695 ; 14.695 ; 14.695 ;
; Num[2]     ; OA0         ; 15.565 ; 15.565 ; 15.565 ; 15.565 ;
; Num[2]     ; OB0         ; 15.518 ; 15.518 ; 15.518 ; 15.518 ;
; Num[2]     ; OC0         ; 14.656 ; 14.656 ; 14.656 ; 14.656 ;
; Num[2]     ; OD0         ; 15.304 ; 15.304 ; 15.304 ; 15.304 ;
; Num[2]     ; OE0         ; 14.645 ; 14.645 ; 14.645 ; 14.645 ;
; Num[2]     ; OF0         ; 15.313 ; 15.313 ; 15.313 ; 15.313 ;
; Num[2]     ; OG0         ; 15.526 ; 15.526 ; 15.526 ; 15.526 ;
; Num[2]     ; TA1         ; 15.713 ; 15.713 ; 15.713 ; 15.713 ;
; Num[2]     ; TB1         ; 15.434 ; 15.434 ; 15.434 ; 15.434 ;
; Num[2]     ; TC1         ; 15.416 ; 15.416 ; 15.416 ; 15.416 ;
; Num[2]     ; TD1         ; 15.267 ; 15.267 ; 15.267 ; 15.267 ;
; Num[2]     ; TE1         ; 15.546 ; 15.546 ; 15.546 ; 15.546 ;
; Num[2]     ; TF1         ; 15.522 ; 15.522 ; 15.522 ; 15.522 ;
; Num[2]     ; TG1         ; 15.306 ; 15.306 ; 15.306 ; 15.306 ;
; Num[3]     ; HB2         ; 10.813 ; 10.813 ; 10.813 ; 10.813 ;
; Num[3]     ; HC2         ; 10.823 ; 10.823 ; 10.823 ; 10.823 ;
; Num[3]     ; OA0         ; 11.693 ; 11.693 ; 11.693 ; 11.693 ;
; Num[3]     ; OB0         ; 11.646 ; 11.646 ; 11.646 ; 11.646 ;
; Num[3]     ; OC0         ; 10.784 ; 10.784 ; 10.784 ; 10.784 ;
; Num[3]     ; OD0         ; 11.432 ; 11.432 ; 11.432 ; 11.432 ;
; Num[3]     ; OE0         ; 10.773 ; 10.773 ; 10.773 ; 10.773 ;
; Num[3]     ; OF0         ; 11.441 ; 11.441 ; 11.441 ; 11.441 ;
; Num[3]     ; OG0         ; 11.654 ; 11.654 ; 11.654 ; 11.654 ;
; Num[3]     ; TA1         ; 11.841 ; 11.841 ; 11.841 ; 11.841 ;
; Num[3]     ; TB1         ; 11.562 ; 11.562 ; 11.562 ; 11.562 ;
; Num[3]     ; TC1         ; 11.544 ; 11.544 ; 11.544 ; 11.544 ;
; Num[3]     ; TD1         ; 11.395 ; 11.395 ; 11.395 ; 11.395 ;
; Num[3]     ; TE1         ; 11.674 ; 11.674 ; 11.674 ; 11.674 ;
; Num[3]     ; TF1         ; 11.650 ; 11.650 ; 11.650 ; 11.650 ;
; Num[3]     ; TG1         ; 11.434 ; 11.434 ; 11.434 ; 11.434 ;
; Num[4]     ; HB2         ; 13.872 ; 13.872 ; 13.872 ; 13.872 ;
; Num[4]     ; HC2         ; 13.882 ; 13.882 ; 13.882 ; 13.882 ;
; Num[4]     ; OA0         ; 14.752 ; 14.752 ; 14.752 ; 14.752 ;
; Num[4]     ; OB0         ; 14.705 ; 14.705 ; 14.705 ; 14.705 ;
; Num[4]     ; OC0         ; 13.843 ; 13.843 ; 13.843 ; 13.843 ;
; Num[4]     ; OD0         ; 14.491 ; 14.491 ; 14.491 ; 14.491 ;
; Num[4]     ; OE0         ; 13.832 ; 13.832 ; 13.832 ; 13.832 ;
; Num[4]     ; OF0         ; 14.500 ; 14.500 ; 14.500 ; 14.500 ;
; Num[4]     ; OG0         ; 14.713 ; 14.713 ; 14.713 ; 14.713 ;
; Num[4]     ; TA1         ; 14.900 ; 14.900 ; 14.900 ; 14.900 ;
; Num[4]     ; TB1         ; 14.621 ; 14.621 ; 14.621 ; 14.621 ;
; Num[4]     ; TC1         ; 14.603 ; 14.603 ; 14.603 ; 14.603 ;
; Num[4]     ; TD1         ; 14.454 ; 14.454 ; 14.454 ; 14.454 ;
; Num[4]     ; TE1         ; 14.733 ; 14.733 ; 14.733 ; 14.733 ;
; Num[4]     ; TF1         ; 14.709 ; 14.709 ; 14.709 ; 14.709 ;
; Num[4]     ; TG1         ; 14.493 ; 14.493 ; 14.493 ; 14.493 ;
; Num[5]     ; HB2         ; 13.596 ; 13.596 ; 13.596 ; 13.596 ;
; Num[5]     ; HC2         ; 13.606 ; 13.606 ; 13.606 ; 13.606 ;
; Num[5]     ; OA0         ; 14.476 ; 14.476 ; 14.476 ; 14.476 ;
; Num[5]     ; OB0         ; 14.429 ; 14.429 ; 14.429 ; 14.429 ;
; Num[5]     ; OC0         ; 13.567 ; 13.567 ; 13.567 ; 13.567 ;
; Num[5]     ; OD0         ; 14.215 ; 14.215 ; 14.215 ; 14.215 ;
; Num[5]     ; OE0         ; 13.556 ; 13.556 ; 13.556 ; 13.556 ;
; Num[5]     ; OF0         ; 14.224 ; 14.224 ; 14.224 ; 14.224 ;
; Num[5]     ; OG0         ; 14.437 ; 14.437 ; 14.437 ; 14.437 ;
; Num[5]     ; TA1         ; 14.624 ; 14.624 ; 14.624 ; 14.624 ;
; Num[5]     ; TB1         ; 14.345 ; 14.345 ; 14.345 ; 14.345 ;
; Num[5]     ; TC1         ; 14.327 ; 14.327 ; 14.327 ; 14.327 ;
; Num[5]     ; TD1         ; 14.178 ; 14.178 ; 14.178 ; 14.178 ;
; Num[5]     ; TE1         ; 14.457 ; 14.457 ; 14.457 ; 14.457 ;
; Num[5]     ; TF1         ; 14.433 ; 14.433 ; 14.433 ; 14.433 ;
; Num[5]     ; TG1         ; 14.217 ; 14.217 ; 14.217 ; 14.217 ;
; Num[6]     ; HB2         ; 13.821 ; 13.821 ; 13.821 ; 13.821 ;
; Num[6]     ; HC2         ; 13.831 ; 13.831 ; 13.831 ; 13.831 ;
; Num[6]     ; OA0         ; 14.701 ; 14.701 ; 14.701 ; 14.701 ;
; Num[6]     ; OB0         ; 14.654 ; 14.654 ; 14.654 ; 14.654 ;
; Num[6]     ; OC0         ; 13.792 ; 13.792 ; 13.792 ; 13.792 ;
; Num[6]     ; OD0         ; 14.440 ; 14.440 ; 14.440 ; 14.440 ;
; Num[6]     ; OE0         ; 13.781 ; 13.781 ; 13.781 ; 13.781 ;
; Num[6]     ; OF0         ; 14.449 ; 14.449 ; 14.449 ; 14.449 ;
; Num[6]     ; OG0         ; 14.662 ; 14.662 ; 14.662 ; 14.662 ;
; Num[6]     ; TA1         ; 14.849 ; 14.849 ; 14.849 ; 14.849 ;
; Num[6]     ; TB1         ; 14.570 ; 14.570 ; 14.570 ; 14.570 ;
; Num[6]     ; TC1         ; 14.552 ; 14.552 ; 14.552 ; 14.552 ;
; Num[6]     ; TD1         ; 14.403 ; 14.403 ; 14.403 ; 14.403 ;
; Num[6]     ; TE1         ; 14.682 ; 14.682 ; 14.682 ; 14.682 ;
; Num[6]     ; TF1         ; 14.658 ; 14.658 ; 14.658 ; 14.658 ;
; Num[6]     ; TG1         ; 14.442 ; 14.442 ; 14.442 ; 14.442 ;
; Num[7]     ; HB2         ; 11.556 ; 11.556 ; 11.556 ; 11.556 ;
; Num[7]     ; HC2         ; 11.566 ; 11.566 ; 11.566 ; 11.566 ;
; Num[7]     ; OA0         ; 12.436 ; 12.436 ; 12.436 ; 12.436 ;
; Num[7]     ; OB0         ; 12.389 ; 12.389 ; 12.389 ; 12.389 ;
; Num[7]     ; OC0         ; 11.527 ; 11.527 ; 11.527 ; 11.527 ;
; Num[7]     ; OD0         ; 12.175 ; 12.175 ; 12.175 ; 12.175 ;
; Num[7]     ; OE0         ; 11.516 ; 11.516 ; 11.516 ; 11.516 ;
; Num[7]     ; OF0         ; 12.184 ; 12.184 ; 12.184 ; 12.184 ;
; Num[7]     ; OG0         ; 12.397 ; 12.397 ; 12.397 ; 12.397 ;
; Num[7]     ; SIGN        ; 5.074  ;        ;        ; 5.074  ;
; Num[7]     ; TA1         ; 12.584 ; 12.584 ; 12.584 ; 12.584 ;
; Num[7]     ; TB1         ; 12.305 ; 12.305 ; 12.305 ; 12.305 ;
; Num[7]     ; TC1         ; 12.287 ; 12.287 ; 12.287 ; 12.287 ;
; Num[7]     ; TD1         ; 12.138 ; 12.138 ; 12.138 ; 12.138 ;
; Num[7]     ; TE1         ; 12.417 ; 12.417 ; 12.417 ; 12.417 ;
; Num[7]     ; TF1         ; 12.393 ; 12.393 ; 12.393 ; 12.393 ;
; Num[7]     ; TG1         ; 12.177 ; 12.177 ; 12.177 ; 12.177 ;
+------------+-------------+--------+--------+--------+--------+


+--------------------------------------------------------------+
; Minimum Propagation Delay                                    ;
+------------+-------------+--------+--------+--------+--------+
; Input Port ; Output Port ; RR     ; RF     ; FR     ; FF     ;
+------------+-------------+--------+--------+--------+--------+
; Num[0]     ; HB2         ; 11.915 ; 11.915 ; 11.915 ; 11.915 ;
; Num[0]     ; HC2         ; 11.925 ; 11.925 ; 11.925 ; 11.925 ;
; Num[0]     ; OA0         ; 9.545  ; 9.545  ; 9.545  ; 9.545  ;
; Num[0]     ; OB0         ; 9.899  ; 9.899  ; 9.899  ; 9.899  ;
; Num[0]     ; OC0         ; 10.947 ; 9.301  ; 9.301  ; 10.947 ;
; Num[0]     ; OD0         ; 9.290  ; 9.290  ; 9.290  ; 9.290  ;
; Num[0]     ; OE0         ; 9.292  ; 10.929 ; 10.929 ; 9.292  ;
; Num[0]     ; OF0         ; 9.304  ; 10.954 ; 10.954 ; 9.304  ;
; Num[0]     ; OG0         ; 9.517  ; 11.169 ; 11.169 ; 9.517  ;
; Num[0]     ; TA1         ; 12.011 ; 12.011 ; 12.011 ; 12.011 ;
; Num[0]     ; TB1         ; 11.732 ; 11.732 ; 11.732 ; 11.732 ;
; Num[0]     ; TC1         ; 11.714 ; 11.714 ; 11.714 ; 11.714 ;
; Num[0]     ; TD1         ; 11.565 ; 11.565 ; 11.565 ; 11.565 ;
; Num[0]     ; TE1         ; 11.844 ; 11.844 ; 11.844 ; 11.844 ;
; Num[0]     ; TF1         ; 11.820 ; 11.820 ; 11.820 ; 11.820 ;
; Num[0]     ; TG1         ; 11.604 ; 11.604 ; 11.604 ; 11.604 ;
; Num[1]     ; HB2         ; 11.826 ; 11.826 ; 11.826 ; 11.826 ;
; Num[1]     ; HC2         ; 11.836 ; 11.836 ; 11.836 ; 11.836 ;
; Num[1]     ; OA0         ; 11.387 ; 11.387 ; 11.387 ; 11.387 ;
; Num[1]     ; OB0         ; 11.400 ; 11.400 ; 11.400 ; 11.400 ;
; Num[1]     ; OC0         ; 11.134 ; 11.134 ; 11.134 ; 11.134 ;
; Num[1]     ; OD0         ; 11.129 ; 11.129 ; 11.129 ; 11.129 ;
; Num[1]     ; OE0         ; 11.116 ; 11.116 ; 11.116 ; 11.116 ;
; Num[1]     ; OF0         ; 11.141 ; 11.141 ; 11.141 ; 11.141 ;
; Num[1]     ; OG0         ; 11.356 ; 11.356 ; 11.356 ; 11.356 ;
; Num[1]     ; TA1         ; 12.198 ; 12.198 ; 12.198 ; 12.198 ;
; Num[1]     ; TB1         ; 11.919 ; 11.919 ; 11.919 ; 11.919 ;
; Num[1]     ; TC1         ; 11.901 ; 11.901 ; 11.901 ; 11.901 ;
; Num[1]     ; TD1         ; 11.752 ; 11.752 ; 11.752 ; 11.752 ;
; Num[1]     ; TE1         ; 12.031 ; 12.031 ; 12.031 ; 12.031 ;
; Num[1]     ; TF1         ; 12.007 ; 12.007 ; 12.007 ; 12.007 ;
; Num[1]     ; TG1         ; 11.791 ; 11.791 ; 11.791 ; 11.791 ;
; Num[2]     ; HB2         ; 11.594 ; 11.594 ; 11.594 ; 11.594 ;
; Num[2]     ; HC2         ; 11.604 ; 11.604 ; 11.604 ; 11.604 ;
; Num[2]     ; OA0         ; 11.395 ; 11.395 ; 11.395 ; 11.395 ;
; Num[2]     ; OB0         ; 11.262 ; 11.262 ; 11.262 ; 11.262 ;
; Num[2]     ; OC0         ; 11.222 ; 11.222 ; 11.222 ; 11.222 ;
; Num[2]     ; OD0         ; 11.134 ; 11.134 ; 11.134 ; 11.134 ;
; Num[2]     ; OE0         ; 11.204 ; 11.204 ; 11.204 ; 11.204 ;
; Num[2]     ; OF0         ; 11.143 ; 11.143 ; 11.143 ; 11.143 ;
; Num[2]     ; OG0         ; 11.356 ; 11.356 ; 11.356 ; 11.356 ;
; Num[2]     ; TA1         ; 12.069 ; 12.069 ; 12.069 ; 12.069 ;
; Num[2]     ; TB1         ; 11.776 ; 11.776 ; 11.776 ; 11.776 ;
; Num[2]     ; TC1         ; 11.767 ; 11.767 ; 11.767 ; 11.767 ;
; Num[2]     ; TD1         ; 11.757 ; 11.757 ; 11.757 ; 11.757 ;
; Num[2]     ; TE1         ; 12.040 ; 12.040 ; 12.040 ; 12.040 ;
; Num[2]     ; TF1         ; 12.010 ; 12.010 ; 12.010 ; 12.010 ;
; Num[2]     ; TG1         ; 11.796 ; 11.796 ; 11.796 ; 11.796 ;
; Num[3]     ; HB2         ; 9.184  ; 9.184  ; 9.184  ; 9.184  ;
; Num[3]     ; HC2         ; 9.194  ; 9.194  ; 9.194  ; 9.194  ;
; Num[3]     ; OA0         ; 9.701  ; 9.701  ; 9.701  ; 9.701  ;
; Num[3]     ; OB0         ; 9.598  ; 9.598  ; 9.598  ; 9.598  ;
; Num[3]     ; OC0         ; 9.447  ; 9.447  ; 9.447  ; 9.447  ;
; Num[3]     ; OD0         ; 9.443  ; 9.443  ; 9.443  ; 9.443  ;
; Num[3]     ; OE0         ; 9.429  ; 9.429  ; 9.429  ; 9.429  ;
; Num[3]     ; OF0         ; 9.455  ; 9.455  ; 9.455  ; 9.455  ;
; Num[3]     ; OG0         ; 9.670  ; 9.670  ; 9.670  ; 9.670  ;
; Num[3]     ; TA1         ; 9.216  ; 9.216  ; 9.216  ; 9.216  ;
; Num[3]     ; TB1         ; 8.927  ; 8.927  ; 8.927  ; 8.927  ;
; Num[3]     ; TC1         ; 9.362  ; 9.362  ; 9.362  ; 9.362  ;
; Num[3]     ; TD1         ; 9.349  ; 9.349  ; 9.349  ; 9.349  ;
; Num[3]     ; TE1         ; 9.632  ; 9.632  ; 9.632  ; 9.632  ;
; Num[3]     ; TF1         ; 9.602  ; 9.602  ; 9.602  ; 9.602  ;
; Num[3]     ; TG1         ; 9.388  ; 9.388  ; 9.388  ; 9.388  ;
; Num[4]     ; HB2         ; 12.426 ; 12.426 ; 12.426 ; 12.426 ;
; Num[4]     ; HC2         ; 12.436 ; 12.436 ; 12.436 ; 12.436 ;
; Num[4]     ; OA0         ; 13.162 ; 13.162 ; 13.162 ; 13.162 ;
; Num[4]     ; OB0         ; 13.089 ; 13.089 ; 13.089 ; 13.089 ;
; Num[4]     ; OC0         ; 12.908 ; 12.908 ; 12.908 ; 12.908 ;
; Num[4]     ; OD0         ; 12.904 ; 12.904 ; 12.904 ; 12.904 ;
; Num[4]     ; OE0         ; 12.890 ; 12.890 ; 12.890 ; 12.890 ;
; Num[4]     ; OF0         ; 12.916 ; 12.916 ; 12.916 ; 12.916 ;
; Num[4]     ; OG0         ; 13.131 ; 13.131 ; 13.131 ; 13.131 ;
; Num[4]     ; TA1         ; 12.676 ; 12.676 ; 12.676 ; 12.676 ;
; Num[4]     ; TB1         ; 12.387 ; 12.387 ; 12.387 ; 12.387 ;
; Num[4]     ; TC1         ; 12.597 ; 12.597 ; 12.597 ; 12.597 ;
; Num[4]     ; TD1         ; 12.599 ; 12.599 ; 12.599 ; 12.599 ;
; Num[4]     ; TE1         ; 12.882 ; 12.882 ; 12.882 ; 12.882 ;
; Num[4]     ; TF1         ; 12.852 ; 12.852 ; 12.852 ; 12.852 ;
; Num[4]     ; TG1         ; 12.638 ; 12.638 ; 12.638 ; 12.638 ;
; Num[5]     ; HB2         ; 12.153 ; 12.153 ; 12.153 ; 12.153 ;
; Num[5]     ; HC2         ; 12.163 ; 12.163 ; 12.163 ; 12.163 ;
; Num[5]     ; OA0         ; 12.877 ; 12.877 ; 12.877 ; 12.877 ;
; Num[5]     ; OB0         ; 12.804 ; 12.804 ; 12.804 ; 12.804 ;
; Num[5]     ; OC0         ; 12.623 ; 12.623 ; 12.623 ; 12.623 ;
; Num[5]     ; OD0         ; 12.619 ; 12.619 ; 12.619 ; 12.619 ;
; Num[5]     ; OE0         ; 12.605 ; 12.605 ; 12.605 ; 12.605 ;
; Num[5]     ; OF0         ; 12.631 ; 12.631 ; 12.631 ; 12.631 ;
; Num[5]     ; OG0         ; 12.846 ; 12.846 ; 12.846 ; 12.846 ;
; Num[5]     ; TA1         ; 12.391 ; 12.391 ; 12.391 ; 12.391 ;
; Num[5]     ; TB1         ; 12.102 ; 12.102 ; 12.102 ; 12.102 ;
; Num[5]     ; TC1         ; 12.324 ; 12.324 ; 12.324 ; 12.324 ;
; Num[5]     ; TD1         ; 12.326 ; 12.326 ; 12.326 ; 12.326 ;
; Num[5]     ; TE1         ; 12.609 ; 12.609 ; 12.609 ; 12.609 ;
; Num[5]     ; TF1         ; 12.579 ; 12.579 ; 12.579 ; 12.579 ;
; Num[5]     ; TG1         ; 12.365 ; 12.365 ; 12.365 ; 12.365 ;
; Num[6]     ; HB2         ; 12.377 ; 12.377 ; 12.377 ; 12.377 ;
; Num[6]     ; HC2         ; 12.387 ; 12.387 ; 12.387 ; 12.387 ;
; Num[6]     ; OA0         ; 13.104 ; 13.104 ; 13.104 ; 13.104 ;
; Num[6]     ; OB0         ; 13.031 ; 13.031 ; 13.031 ; 13.031 ;
; Num[6]     ; OC0         ; 12.850 ; 12.850 ; 12.850 ; 12.850 ;
; Num[6]     ; OD0         ; 12.846 ; 12.846 ; 12.846 ; 12.846 ;
; Num[6]     ; OE0         ; 12.832 ; 12.832 ; 12.832 ; 12.832 ;
; Num[6]     ; OF0         ; 12.858 ; 12.858 ; 12.858 ; 12.858 ;
; Num[6]     ; OG0         ; 13.073 ; 13.073 ; 13.073 ; 13.073 ;
; Num[6]     ; TA1         ; 12.618 ; 12.618 ; 12.618 ; 12.618 ;
; Num[6]     ; TB1         ; 12.329 ; 12.329 ; 12.329 ; 12.329 ;
; Num[6]     ; TC1         ; 12.548 ; 12.548 ; 12.548 ; 12.548 ;
; Num[6]     ; TD1         ; 12.550 ; 12.550 ; 12.550 ; 12.550 ;
; Num[6]     ; TE1         ; 12.833 ; 12.833 ; 12.833 ; 12.833 ;
; Num[6]     ; TF1         ; 12.803 ; 12.803 ; 12.803 ; 12.803 ;
; Num[6]     ; TG1         ; 12.589 ; 12.589 ; 12.589 ; 12.589 ;
; Num[7]     ; HB2         ; 8.463  ; 8.463  ; 8.463  ; 8.463  ;
; Num[7]     ; HC2         ; 8.473  ; 8.473  ; 8.473  ; 8.473  ;
; Num[7]     ; OA0         ; 8.023  ; 8.023  ; 8.023  ; 8.023  ;
; Num[7]     ; OB0         ; 8.036  ; 8.036  ; 8.036  ; 8.036  ;
; Num[7]     ; OC0         ; 7.770  ; 7.770  ; 7.770  ; 7.770  ;
; Num[7]     ; OD0         ; 7.765  ; 7.765  ; 7.765  ; 7.765  ;
; Num[7]     ; OE0         ; 7.752  ; 7.752  ; 7.752  ; 7.752  ;
; Num[7]     ; OF0         ; 7.777  ; 7.777  ; 7.777  ; 7.777  ;
; Num[7]     ; OG0         ; 7.992  ; 7.992  ; 7.992  ; 7.992  ;
; Num[7]     ; SIGN        ; 5.074  ;        ;        ; 5.074  ;
; Num[7]     ; TA1         ; 8.834  ; 8.834  ; 8.834  ; 8.834  ;
; Num[7]     ; TB1         ; 8.555  ; 8.555  ; 8.555  ; 8.555  ;
; Num[7]     ; TC1         ; 8.537  ; 8.537  ; 8.537  ; 8.537  ;
; Num[7]     ; TD1         ; 8.388  ; 8.388  ; 8.388  ; 8.388  ;
; Num[7]     ; TE1         ; 8.667  ; 8.667  ; 8.667  ; 8.667  ;
; Num[7]     ; TF1         ; 8.643  ; 8.643  ; 8.643  ; 8.643  ;
; Num[7]     ; TG1         ; 8.427  ; 8.427  ; 8.427  ; 8.427  ;
+------------+-------------+--------+--------+--------+--------+


----------------------------
; Fast Model Setup Summary ;
----------------------------
No paths to report.


---------------------------
; Fast Model Hold Summary ;
---------------------------
No paths to report.


-------------------------------
; Fast Model Recovery Summary ;
-------------------------------
No paths to report.


------------------------------
; Fast Model Removal Summary ;
------------------------------
No paths to report.


------------------------------------------
; Fast Model Minimum Pulse Width Summary ;
------------------------------------------
No paths to report.


+----------------------------------------------------------+
; Propagation Delay                                        ;
+------------+-------------+-------+-------+-------+-------+
; Input Port ; Output Port ; RR    ; RF    ; FR    ; FF    ;
+------------+-------------+-------+-------+-------+-------+
; Num[0]     ; HB2         ; 7.757 ; 7.757 ; 7.757 ; 7.757 ;
; Num[0]     ; HC2         ; 7.767 ; 7.767 ; 7.767 ; 7.767 ;
; Num[0]     ; OA0         ; 8.104 ; 8.104 ; 8.104 ; 8.104 ;
; Num[0]     ; OB0         ; 8.072 ; 8.072 ; 8.072 ; 8.072 ;
; Num[0]     ; OC0         ; 7.702 ; 7.702 ; 7.702 ; 7.702 ;
; Num[0]     ; OD0         ; 7.979 ; 7.979 ; 7.979 ; 7.979 ;
; Num[0]     ; OE0         ; 7.696 ; 7.696 ; 7.696 ; 7.696 ;
; Num[0]     ; OF0         ; 7.988 ; 7.988 ; 7.988 ; 7.988 ;
; Num[0]     ; OG0         ; 8.080 ; 8.080 ; 8.080 ; 8.080 ;
; Num[0]     ; TA1         ; 8.130 ; 8.130 ; 8.130 ; 8.130 ;
; Num[0]     ; TB1         ; 7.997 ; 7.997 ; 7.997 ; 7.997 ;
; Num[0]     ; TC1         ; 7.981 ; 7.981 ; 7.981 ; 7.981 ;
; Num[0]     ; TD1         ; 7.921 ; 7.921 ; 7.921 ; 7.921 ;
; Num[0]     ; TE1         ; 8.070 ; 8.070 ; 8.070 ; 8.070 ;
; Num[0]     ; TF1         ; 8.016 ; 8.016 ; 8.016 ; 8.016 ;
; Num[0]     ; TG1         ; 7.947 ; 7.947 ; 7.947 ; 7.947 ;
; Num[1]     ; HB2         ; 7.737 ; 7.737 ; 7.737 ; 7.737 ;
; Num[1]     ; HC2         ; 7.747 ; 7.747 ; 7.747 ; 7.747 ;
; Num[1]     ; OA0         ; 8.084 ; 8.084 ; 8.084 ; 8.084 ;
; Num[1]     ; OB0         ; 8.052 ; 8.052 ; 8.052 ; 8.052 ;
; Num[1]     ; OC0         ; 7.682 ; 7.682 ; 7.682 ; 7.682 ;
; Num[1]     ; OD0         ; 7.959 ; 7.959 ; 7.959 ; 7.959 ;
; Num[1]     ; OE0         ; 7.676 ; 7.676 ; 7.676 ; 7.676 ;
; Num[1]     ; OF0         ; 7.968 ; 7.968 ; 7.968 ; 7.968 ;
; Num[1]     ; OG0         ; 8.060 ; 8.060 ; 8.060 ; 8.060 ;
; Num[1]     ; TA1         ; 8.110 ; 8.110 ; 8.110 ; 8.110 ;
; Num[1]     ; TB1         ; 7.977 ; 7.977 ; 7.977 ; 7.977 ;
; Num[1]     ; TC1         ; 7.961 ; 7.961 ; 7.961 ; 7.961 ;
; Num[1]     ; TD1         ; 7.901 ; 7.901 ; 7.901 ; 7.901 ;
; Num[1]     ; TE1         ; 8.050 ; 8.050 ; 8.050 ; 8.050 ;
; Num[1]     ; TF1         ; 7.996 ; 7.996 ; 7.996 ; 7.996 ;
; Num[1]     ; TG1         ; 7.927 ; 7.927 ; 7.927 ; 7.927 ;
; Num[2]     ; HB2         ; 7.632 ; 7.632 ; 7.632 ; 7.632 ;
; Num[2]     ; HC2         ; 7.642 ; 7.642 ; 7.642 ; 7.642 ;
; Num[2]     ; OA0         ; 7.979 ; 7.979 ; 7.979 ; 7.979 ;
; Num[2]     ; OB0         ; 7.947 ; 7.947 ; 7.947 ; 7.947 ;
; Num[2]     ; OC0         ; 7.577 ; 7.577 ; 7.577 ; 7.577 ;
; Num[2]     ; OD0         ; 7.854 ; 7.854 ; 7.854 ; 7.854 ;
; Num[2]     ; OE0         ; 7.571 ; 7.571 ; 7.571 ; 7.571 ;
; Num[2]     ; OF0         ; 7.863 ; 7.863 ; 7.863 ; 7.863 ;
; Num[2]     ; OG0         ; 7.955 ; 7.955 ; 7.955 ; 7.955 ;
; Num[2]     ; TA1         ; 8.005 ; 8.005 ; 8.005 ; 8.005 ;
; Num[2]     ; TB1         ; 7.872 ; 7.872 ; 7.872 ; 7.872 ;
; Num[2]     ; TC1         ; 7.856 ; 7.856 ; 7.856 ; 7.856 ;
; Num[2]     ; TD1         ; 7.796 ; 7.796 ; 7.796 ; 7.796 ;
; Num[2]     ; TE1         ; 7.945 ; 7.945 ; 7.945 ; 7.945 ;
; Num[2]     ; TF1         ; 7.891 ; 7.891 ; 7.891 ; 7.891 ;
; Num[2]     ; TG1         ; 7.822 ; 7.822 ; 7.822 ; 7.822 ;
; Num[3]     ; HB2         ; 5.300 ; 5.300 ; 5.300 ; 5.300 ;
; Num[3]     ; HC2         ; 5.310 ; 5.310 ; 5.310 ; 5.310 ;
; Num[3]     ; OA0         ; 5.647 ; 5.647 ; 5.647 ; 5.647 ;
; Num[3]     ; OB0         ; 5.615 ; 5.615 ; 5.615 ; 5.615 ;
; Num[3]     ; OC0         ; 5.245 ; 5.245 ; 5.245 ; 5.245 ;
; Num[3]     ; OD0         ; 5.522 ; 5.522 ; 5.522 ; 5.522 ;
; Num[3]     ; OE0         ; 5.239 ; 5.239 ; 5.239 ; 5.239 ;
; Num[3]     ; OF0         ; 5.531 ; 5.531 ; 5.531 ; 5.531 ;
; Num[3]     ; OG0         ; 5.623 ; 5.623 ; 5.623 ; 5.623 ;
; Num[3]     ; TA1         ; 5.673 ; 5.673 ; 5.673 ; 5.673 ;
; Num[3]     ; TB1         ; 5.540 ; 5.540 ; 5.540 ; 5.540 ;
; Num[3]     ; TC1         ; 5.524 ; 5.524 ; 5.524 ; 5.524 ;
; Num[3]     ; TD1         ; 5.464 ; 5.464 ; 5.464 ; 5.464 ;
; Num[3]     ; TE1         ; 5.613 ; 5.613 ; 5.613 ; 5.613 ;
; Num[3]     ; TF1         ; 5.559 ; 5.559 ; 5.559 ; 5.559 ;
; Num[3]     ; TG1         ; 5.490 ; 5.490 ; 5.490 ; 5.490 ;
; Num[4]     ; HB2         ; 7.250 ; 7.250 ; 7.250 ; 7.250 ;
; Num[4]     ; HC2         ; 7.260 ; 7.260 ; 7.260 ; 7.260 ;
; Num[4]     ; OA0         ; 7.597 ; 7.597 ; 7.597 ; 7.597 ;
; Num[4]     ; OB0         ; 7.565 ; 7.565 ; 7.565 ; 7.565 ;
; Num[4]     ; OC0         ; 7.195 ; 7.195 ; 7.195 ; 7.195 ;
; Num[4]     ; OD0         ; 7.472 ; 7.472 ; 7.472 ; 7.472 ;
; Num[4]     ; OE0         ; 7.189 ; 7.189 ; 7.189 ; 7.189 ;
; Num[4]     ; OF0         ; 7.481 ; 7.481 ; 7.481 ; 7.481 ;
; Num[4]     ; OG0         ; 7.573 ; 7.573 ; 7.573 ; 7.573 ;
; Num[4]     ; TA1         ; 7.623 ; 7.623 ; 7.623 ; 7.623 ;
; Num[4]     ; TB1         ; 7.490 ; 7.490 ; 7.490 ; 7.490 ;
; Num[4]     ; TC1         ; 7.474 ; 7.474 ; 7.474 ; 7.474 ;
; Num[4]     ; TD1         ; 7.414 ; 7.414 ; 7.414 ; 7.414 ;
; Num[4]     ; TE1         ; 7.563 ; 7.563 ; 7.563 ; 7.563 ;
; Num[4]     ; TF1         ; 7.509 ; 7.509 ; 7.509 ; 7.509 ;
; Num[4]     ; TG1         ; 7.440 ; 7.440 ; 7.440 ; 7.440 ;
; Num[5]     ; HB2         ; 7.138 ; 7.138 ; 7.138 ; 7.138 ;
; Num[5]     ; HC2         ; 7.148 ; 7.148 ; 7.148 ; 7.148 ;
; Num[5]     ; OA0         ; 7.485 ; 7.485 ; 7.485 ; 7.485 ;
; Num[5]     ; OB0         ; 7.453 ; 7.453 ; 7.453 ; 7.453 ;
; Num[5]     ; OC0         ; 7.083 ; 7.083 ; 7.083 ; 7.083 ;
; Num[5]     ; OD0         ; 7.360 ; 7.360 ; 7.360 ; 7.360 ;
; Num[5]     ; OE0         ; 7.077 ; 7.077 ; 7.077 ; 7.077 ;
; Num[5]     ; OF0         ; 7.369 ; 7.369 ; 7.369 ; 7.369 ;
; Num[5]     ; OG0         ; 7.461 ; 7.461 ; 7.461 ; 7.461 ;
; Num[5]     ; TA1         ; 7.511 ; 7.511 ; 7.511 ; 7.511 ;
; Num[5]     ; TB1         ; 7.378 ; 7.378 ; 7.378 ; 7.378 ;
; Num[5]     ; TC1         ; 7.362 ; 7.362 ; 7.362 ; 7.362 ;
; Num[5]     ; TD1         ; 7.302 ; 7.302 ; 7.302 ; 7.302 ;
; Num[5]     ; TE1         ; 7.451 ; 7.451 ; 7.451 ; 7.451 ;
; Num[5]     ; TF1         ; 7.397 ; 7.397 ; 7.397 ; 7.397 ;
; Num[5]     ; TG1         ; 7.328 ; 7.328 ; 7.328 ; 7.328 ;
; Num[6]     ; HB2         ; 7.224 ; 7.224 ; 7.224 ; 7.224 ;
; Num[6]     ; HC2         ; 7.234 ; 7.234 ; 7.234 ; 7.234 ;
; Num[6]     ; OA0         ; 7.571 ; 7.571 ; 7.571 ; 7.571 ;
; Num[6]     ; OB0         ; 7.539 ; 7.539 ; 7.539 ; 7.539 ;
; Num[6]     ; OC0         ; 7.169 ; 7.169 ; 7.169 ; 7.169 ;
; Num[6]     ; OD0         ; 7.446 ; 7.446 ; 7.446 ; 7.446 ;
; Num[6]     ; OE0         ; 7.163 ; 7.163 ; 7.163 ; 7.163 ;
; Num[6]     ; OF0         ; 7.455 ; 7.455 ; 7.455 ; 7.455 ;
; Num[6]     ; OG0         ; 7.547 ; 7.547 ; 7.547 ; 7.547 ;
; Num[6]     ; TA1         ; 7.597 ; 7.597 ; 7.597 ; 7.597 ;
; Num[6]     ; TB1         ; 7.464 ; 7.464 ; 7.464 ; 7.464 ;
; Num[6]     ; TC1         ; 7.448 ; 7.448 ; 7.448 ; 7.448 ;
; Num[6]     ; TD1         ; 7.388 ; 7.388 ; 7.388 ; 7.388 ;
; Num[6]     ; TE1         ; 7.537 ; 7.537 ; 7.537 ; 7.537 ;
; Num[6]     ; TF1         ; 7.483 ; 7.483 ; 7.483 ; 7.483 ;
; Num[6]     ; TG1         ; 7.414 ; 7.414 ; 7.414 ; 7.414 ;
; Num[7]     ; HB2         ; 5.597 ; 5.597 ; 5.597 ; 5.597 ;
; Num[7]     ; HC2         ; 5.607 ; 5.607 ; 5.607 ; 5.607 ;
; Num[7]     ; OA0         ; 5.944 ; 5.944 ; 5.944 ; 5.944 ;
; Num[7]     ; OB0         ; 5.912 ; 5.912 ; 5.912 ; 5.912 ;
; Num[7]     ; OC0         ; 5.542 ; 5.542 ; 5.542 ; 5.542 ;
; Num[7]     ; OD0         ; 5.819 ; 5.819 ; 5.819 ; 5.819 ;
; Num[7]     ; OE0         ; 5.536 ; 5.536 ; 5.536 ; 5.536 ;
; Num[7]     ; OF0         ; 5.828 ; 5.828 ; 5.828 ; 5.828 ;
; Num[7]     ; OG0         ; 5.920 ; 5.920 ; 5.920 ; 5.920 ;
; Num[7]     ; SIGN        ; 2.733 ;       ;       ; 2.733 ;
; Num[7]     ; TA1         ; 5.970 ; 5.970 ; 5.970 ; 5.970 ;
; Num[7]     ; TB1         ; 5.837 ; 5.837 ; 5.837 ; 5.837 ;
; Num[7]     ; TC1         ; 5.821 ; 5.821 ; 5.821 ; 5.821 ;
; Num[7]     ; TD1         ; 5.761 ; 5.761 ; 5.761 ; 5.761 ;
; Num[7]     ; TE1         ; 5.910 ; 5.910 ; 5.910 ; 5.910 ;
; Num[7]     ; TF1         ; 5.856 ; 5.856 ; 5.856 ; 5.856 ;
; Num[7]     ; TG1         ; 5.787 ; 5.787 ; 5.787 ; 5.787 ;
+------------+-------------+-------+-------+-------+-------+


+----------------------------------------------------------+
; Minimum Propagation Delay                                ;
+------------+-------------+-------+-------+-------+-------+
; Input Port ; Output Port ; RR    ; RF    ; FR    ; FF    ;
+------------+-------------+-------+-------+-------+-------+
; Num[0]     ; HB2         ; 6.415 ; 6.415 ; 6.415 ; 6.415 ;
; Num[0]     ; HC2         ; 6.425 ; 6.425 ; 6.425 ; 6.425 ;
; Num[0]     ; OA0         ; 5.358 ; 5.358 ; 5.358 ; 5.358 ;
; Num[0]     ; OB0         ; 5.499 ; 5.499 ; 5.499 ; 5.499 ;
; Num[0]     ; OC0         ; 5.949 ; 5.248 ; 5.248 ; 5.949 ;
; Num[0]     ; OD0         ; 5.238 ; 5.238 ; 5.238 ; 5.238 ;
; Num[0]     ; OE0         ; 5.244 ; 5.940 ; 5.940 ; 5.244 ;
; Num[0]     ; OF0         ; 5.253 ; 5.952 ; 5.952 ; 5.253 ;
; Num[0]     ; OG0         ; 5.347 ; 6.048 ; 6.048 ; 5.347 ;
; Num[0]     ; TA1         ; 6.377 ; 6.377 ; 6.377 ; 6.377 ;
; Num[0]     ; TB1         ; 6.244 ; 6.244 ; 6.244 ; 6.244 ;
; Num[0]     ; TC1         ; 6.228 ; 6.228 ; 6.228 ; 6.228 ;
; Num[0]     ; TD1         ; 6.168 ; 6.168 ; 6.168 ; 6.168 ;
; Num[0]     ; TE1         ; 6.317 ; 6.317 ; 6.317 ; 6.317 ;
; Num[0]     ; TF1         ; 6.263 ; 6.263 ; 6.263 ; 6.263 ;
; Num[0]     ; TG1         ; 6.194 ; 6.194 ; 6.194 ; 6.194 ;
; Num[1]     ; HB2         ; 6.393 ; 6.393 ; 6.393 ; 6.393 ;
; Num[1]     ; HC2         ; 6.403 ; 6.403 ; 6.403 ; 6.403 ;
; Num[1]     ; OA0         ; 6.164 ; 6.164 ; 6.164 ; 6.164 ;
; Num[1]     ; OB0         ; 6.160 ; 6.160 ; 6.160 ; 6.160 ;
; Num[1]     ; OC0         ; 6.051 ; 6.051 ; 6.051 ; 6.051 ;
; Num[1]     ; OD0         ; 6.041 ; 6.041 ; 6.041 ; 6.041 ;
; Num[1]     ; OE0         ; 6.042 ; 6.042 ; 6.042 ; 6.042 ;
; Num[1]     ; OF0         ; 6.054 ; 6.054 ; 6.054 ; 6.054 ;
; Num[1]     ; OG0         ; 6.150 ; 6.150 ; 6.150 ; 6.150 ;
; Num[1]     ; TA1         ; 6.479 ; 6.479 ; 6.479 ; 6.479 ;
; Num[1]     ; TB1         ; 6.346 ; 6.346 ; 6.346 ; 6.346 ;
; Num[1]     ; TC1         ; 6.330 ; 6.330 ; 6.330 ; 6.330 ;
; Num[1]     ; TD1         ; 6.270 ; 6.270 ; 6.270 ; 6.270 ;
; Num[1]     ; TE1         ; 6.419 ; 6.419 ; 6.419 ; 6.419 ;
; Num[1]     ; TF1         ; 6.365 ; 6.365 ; 6.365 ; 6.365 ;
; Num[1]     ; TG1         ; 6.296 ; 6.296 ; 6.296 ; 6.296 ;
; Num[2]     ; HB2         ; 6.289 ; 6.289 ; 6.289 ; 6.289 ;
; Num[2]     ; HC2         ; 6.299 ; 6.299 ; 6.299 ; 6.299 ;
; Num[2]     ; OA0         ; 6.170 ; 6.170 ; 6.170 ; 6.170 ;
; Num[2]     ; OB0         ; 6.097 ; 6.097 ; 6.097 ; 6.097 ;
; Num[2]     ; OC0         ; 6.094 ; 6.094 ; 6.094 ; 6.094 ;
; Num[2]     ; OD0         ; 6.045 ; 6.045 ; 6.045 ; 6.045 ;
; Num[2]     ; OE0         ; 6.082 ; 6.082 ; 6.082 ; 6.082 ;
; Num[2]     ; OF0         ; 6.054 ; 6.054 ; 6.054 ; 6.054 ;
; Num[2]     ; OG0         ; 6.146 ; 6.146 ; 6.146 ; 6.146 ;
; Num[2]     ; TA1         ; 6.435 ; 6.435 ; 6.435 ; 6.435 ;
; Num[2]     ; TB1         ; 6.295 ; 6.295 ; 6.295 ; 6.295 ;
; Num[2]     ; TC1         ; 6.327 ; 6.327 ; 6.327 ; 6.327 ;
; Num[2]     ; TD1         ; 6.284 ; 6.284 ; 6.284 ; 6.284 ;
; Num[2]     ; TE1         ; 6.411 ; 6.411 ; 6.411 ; 6.411 ;
; Num[2]     ; TF1         ; 6.380 ; 6.380 ; 6.380 ; 6.380 ;
; Num[2]     ; TG1         ; 6.310 ; 6.310 ; 6.310 ; 6.310 ;
; Num[3]     ; HB2         ; 4.612 ; 4.612 ; 4.612 ; 4.612 ;
; Num[3]     ; HC2         ; 4.622 ; 4.622 ; 4.622 ; 4.622 ;
; Num[3]     ; OA0         ; 4.780 ; 4.780 ; 4.780 ; 4.780 ;
; Num[3]     ; OB0         ; 4.722 ; 4.722 ; 4.722 ; 4.722 ;
; Num[3]     ; OC0         ; 4.667 ; 4.667 ; 4.667 ; 4.667 ;
; Num[3]     ; OD0         ; 4.657 ; 4.657 ; 4.657 ; 4.657 ;
; Num[3]     ; OE0         ; 4.655 ; 4.655 ; 4.655 ; 4.655 ;
; Num[3]     ; OF0         ; 4.670 ; 4.670 ; 4.670 ; 4.670 ;
; Num[3]     ; OG0         ; 4.766 ; 4.766 ; 4.766 ; 4.766 ;
; Num[3]     ; TA1         ; 4.564 ; 4.564 ; 4.564 ; 4.564 ;
; Num[3]     ; TB1         ; 4.424 ; 4.424 ; 4.424 ; 4.424 ;
; Num[3]     ; TC1         ; 4.630 ; 4.630 ; 4.630 ; 4.630 ;
; Num[3]     ; TD1         ; 4.604 ; 4.604 ; 4.604 ; 4.604 ;
; Num[3]     ; TE1         ; 4.731 ; 4.731 ; 4.731 ; 4.731 ;
; Num[3]     ; TF1         ; 4.700 ; 4.700 ; 4.700 ; 4.700 ;
; Num[3]     ; TG1         ; 4.630 ; 4.630 ; 4.630 ; 4.630 ;
; Num[4]     ; HB2         ; 6.621 ; 6.621 ; 6.621 ; 6.621 ;
; Num[4]     ; HC2         ; 6.631 ; 6.631 ; 6.631 ; 6.631 ;
; Num[4]     ; OA0         ; 6.921 ; 6.921 ; 6.921 ; 6.921 ;
; Num[4]     ; OB0         ; 6.859 ; 6.859 ; 6.859 ; 6.859 ;
; Num[4]     ; OC0         ; 6.808 ; 6.808 ; 6.808 ; 6.808 ;
; Num[4]     ; OD0         ; 6.798 ; 6.798 ; 6.798 ; 6.798 ;
; Num[4]     ; OE0         ; 6.796 ; 6.796 ; 6.796 ; 6.796 ;
; Num[4]     ; OF0         ; 6.811 ; 6.811 ; 6.811 ; 6.811 ;
; Num[4]     ; OG0         ; 6.907 ; 6.907 ; 6.907 ; 6.907 ;
; Num[4]     ; TA1         ; 6.692 ; 6.692 ; 6.692 ; 6.692 ;
; Num[4]     ; TB1         ; 6.552 ; 6.552 ; 6.552 ; 6.552 ;
; Num[4]     ; TC1         ; 6.636 ; 6.636 ; 6.636 ; 6.636 ;
; Num[4]     ; TD1         ; 6.625 ; 6.625 ; 6.625 ; 6.625 ;
; Num[4]     ; TE1         ; 6.752 ; 6.752 ; 6.752 ; 6.752 ;
; Num[4]     ; TF1         ; 6.721 ; 6.721 ; 6.721 ; 6.721 ;
; Num[4]     ; TG1         ; 6.651 ; 6.651 ; 6.651 ; 6.651 ;
; Num[5]     ; HB2         ; 6.513 ; 6.513 ; 6.513 ; 6.513 ;
; Num[5]     ; HC2         ; 6.523 ; 6.523 ; 6.523 ; 6.523 ;
; Num[5]     ; OA0         ; 6.803 ; 6.803 ; 6.803 ; 6.803 ;
; Num[5]     ; OB0         ; 6.741 ; 6.741 ; 6.741 ; 6.741 ;
; Num[5]     ; OC0         ; 6.690 ; 6.690 ; 6.690 ; 6.690 ;
; Num[5]     ; OD0         ; 6.680 ; 6.680 ; 6.680 ; 6.680 ;
; Num[5]     ; OE0         ; 6.678 ; 6.678 ; 6.678 ; 6.678 ;
; Num[5]     ; OF0         ; 6.693 ; 6.693 ; 6.693 ; 6.693 ;
; Num[5]     ; OG0         ; 6.789 ; 6.789 ; 6.789 ; 6.789 ;
; Num[5]     ; TA1         ; 6.574 ; 6.574 ; 6.574 ; 6.574 ;
; Num[5]     ; TB1         ; 6.434 ; 6.434 ; 6.434 ; 6.434 ;
; Num[5]     ; TC1         ; 6.528 ; 6.528 ; 6.528 ; 6.528 ;
; Num[5]     ; TD1         ; 6.517 ; 6.517 ; 6.517 ; 6.517 ;
; Num[5]     ; TE1         ; 6.644 ; 6.644 ; 6.644 ; 6.644 ;
; Num[5]     ; TF1         ; 6.613 ; 6.613 ; 6.613 ; 6.613 ;
; Num[5]     ; TG1         ; 6.543 ; 6.543 ; 6.543 ; 6.543 ;
; Num[6]     ; HB2         ; 6.599 ; 6.599 ; 6.599 ; 6.599 ;
; Num[6]     ; HC2         ; 6.609 ; 6.609 ; 6.609 ; 6.609 ;
; Num[6]     ; OA0         ; 6.895 ; 6.895 ; 6.895 ; 6.895 ;
; Num[6]     ; OB0         ; 6.833 ; 6.833 ; 6.833 ; 6.833 ;
; Num[6]     ; OC0         ; 6.782 ; 6.782 ; 6.782 ; 6.782 ;
; Num[6]     ; OD0         ; 6.772 ; 6.772 ; 6.772 ; 6.772 ;
; Num[6]     ; OE0         ; 6.770 ; 6.770 ; 6.770 ; 6.770 ;
; Num[6]     ; OF0         ; 6.785 ; 6.785 ; 6.785 ; 6.785 ;
; Num[6]     ; OG0         ; 6.881 ; 6.881 ; 6.881 ; 6.881 ;
; Num[6]     ; TA1         ; 6.666 ; 6.666 ; 6.666 ; 6.666 ;
; Num[6]     ; TB1         ; 6.526 ; 6.526 ; 6.526 ; 6.526 ;
; Num[6]     ; TC1         ; 6.614 ; 6.614 ; 6.614 ; 6.614 ;
; Num[6]     ; TD1         ; 6.603 ; 6.603 ; 6.603 ; 6.603 ;
; Num[6]     ; TE1         ; 6.730 ; 6.730 ; 6.730 ; 6.730 ;
; Num[6]     ; TF1         ; 6.699 ; 6.699 ; 6.699 ; 6.699 ;
; Num[6]     ; TG1         ; 6.629 ; 6.629 ; 6.629 ; 6.629 ;
; Num[7]     ; HB2         ; 4.260 ; 4.260 ; 4.260 ; 4.260 ;
; Num[7]     ; HC2         ; 4.270 ; 4.270 ; 4.270 ; 4.270 ;
; Num[7]     ; OA0         ; 4.022 ; 4.022 ; 4.022 ; 4.022 ;
; Num[7]     ; OB0         ; 4.018 ; 4.018 ; 4.018 ; 4.018 ;
; Num[7]     ; OC0         ; 3.909 ; 3.909 ; 3.909 ; 3.909 ;
; Num[7]     ; OD0         ; 3.899 ; 3.899 ; 3.899 ; 3.899 ;
; Num[7]     ; OE0         ; 3.900 ; 3.900 ; 3.900 ; 3.900 ;
; Num[7]     ; OF0         ; 3.912 ; 3.912 ; 3.912 ; 3.912 ;
; Num[7]     ; OG0         ; 4.008 ; 4.008 ; 4.008 ; 4.008 ;
; Num[7]     ; SIGN        ; 2.733 ;       ;       ; 2.733 ;
; Num[7]     ; TA1         ; 4.337 ; 4.337 ; 4.337 ; 4.337 ;
; Num[7]     ; TB1         ; 4.204 ; 4.204 ; 4.204 ; 4.204 ;
; Num[7]     ; TC1         ; 4.188 ; 4.188 ; 4.188 ; 4.188 ;
; Num[7]     ; TD1         ; 4.128 ; 4.128 ; 4.128 ; 4.128 ;
; Num[7]     ; TE1         ; 4.277 ; 4.277 ; 4.277 ; 4.277 ;
; Num[7]     ; TF1         ; 4.223 ; 4.223 ; 4.223 ; 4.223 ;
; Num[7]     ; TG1         ; 4.154 ; 4.154 ; 4.154 ; 4.154 ;
+------------+-------------+-------+-------+-------+-------+


+----------------------------------------------------------------------------+
; Multicorner Timing Analysis Summary                                        ;
+------------------+-------+------+----------+---------+---------------------+
; Clock            ; Setup ; Hold ; Recovery ; Removal ; Minimum Pulse Width ;
+------------------+-------+------+----------+---------+---------------------+
; Worst-case Slack ; N/A   ; N/A  ; N/A      ; N/A     ; N/A                 ;
; Design-wide TNS  ; 0.0   ; 0.0  ; 0.0      ; 0.0     ; 0.0                 ;
+------------------+-------+------+----------+---------+---------------------+


+--------------------------------------------------------------+
; Progagation Delay                                            ;
+------------+-------------+--------+--------+--------+--------+
; Input Port ; Output Port ; RR     ; RF     ; FR     ; FF     ;
+------------+-------------+--------+--------+--------+--------+
; Num[0]     ; HB2         ; 15.011 ; 15.011 ; 15.011 ; 15.011 ;
; Num[0]     ; HC2         ; 15.021 ; 15.021 ; 15.021 ; 15.021 ;
; Num[0]     ; OA0         ; 15.891 ; 15.891 ; 15.891 ; 15.891 ;
; Num[0]     ; OB0         ; 15.844 ; 15.844 ; 15.844 ; 15.844 ;
; Num[0]     ; OC0         ; 14.982 ; 14.982 ; 14.982 ; 14.982 ;
; Num[0]     ; OD0         ; 15.630 ; 15.630 ; 15.630 ; 15.630 ;
; Num[0]     ; OE0         ; 14.971 ; 14.971 ; 14.971 ; 14.971 ;
; Num[0]     ; OF0         ; 15.639 ; 15.639 ; 15.639 ; 15.639 ;
; Num[0]     ; OG0         ; 15.852 ; 15.852 ; 15.852 ; 15.852 ;
; Num[0]     ; TA1         ; 16.039 ; 16.039 ; 16.039 ; 16.039 ;
; Num[0]     ; TB1         ; 15.760 ; 15.760 ; 15.760 ; 15.760 ;
; Num[0]     ; TC1         ; 15.742 ; 15.742 ; 15.742 ; 15.742 ;
; Num[0]     ; TD1         ; 15.593 ; 15.593 ; 15.593 ; 15.593 ;
; Num[0]     ; TE1         ; 15.872 ; 15.872 ; 15.872 ; 15.872 ;
; Num[0]     ; TF1         ; 15.848 ; 15.848 ; 15.848 ; 15.848 ;
; Num[0]     ; TG1         ; 15.632 ; 15.632 ; 15.632 ; 15.632 ;
; Num[1]     ; HB2         ; 14.885 ; 14.885 ; 14.885 ; 14.885 ;
; Num[1]     ; HC2         ; 14.895 ; 14.895 ; 14.895 ; 14.895 ;
; Num[1]     ; OA0         ; 15.765 ; 15.765 ; 15.765 ; 15.765 ;
; Num[1]     ; OB0         ; 15.718 ; 15.718 ; 15.718 ; 15.718 ;
; Num[1]     ; OC0         ; 14.856 ; 14.856 ; 14.856 ; 14.856 ;
; Num[1]     ; OD0         ; 15.504 ; 15.504 ; 15.504 ; 15.504 ;
; Num[1]     ; OE0         ; 14.845 ; 14.845 ; 14.845 ; 14.845 ;
; Num[1]     ; OF0         ; 15.513 ; 15.513 ; 15.513 ; 15.513 ;
; Num[1]     ; OG0         ; 15.726 ; 15.726 ; 15.726 ; 15.726 ;
; Num[1]     ; TA1         ; 15.913 ; 15.913 ; 15.913 ; 15.913 ;
; Num[1]     ; TB1         ; 15.634 ; 15.634 ; 15.634 ; 15.634 ;
; Num[1]     ; TC1         ; 15.616 ; 15.616 ; 15.616 ; 15.616 ;
; Num[1]     ; TD1         ; 15.467 ; 15.467 ; 15.467 ; 15.467 ;
; Num[1]     ; TE1         ; 15.746 ; 15.746 ; 15.746 ; 15.746 ;
; Num[1]     ; TF1         ; 15.722 ; 15.722 ; 15.722 ; 15.722 ;
; Num[1]     ; TG1         ; 15.506 ; 15.506 ; 15.506 ; 15.506 ;
; Num[2]     ; HB2         ; 14.685 ; 14.685 ; 14.685 ; 14.685 ;
; Num[2]     ; HC2         ; 14.695 ; 14.695 ; 14.695 ; 14.695 ;
; Num[2]     ; OA0         ; 15.565 ; 15.565 ; 15.565 ; 15.565 ;
; Num[2]     ; OB0         ; 15.518 ; 15.518 ; 15.518 ; 15.518 ;
; Num[2]     ; OC0         ; 14.656 ; 14.656 ; 14.656 ; 14.656 ;
; Num[2]     ; OD0         ; 15.304 ; 15.304 ; 15.304 ; 15.304 ;
; Num[2]     ; OE0         ; 14.645 ; 14.645 ; 14.645 ; 14.645 ;
; Num[2]     ; OF0         ; 15.313 ; 15.313 ; 15.313 ; 15.313 ;
; Num[2]     ; OG0         ; 15.526 ; 15.526 ; 15.526 ; 15.526 ;
; Num[2]     ; TA1         ; 15.713 ; 15.713 ; 15.713 ; 15.713 ;
; Num[2]     ; TB1         ; 15.434 ; 15.434 ; 15.434 ; 15.434 ;
; Num[2]     ; TC1         ; 15.416 ; 15.416 ; 15.416 ; 15.416 ;
; Num[2]     ; TD1         ; 15.267 ; 15.267 ; 15.267 ; 15.267 ;
; Num[2]     ; TE1         ; 15.546 ; 15.546 ; 15.546 ; 15.546 ;
; Num[2]     ; TF1         ; 15.522 ; 15.522 ; 15.522 ; 15.522 ;
; Num[2]     ; TG1         ; 15.306 ; 15.306 ; 15.306 ; 15.306 ;
; Num[3]     ; HB2         ; 10.813 ; 10.813 ; 10.813 ; 10.813 ;
; Num[3]     ; HC2         ; 10.823 ; 10.823 ; 10.823 ; 10.823 ;
; Num[3]     ; OA0         ; 11.693 ; 11.693 ; 11.693 ; 11.693 ;
; Num[3]     ; OB0         ; 11.646 ; 11.646 ; 11.646 ; 11.646 ;
; Num[3]     ; OC0         ; 10.784 ; 10.784 ; 10.784 ; 10.784 ;
; Num[3]     ; OD0         ; 11.432 ; 11.432 ; 11.432 ; 11.432 ;
; Num[3]     ; OE0         ; 10.773 ; 10.773 ; 10.773 ; 10.773 ;
; Num[3]     ; OF0         ; 11.441 ; 11.441 ; 11.441 ; 11.441 ;
; Num[3]     ; OG0         ; 11.654 ; 11.654 ; 11.654 ; 11.654 ;
; Num[3]     ; TA1         ; 11.841 ; 11.841 ; 11.841 ; 11.841 ;
; Num[3]     ; TB1         ; 11.562 ; 11.562 ; 11.562 ; 11.562 ;
; Num[3]     ; TC1         ; 11.544 ; 11.544 ; 11.544 ; 11.544 ;
; Num[3]     ; TD1         ; 11.395 ; 11.395 ; 11.395 ; 11.395 ;
; Num[3]     ; TE1         ; 11.674 ; 11.674 ; 11.674 ; 11.674 ;
; Num[3]     ; TF1         ; 11.650 ; 11.650 ; 11.650 ; 11.650 ;
; Num[3]     ; TG1         ; 11.434 ; 11.434 ; 11.434 ; 11.434 ;
; Num[4]     ; HB2         ; 13.872 ; 13.872 ; 13.872 ; 13.872 ;
; Num[4]     ; HC2         ; 13.882 ; 13.882 ; 13.882 ; 13.882 ;
; Num[4]     ; OA0         ; 14.752 ; 14.752 ; 14.752 ; 14.752 ;
; Num[4]     ; OB0         ; 14.705 ; 14.705 ; 14.705 ; 14.705 ;
; Num[4]     ; OC0         ; 13.843 ; 13.843 ; 13.843 ; 13.843 ;
; Num[4]     ; OD0         ; 14.491 ; 14.491 ; 14.491 ; 14.491 ;
; Num[4]     ; OE0         ; 13.832 ; 13.832 ; 13.832 ; 13.832 ;
; Num[4]     ; OF0         ; 14.500 ; 14.500 ; 14.500 ; 14.500 ;
; Num[4]     ; OG0         ; 14.713 ; 14.713 ; 14.713 ; 14.713 ;
; Num[4]     ; TA1         ; 14.900 ; 14.900 ; 14.900 ; 14.900 ;
; Num[4]     ; TB1         ; 14.621 ; 14.621 ; 14.621 ; 14.621 ;
; Num[4]     ; TC1         ; 14.603 ; 14.603 ; 14.603 ; 14.603 ;
; Num[4]     ; TD1         ; 14.454 ; 14.454 ; 14.454 ; 14.454 ;
; Num[4]     ; TE1         ; 14.733 ; 14.733 ; 14.733 ; 14.733 ;
; Num[4]     ; TF1         ; 14.709 ; 14.709 ; 14.709 ; 14.709 ;
; Num[4]     ; TG1         ; 14.493 ; 14.493 ; 14.493 ; 14.493 ;
; Num[5]     ; HB2         ; 13.596 ; 13.596 ; 13.596 ; 13.596 ;
; Num[5]     ; HC2         ; 13.606 ; 13.606 ; 13.606 ; 13.606 ;
; Num[5]     ; OA0         ; 14.476 ; 14.476 ; 14.476 ; 14.476 ;
; Num[5]     ; OB0         ; 14.429 ; 14.429 ; 14.429 ; 14.429 ;
; Num[5]     ; OC0         ; 13.567 ; 13.567 ; 13.567 ; 13.567 ;
; Num[5]     ; OD0         ; 14.215 ; 14.215 ; 14.215 ; 14.215 ;
; Num[5]     ; OE0         ; 13.556 ; 13.556 ; 13.556 ; 13.556 ;
; Num[5]     ; OF0         ; 14.224 ; 14.224 ; 14.224 ; 14.224 ;
; Num[5]     ; OG0         ; 14.437 ; 14.437 ; 14.437 ; 14.437 ;
; Num[5]     ; TA1         ; 14.624 ; 14.624 ; 14.624 ; 14.624 ;
; Num[5]     ; TB1         ; 14.345 ; 14.345 ; 14.345 ; 14.345 ;
; Num[5]     ; TC1         ; 14.327 ; 14.327 ; 14.327 ; 14.327 ;
; Num[5]     ; TD1         ; 14.178 ; 14.178 ; 14.178 ; 14.178 ;
; Num[5]     ; TE1         ; 14.457 ; 14.457 ; 14.457 ; 14.457 ;
; Num[5]     ; TF1         ; 14.433 ; 14.433 ; 14.433 ; 14.433 ;
; Num[5]     ; TG1         ; 14.217 ; 14.217 ; 14.217 ; 14.217 ;
; Num[6]     ; HB2         ; 13.821 ; 13.821 ; 13.821 ; 13.821 ;
; Num[6]     ; HC2         ; 13.831 ; 13.831 ; 13.831 ; 13.831 ;
; Num[6]     ; OA0         ; 14.701 ; 14.701 ; 14.701 ; 14.701 ;
; Num[6]     ; OB0         ; 14.654 ; 14.654 ; 14.654 ; 14.654 ;
; Num[6]     ; OC0         ; 13.792 ; 13.792 ; 13.792 ; 13.792 ;
; Num[6]     ; OD0         ; 14.440 ; 14.440 ; 14.440 ; 14.440 ;
; Num[6]     ; OE0         ; 13.781 ; 13.781 ; 13.781 ; 13.781 ;
; Num[6]     ; OF0         ; 14.449 ; 14.449 ; 14.449 ; 14.449 ;
; Num[6]     ; OG0         ; 14.662 ; 14.662 ; 14.662 ; 14.662 ;
; Num[6]     ; TA1         ; 14.849 ; 14.849 ; 14.849 ; 14.849 ;
; Num[6]     ; TB1         ; 14.570 ; 14.570 ; 14.570 ; 14.570 ;
; Num[6]     ; TC1         ; 14.552 ; 14.552 ; 14.552 ; 14.552 ;
; Num[6]     ; TD1         ; 14.403 ; 14.403 ; 14.403 ; 14.403 ;
; Num[6]     ; TE1         ; 14.682 ; 14.682 ; 14.682 ; 14.682 ;
; Num[6]     ; TF1         ; 14.658 ; 14.658 ; 14.658 ; 14.658 ;
; Num[6]     ; TG1         ; 14.442 ; 14.442 ; 14.442 ; 14.442 ;
; Num[7]     ; HB2         ; 11.556 ; 11.556 ; 11.556 ; 11.556 ;
; Num[7]     ; HC2         ; 11.566 ; 11.566 ; 11.566 ; 11.566 ;
; Num[7]     ; OA0         ; 12.436 ; 12.436 ; 12.436 ; 12.436 ;
; Num[7]     ; OB0         ; 12.389 ; 12.389 ; 12.389 ; 12.389 ;
; Num[7]     ; OC0         ; 11.527 ; 11.527 ; 11.527 ; 11.527 ;
; Num[7]     ; OD0         ; 12.175 ; 12.175 ; 12.175 ; 12.175 ;
; Num[7]     ; OE0         ; 11.516 ; 11.516 ; 11.516 ; 11.516 ;
; Num[7]     ; OF0         ; 12.184 ; 12.184 ; 12.184 ; 12.184 ;
; Num[7]     ; OG0         ; 12.397 ; 12.397 ; 12.397 ; 12.397 ;
; Num[7]     ; SIGN        ; 5.074  ;        ;        ; 5.074  ;
; Num[7]     ; TA1         ; 12.584 ; 12.584 ; 12.584 ; 12.584 ;
; Num[7]     ; TB1         ; 12.305 ; 12.305 ; 12.305 ; 12.305 ;
; Num[7]     ; TC1         ; 12.287 ; 12.287 ; 12.287 ; 12.287 ;
; Num[7]     ; TD1         ; 12.138 ; 12.138 ; 12.138 ; 12.138 ;
; Num[7]     ; TE1         ; 12.417 ; 12.417 ; 12.417 ; 12.417 ;
; Num[7]     ; TF1         ; 12.393 ; 12.393 ; 12.393 ; 12.393 ;
; Num[7]     ; TG1         ; 12.177 ; 12.177 ; 12.177 ; 12.177 ;
+------------+-------------+--------+--------+--------+--------+


+----------------------------------------------------------+
; Minimum Progagation Delay                                ;
+------------+-------------+-------+-------+-------+-------+
; Input Port ; Output Port ; RR    ; RF    ; FR    ; FF    ;
+------------+-------------+-------+-------+-------+-------+
; Num[0]     ; HB2         ; 6.415 ; 6.415 ; 6.415 ; 6.415 ;
; Num[0]     ; HC2         ; 6.425 ; 6.425 ; 6.425 ; 6.425 ;
; Num[0]     ; OA0         ; 5.358 ; 5.358 ; 5.358 ; 5.358 ;
; Num[0]     ; OB0         ; 5.499 ; 5.499 ; 5.499 ; 5.499 ;
; Num[0]     ; OC0         ; 5.949 ; 5.248 ; 5.248 ; 5.949 ;
; Num[0]     ; OD0         ; 5.238 ; 5.238 ; 5.238 ; 5.238 ;
; Num[0]     ; OE0         ; 5.244 ; 5.940 ; 5.940 ; 5.244 ;
; Num[0]     ; OF0         ; 5.253 ; 5.952 ; 5.952 ; 5.253 ;
; Num[0]     ; OG0         ; 5.347 ; 6.048 ; 6.048 ; 5.347 ;
; Num[0]     ; TA1         ; 6.377 ; 6.377 ; 6.377 ; 6.377 ;
; Num[0]     ; TB1         ; 6.244 ; 6.244 ; 6.244 ; 6.244 ;
; Num[0]     ; TC1         ; 6.228 ; 6.228 ; 6.228 ; 6.228 ;
; Num[0]     ; TD1         ; 6.168 ; 6.168 ; 6.168 ; 6.168 ;
; Num[0]     ; TE1         ; 6.317 ; 6.317 ; 6.317 ; 6.317 ;
; Num[0]     ; TF1         ; 6.263 ; 6.263 ; 6.263 ; 6.263 ;
; Num[0]     ; TG1         ; 6.194 ; 6.194 ; 6.194 ; 6.194 ;
; Num[1]     ; HB2         ; 6.393 ; 6.393 ; 6.393 ; 6.393 ;
; Num[1]     ; HC2         ; 6.403 ; 6.403 ; 6.403 ; 6.403 ;
; Num[1]     ; OA0         ; 6.164 ; 6.164 ; 6.164 ; 6.164 ;
; Num[1]     ; OB0         ; 6.160 ; 6.160 ; 6.160 ; 6.160 ;
; Num[1]     ; OC0         ; 6.051 ; 6.051 ; 6.051 ; 6.051 ;
; Num[1]     ; OD0         ; 6.041 ; 6.041 ; 6.041 ; 6.041 ;
; Num[1]     ; OE0         ; 6.042 ; 6.042 ; 6.042 ; 6.042 ;
; Num[1]     ; OF0         ; 6.054 ; 6.054 ; 6.054 ; 6.054 ;
; Num[1]     ; OG0         ; 6.150 ; 6.150 ; 6.150 ; 6.150 ;
; Num[1]     ; TA1         ; 6.479 ; 6.479 ; 6.479 ; 6.479 ;
; Num[1]     ; TB1         ; 6.346 ; 6.346 ; 6.346 ; 6.346 ;
; Num[1]     ; TC1         ; 6.330 ; 6.330 ; 6.330 ; 6.330 ;
; Num[1]     ; TD1         ; 6.270 ; 6.270 ; 6.270 ; 6.270 ;
; Num[1]     ; TE1         ; 6.419 ; 6.419 ; 6.419 ; 6.419 ;
; Num[1]     ; TF1         ; 6.365 ; 6.365 ; 6.365 ; 6.365 ;
; Num[1]     ; TG1         ; 6.296 ; 6.296 ; 6.296 ; 6.296 ;
; Num[2]     ; HB2         ; 6.289 ; 6.289 ; 6.289 ; 6.289 ;
; Num[2]     ; HC2         ; 6.299 ; 6.299 ; 6.299 ; 6.299 ;
; Num[2]     ; OA0         ; 6.170 ; 6.170 ; 6.170 ; 6.170 ;
; Num[2]     ; OB0         ; 6.097 ; 6.097 ; 6.097 ; 6.097 ;
; Num[2]     ; OC0         ; 6.094 ; 6.094 ; 6.094 ; 6.094 ;
; Num[2]     ; OD0         ; 6.045 ; 6.045 ; 6.045 ; 6.045 ;
; Num[2]     ; OE0         ; 6.082 ; 6.082 ; 6.082 ; 6.082 ;
; Num[2]     ; OF0         ; 6.054 ; 6.054 ; 6.054 ; 6.054 ;
; Num[2]     ; OG0         ; 6.146 ; 6.146 ; 6.146 ; 6.146 ;
; Num[2]     ; TA1         ; 6.435 ; 6.435 ; 6.435 ; 6.435 ;
; Num[2]     ; TB1         ; 6.295 ; 6.295 ; 6.295 ; 6.295 ;
; Num[2]     ; TC1         ; 6.327 ; 6.327 ; 6.327 ; 6.327 ;
; Num[2]     ; TD1         ; 6.284 ; 6.284 ; 6.284 ; 6.284 ;
; Num[2]     ; TE1         ; 6.411 ; 6.411 ; 6.411 ; 6.411 ;
; Num[2]     ; TF1         ; 6.380 ; 6.380 ; 6.380 ; 6.380 ;
; Num[2]     ; TG1         ; 6.310 ; 6.310 ; 6.310 ; 6.310 ;
; Num[3]     ; HB2         ; 4.612 ; 4.612 ; 4.612 ; 4.612 ;
; Num[3]     ; HC2         ; 4.622 ; 4.622 ; 4.622 ; 4.622 ;
; Num[3]     ; OA0         ; 4.780 ; 4.780 ; 4.780 ; 4.780 ;
; Num[3]     ; OB0         ; 4.722 ; 4.722 ; 4.722 ; 4.722 ;
; Num[3]     ; OC0         ; 4.667 ; 4.667 ; 4.667 ; 4.667 ;
; Num[3]     ; OD0         ; 4.657 ; 4.657 ; 4.657 ; 4.657 ;
; Num[3]     ; OE0         ; 4.655 ; 4.655 ; 4.655 ; 4.655 ;
; Num[3]     ; OF0         ; 4.670 ; 4.670 ; 4.670 ; 4.670 ;
; Num[3]     ; OG0         ; 4.766 ; 4.766 ; 4.766 ; 4.766 ;
; Num[3]     ; TA1         ; 4.564 ; 4.564 ; 4.564 ; 4.564 ;
; Num[3]     ; TB1         ; 4.424 ; 4.424 ; 4.424 ; 4.424 ;
; Num[3]     ; TC1         ; 4.630 ; 4.630 ; 4.630 ; 4.630 ;
; Num[3]     ; TD1         ; 4.604 ; 4.604 ; 4.604 ; 4.604 ;
; Num[3]     ; TE1         ; 4.731 ; 4.731 ; 4.731 ; 4.731 ;
; Num[3]     ; TF1         ; 4.700 ; 4.700 ; 4.700 ; 4.700 ;
; Num[3]     ; TG1         ; 4.630 ; 4.630 ; 4.630 ; 4.630 ;
; Num[4]     ; HB2         ; 6.621 ; 6.621 ; 6.621 ; 6.621 ;
; Num[4]     ; HC2         ; 6.631 ; 6.631 ; 6.631 ; 6.631 ;
; Num[4]     ; OA0         ; 6.921 ; 6.921 ; 6.921 ; 6.921 ;
; Num[4]     ; OB0         ; 6.859 ; 6.859 ; 6.859 ; 6.859 ;
; Num[4]     ; OC0         ; 6.808 ; 6.808 ; 6.808 ; 6.808 ;
; Num[4]     ; OD0         ; 6.798 ; 6.798 ; 6.798 ; 6.798 ;
; Num[4]     ; OE0         ; 6.796 ; 6.796 ; 6.796 ; 6.796 ;
; Num[4]     ; OF0         ; 6.811 ; 6.811 ; 6.811 ; 6.811 ;
; Num[4]     ; OG0         ; 6.907 ; 6.907 ; 6.907 ; 6.907 ;
; Num[4]     ; TA1         ; 6.692 ; 6.692 ; 6.692 ; 6.692 ;
; Num[4]     ; TB1         ; 6.552 ; 6.552 ; 6.552 ; 6.552 ;
; Num[4]     ; TC1         ; 6.636 ; 6.636 ; 6.636 ; 6.636 ;
; Num[4]     ; TD1         ; 6.625 ; 6.625 ; 6.625 ; 6.625 ;
; Num[4]     ; TE1         ; 6.752 ; 6.752 ; 6.752 ; 6.752 ;
; Num[4]     ; TF1         ; 6.721 ; 6.721 ; 6.721 ; 6.721 ;
; Num[4]     ; TG1         ; 6.651 ; 6.651 ; 6.651 ; 6.651 ;
; Num[5]     ; HB2         ; 6.513 ; 6.513 ; 6.513 ; 6.513 ;
; Num[5]     ; HC2         ; 6.523 ; 6.523 ; 6.523 ; 6.523 ;
; Num[5]     ; OA0         ; 6.803 ; 6.803 ; 6.803 ; 6.803 ;
; Num[5]     ; OB0         ; 6.741 ; 6.741 ; 6.741 ; 6.741 ;
; Num[5]     ; OC0         ; 6.690 ; 6.690 ; 6.690 ; 6.690 ;
; Num[5]     ; OD0         ; 6.680 ; 6.680 ; 6.680 ; 6.680 ;
; Num[5]     ; OE0         ; 6.678 ; 6.678 ; 6.678 ; 6.678 ;
; Num[5]     ; OF0         ; 6.693 ; 6.693 ; 6.693 ; 6.693 ;
; Num[5]     ; OG0         ; 6.789 ; 6.789 ; 6.789 ; 6.789 ;
; Num[5]     ; TA1         ; 6.574 ; 6.574 ; 6.574 ; 6.574 ;
; Num[5]     ; TB1         ; 6.434 ; 6.434 ; 6.434 ; 6.434 ;
; Num[5]     ; TC1         ; 6.528 ; 6.528 ; 6.528 ; 6.528 ;
; Num[5]     ; TD1         ; 6.517 ; 6.517 ; 6.517 ; 6.517 ;
; Num[5]     ; TE1         ; 6.644 ; 6.644 ; 6.644 ; 6.644 ;
; Num[5]     ; TF1         ; 6.613 ; 6.613 ; 6.613 ; 6.613 ;
; Num[5]     ; TG1         ; 6.543 ; 6.543 ; 6.543 ; 6.543 ;
; Num[6]     ; HB2         ; 6.599 ; 6.599 ; 6.599 ; 6.599 ;
; Num[6]     ; HC2         ; 6.609 ; 6.609 ; 6.609 ; 6.609 ;
; Num[6]     ; OA0         ; 6.895 ; 6.895 ; 6.895 ; 6.895 ;
; Num[6]     ; OB0         ; 6.833 ; 6.833 ; 6.833 ; 6.833 ;
; Num[6]     ; OC0         ; 6.782 ; 6.782 ; 6.782 ; 6.782 ;
; Num[6]     ; OD0         ; 6.772 ; 6.772 ; 6.772 ; 6.772 ;
; Num[6]     ; OE0         ; 6.770 ; 6.770 ; 6.770 ; 6.770 ;
; Num[6]     ; OF0         ; 6.785 ; 6.785 ; 6.785 ; 6.785 ;
; Num[6]     ; OG0         ; 6.881 ; 6.881 ; 6.881 ; 6.881 ;
; Num[6]     ; TA1         ; 6.666 ; 6.666 ; 6.666 ; 6.666 ;
; Num[6]     ; TB1         ; 6.526 ; 6.526 ; 6.526 ; 6.526 ;
; Num[6]     ; TC1         ; 6.614 ; 6.614 ; 6.614 ; 6.614 ;
; Num[6]     ; TD1         ; 6.603 ; 6.603 ; 6.603 ; 6.603 ;
; Num[6]     ; TE1         ; 6.730 ; 6.730 ; 6.730 ; 6.730 ;
; Num[6]     ; TF1         ; 6.699 ; 6.699 ; 6.699 ; 6.699 ;
; Num[6]     ; TG1         ; 6.629 ; 6.629 ; 6.629 ; 6.629 ;
; Num[7]     ; HB2         ; 4.260 ; 4.260 ; 4.260 ; 4.260 ;
; Num[7]     ; HC2         ; 4.270 ; 4.270 ; 4.270 ; 4.270 ;
; Num[7]     ; OA0         ; 4.022 ; 4.022 ; 4.022 ; 4.022 ;
; Num[7]     ; OB0         ; 4.018 ; 4.018 ; 4.018 ; 4.018 ;
; Num[7]     ; OC0         ; 3.909 ; 3.909 ; 3.909 ; 3.909 ;
; Num[7]     ; OD0         ; 3.899 ; 3.899 ; 3.899 ; 3.899 ;
; Num[7]     ; OE0         ; 3.900 ; 3.900 ; 3.900 ; 3.900 ;
; Num[7]     ; OF0         ; 3.912 ; 3.912 ; 3.912 ; 3.912 ;
; Num[7]     ; OG0         ; 4.008 ; 4.008 ; 4.008 ; 4.008 ;
; Num[7]     ; SIGN        ; 2.733 ;       ;       ; 2.733 ;
; Num[7]     ; TA1         ; 4.337 ; 4.337 ; 4.337 ; 4.337 ;
; Num[7]     ; TB1         ; 4.204 ; 4.204 ; 4.204 ; 4.204 ;
; Num[7]     ; TC1         ; 4.188 ; 4.188 ; 4.188 ; 4.188 ;
; Num[7]     ; TD1         ; 4.128 ; 4.128 ; 4.128 ; 4.128 ;
; Num[7]     ; TE1         ; 4.277 ; 4.277 ; 4.277 ; 4.277 ;
; Num[7]     ; TF1         ; 4.223 ; 4.223 ; 4.223 ; 4.223 ;
; Num[7]     ; TG1         ; 4.154 ; 4.154 ; 4.154 ; 4.154 ;
+------------+-------------+-------+-------+-------+-------+


-------------------
; Clock Transfers ;
-------------------
Nothing to report.


---------------
; Report TCCS ;
---------------
No dedicated SERDES Transmitter circuitry present in device or used in design


---------------
; Report RSKM ;
---------------
No dedicated SERDES Receiver circuitry present in device or used in design


+------------------------------------------------+
; Unconstrained Paths                            ;
+---------------------------------+-------+------+
; Property                        ; Setup ; Hold ;
+---------------------------------+-------+------+
; Illegal Clocks                  ; 0     ; 0    ;
; Unconstrained Clocks            ; 0     ; 0    ;
; Unconstrained Input Ports       ; 8     ; 8    ;
; Unconstrained Input Port Paths  ; 129   ; 129  ;
; Unconstrained Output Ports      ; 17    ; 17   ;
; Unconstrained Output Port Paths ; 129   ; 129  ;
+---------------------------------+-------+------+


+------------------------------------+
; TimeQuest Timing Analyzer Messages ;
+------------------------------------+
Info: *******************************************************************
Info: Running Quartus II 64-Bit TimeQuest Timing Analyzer
    Info: Version 13.0.1 Build 232 06/12/2013 Service Pack 1 SJ Web Edition
    Info: Processing started: Tue May 23 18:08:46 2023
Info: Command: quartus_sta Display_Led_7_Segments -c Display_Led_7_Segments
Info: qsta_default_script.tcl version: #1
Warning (20028): Parallel compilation is not licensed and has been disabled
Info (21077): Low junction temperature is 0 degrees C
Info (21077): High junction temperature is 85 degrees C
Critical Warning (332012): Synopsys Design Constraints File file not found: 'Display_Led_7_Segments.sdc'. A Synopsys Design Constraints File is required by the TimeQuest Timing Analyzer to get proper timing constraints. Without it, the Compiler will not properly optimize the design.
Info (332142): No user constrained base clocks found in the design. Calling "derive_clocks -period 1.0"
Info (332096): The command derive_clocks did not find any clocks to derive.  No clocks were created or changed.
Warning (332068): No clocks defined in design.
Info: Found TIMEQUEST_REPORT_SCRIPT_INCLUDE_DEFAULT_ANALYSIS = ON
Info (332159): No clocks to report
Info: Analyzing Slow Model
Info (332140): No fmax paths to report
Info (332140): No Setup paths to report
Info (332140): No Hold paths to report
Info (332140): No Recovery paths to report
Info (332140): No Removal paths to report
Info (332140): No Minimum Pulse Width paths to report
Info (332001): The selected device family is not supported by the report_metastability command.
Info: Analyzing Fast Model
Info (332142): No user constrained base clocks found in the design. Calling "derive_clocks -period 1.0"
Info (332096): The command derive_clocks did not find any clocks to derive.  No clocks were created or changed.
Warning (332068): No clocks defined in design.
Info (332140): No Setup paths to report
Info (332140): No Hold paths to report
Info (332140): No Recovery paths to report
Info (332140): No Removal paths to report
Info (332140): No Minimum Pulse Width paths to report
Info (332001): The selected device family is not supported by the report_metastability command.
Info (332102): Design is not fully constrained for setup requirements
Info (332102): Design is not fully constrained for hold requirements
Info: Quartus II 64-Bit TimeQuest Timing Analyzer was successful. 0 errors, 4 warnings
    Info: Peak virtual memory: 4551 megabytes
    Info: Processing ended: Tue May 23 18:08:47 2023
    Info: Elapsed time: 00:00:01
    Info: Total CPU time (on all processors): 00:00:02


