Analysis & Synthesis report for MULTIPLY
Tue May 23 17:18:17 2023
Quartus II 64-Bit Version 13.0.1 Build 232 06/12/2013 Service Pack 1 SJ Web Edition


---------------------
; Table of Contents ;
---------------------
  1. Legal Notice
  2. Analysis & Synthesis Summary
  3. Analysis & Synthesis Settings
  4. Parallel Compilation
  5. Analysis & Synthesis Source Files Read
  6. Analysis & Synthesis Resource Usage Summary
  7. Analysis & Synthesis Resource Utilization by Entity
  8. Registers Removed During Synthesis
  9. Removed Registers Triggering Further Register Optimizations
 10. General Register Statistics
 11. Elapsed Time Per Partition
 12. Analysis & Synthesis Messages



----------------
; Legal Notice ;
----------------
Copyright (C) 1991-2013 Altera Corporation
Your use of Altera Corporation's design tools, logic functions 
and other software and tools, and its AMPP partner logic 
functions, and any output files from any of the foregoing 
(including device programming or simulation files), and any 
associated documentation or information are expressly subject 
to the terms and conditions of the Altera Program License 
Subscription Agreement, Altera MegaCore Function License 
Agreement, or other applicable license agreement, including, 
without limitation, that your use is for the sole purpose of 
programming logic devices manufactured by Altera and sold by 
Altera or its authorized distributors.  Please refer to the 
applicable agreement for further details.



+--------------------------------------------------------------------------------------+
; Analysis & Synthesis Summary                                                         ;
+------------------------------------+-------------------------------------------------+
; Analysis & Synthesis Status        ; Successful - Tue May 23 17:18:17 2023           ;
; Quartus II 64-Bit Version          ; 13.0.1 Build 232 06/12/2013 SP 1 SJ Web Edition ;
; Revision Name                      ; MULTIPLY                                        ;
; Top-level Entity Name              ; TOP                                             ;
; Family                             ; Cyclone II                                      ;
; Total logic elements               ; 42                                              ;
;     Total combinational functions  ; 42                                              ;
;     Dedicated logic registers      ; 20                                              ;
; Total registers                    ; 20                                              ;
; Total pins                         ; 32                                              ;
; Total virtual pins                 ; 0                                               ;
; Total memory bits                  ; 0                                               ;
; Embedded Multiplier 9-bit elements ; 0                                               ;
; Total PLLs                         ; 0                                               ;
+------------------------------------+-------------------------------------------------+


+----------------------------------------------------------------------------------------------------------------------+
; Analysis & Synthesis Settings                                                                                        ;
+----------------------------------------------------------------------------+--------------------+--------------------+
; Option                                                                     ; Setting            ; Default Value      ;
+----------------------------------------------------------------------------+--------------------+--------------------+
; Device                                                                     ; EP2C35F672C6       ;                    ;
; Top-level entity name                                                      ; TOP                ; MULTIPLY           ;
; Family name                                                                ; Cyclone II         ; Cyclone IV GX      ;
; Use smart compilation                                                      ; Off                ; Off                ;
; Enable parallel Assembler and TimeQuest Timing Analyzer during compilation ; On                 ; On                 ;
; Enable compact report table                                                ; Off                ; Off                ;
; Restructure Multiplexers                                                   ; Auto               ; Auto               ;
; Create Debugging Nodes for IP Cores                                        ; Off                ; Off                ;
; Preserve fewer node names                                                  ; On                 ; On                 ;
; Disable OpenCore Plus hardware evaluation                                  ; Off                ; Off                ;
; Verilog Version                                                            ; Verilog_2001       ; Verilog_2001       ;
; VHDL Version                                                               ; VHDL_1993          ; VHDL_1993          ;
; State Machine Processing                                                   ; Auto               ; Auto               ;
; Safe State Machine                                                         ; Off                ; Off                ;
; Extract Verilog State Machines                                             ; On                 ; On                 ;
; Extract VHDL State Machines                                                ; On                 ; On                 ;
; Ignore Verilog initial constructs                                          ; Off                ; Off                ;
; Iteration limit for constant Verilog loops                                 ; 5000               ; 5000               ;
; Iteration limit for non-constant Verilog loops                             ; 250                ; 250                ;
; Add Pass-Through Logic to Inferred RAMs                                    ; On                 ; On                 ;
; Infer RAMs from Raw Logic                                                  ; On                 ; On                 ;
; Parallel Synthesis                                                         ; On                 ; On                 ;
; DSP Block Balancing                                                        ; Auto               ; Auto               ;
; NOT Gate Push-Back                                                         ; On                 ; On                 ;
; Power-Up Don't Care                                                        ; On                 ; On                 ;
; Remove Redundant Logic Cells                                               ; Off                ; Off                ;
; Remove Duplicate Registers                                                 ; On                 ; On                 ;
; Ignore CARRY Buffers                                                       ; Off                ; Off                ;
; Ignore CASCADE Buffers                                                     ; Off                ; Off                ;
; Ignore GLOBAL Buffers                                                      ; Off                ; Off                ;
; Ignore ROW GLOBAL Buffers                                                  ; Off                ; Off                ;
; Ignore LCELL Buffers                                                       ; Off                ; Off                ;
; Ignore SOFT Buffers                                                        ; On                 ; On                 ;
; Limit AHDL Integers to 32 Bits                                             ; Off                ; Off                ;
; Optimization Technique                                                     ; Balanced           ; Balanced           ;
; Carry Chain Length                                                         ; 70                 ; 70                 ;
; Auto Carry Chains                                                          ; On                 ; On                 ;
; Auto Open-Drain Pins                                                       ; On                 ; On                 ;
; Perform WYSIWYG Primitive Resynthesis                                      ; Off                ; Off                ;
; Auto ROM Replacement                                                       ; On                 ; On                 ;
; Auto RAM Replacement                                                       ; On                 ; On                 ;
; Auto Shift Register Replacement                                            ; Auto               ; Auto               ;
; Allow Shift Register Merging across Hierarchies                            ; Auto               ; Auto               ;
; Auto Clock Enable Replacement                                              ; On                 ; On                 ;
; Strict RAM Replacement                                                     ; Off                ; Off                ;
; Allow Synchronous Control Signals                                          ; On                 ; On                 ;
; Force Use of Synchronous Clear Signals                                     ; Off                ; Off                ;
; Auto RAM to Logic Cell Conversion                                          ; Off                ; Off                ;
; Auto Resource Sharing                                                      ; Off                ; Off                ;
; Allow Any RAM Size For Recognition                                         ; Off                ; Off                ;
; Allow Any ROM Size For Recognition                                         ; Off                ; Off                ;
; Allow Any Shift Register Size For Recognition                              ; Off                ; Off                ;
; Use LogicLock Constraints during Resource Balancing                        ; On                 ; On                 ;
; Ignore translate_off and synthesis_off directives                          ; Off                ; Off                ;
; Timing-Driven Synthesis                                                    ; Off                ; Off                ;
; Report Parameter Settings                                                  ; On                 ; On                 ;
; Report Source Assignments                                                  ; On                 ; On                 ;
; Report Connectivity Checks                                                 ; On                 ; On                 ;
; Ignore Maximum Fan-Out Assignments                                         ; Off                ; Off                ;
; Synchronization Register Chain Length                                      ; 2                  ; 2                  ;
; PowerPlay Power Optimization                                               ; Normal compilation ; Normal compilation ;
; HDL message level                                                          ; Level2             ; Level2             ;
; Suppress Register Optimization Related Messages                            ; Off                ; Off                ;
; Number of Removed Registers Reported in Synthesis Report                   ; 5000               ; 5000               ;
; Number of Swept Nodes Reported in Synthesis Report                         ; 5000               ; 5000               ;
; Number of Inverted Registers Reported in Synthesis Report                  ; 100                ; 100                ;
; Clock MUX Protection                                                       ; On                 ; On                 ;
; Auto Gated Clock Conversion                                                ; Off                ; Off                ;
; Block Design Naming                                                        ; Auto               ; Auto               ;
; SDC constraint protection                                                  ; Off                ; Off                ;
; Synthesis Effort                                                           ; Auto               ; Auto               ;
; Shift Register Replacement - Allow Asynchronous Clear Signal               ; On                 ; On                 ;
; Pre-Mapping Resynthesis Optimization                                       ; Off                ; Off                ;
; Analysis & Synthesis Message Level                                         ; Medium             ; Medium             ;
; Disable Register Merging Across Hierarchies                                ; Auto               ; Auto               ;
; Resource Aware Inference For Block RAM                                     ; On                 ; On                 ;
; Synthesis Seed                                                             ; 1                  ; 1                  ;
+----------------------------------------------------------------------------+--------------------+--------------------+


Parallel compilation was disabled, but you have multiple processors available. Enable parallel compilation to reduce compilation time.
+-------------------------------------+
; Parallel Compilation                ;
+----------------------------+--------+
; Processors                 ; Number ;
+----------------------------+--------+
; Number detected on machine ; 12     ;
; Maximum allowed            ; 1      ;
+----------------------------+--------+


+-----------------------------------------------------------------------------------------------------------------------------------------------------------------------------------+
; Analysis & Synthesis Source Files Read                                                                                                                                            ;
+----------------------------------+-----------------+------------------------------------+-------------------------------------------------------------------------------+---------+
; File Name with User-Entered Path ; Used in Netlist ; File Type                          ; File Name with Absolute Path                                                  ; Library ;
+----------------------------------+-----------------+------------------------------------+-------------------------------------------------------------------------------+---------+
; REGISTER.bdf                     ; yes             ; User Block Diagram/Schematic File  ; D:/University/THIET_KE_LUAN_LY_SO/TH/Lab3/Quartus_Design/Bai2/REGISTER.bdf    ;         ;
; TRI_STATE.bdf                    ; yes             ; User Block Diagram/Schematic File  ; D:/University/THIET_KE_LUAN_LY_SO/TH/Lab3/Quartus_Design/Bai2/TRI_STATE.bdf   ;         ;
; MUX21_8BIT.bdf                   ; yes             ; User Block Diagram/Schematic File  ; D:/University/THIET_KE_LUAN_LY_SO/TH/Lab3/Quartus_Design/Bai2/MUX21_8BIT.bdf  ;         ;
; MUX21.bdf                        ; yes             ; User Block Diagram/Schematic File  ; D:/University/THIET_KE_LUAN_LY_SO/TH/Lab3/Quartus_Design/Bai2/MUX21.bdf       ;         ;
; FULL_ADDER.bdf                   ; yes             ; User Block Diagram/Schematic File  ; D:/University/THIET_KE_LUAN_LY_SO/TH/Lab3/Quartus_Design/Bai2/FULL_ADDER.bdf  ;         ;
; ADDER_8_BIT.bdf                  ; yes             ; User Block Diagram/Schematic File  ; D:/University/THIET_KE_LUAN_LY_SO/TH/Lab3/Quartus_Design/Bai2/ADDER_8_BIT.bdf ;         ;
; SHIFT_RIGHT.bdf                  ; yes             ; User Block Diagram/Schematic File  ; D:/University/THIET_KE_LUAN_LY_SO/TH/Lab3/Quartus_Design/Bai2/SHIFT_RIGHT.bdf ;         ;
; SHIFT_LEFT.bdf                   ; yes             ; User Block Diagram/Schematic File  ; D:/University/THIET_KE_LUAN_LY_SO/TH/Lab3/Quartus_Design/Bai2/SHIFT_LEFT.bdf  ;         ;
; DONE.bdf                         ; yes             ; User Block Diagram/Schematic File  ; D:/University/THIET_KE_LUAN_LY_SO/TH/Lab3/Quartus_Design/Bai2/DONE.bdf        ;         ;
; MULTIPLY.bdf                     ; yes             ; User Block Diagram/Schematic File  ; D:/University/THIET_KE_LUAN_LY_SO/TH/Lab3/Quartus_Design/Bai2/MULTIPLY.bdf    ;         ;
; TOP.bdf                          ; yes             ; User Block Diagram/Schematic File  ; D:/University/THIET_KE_LUAN_LY_SO/TH/Lab3/Quartus_Design/Bai2/TOP.bdf         ;         ;
; 7447.bdf                         ; yes             ; Megafunction                       ; c:/altera/13.0sp1/quartus/libraries/others/maxplus2/7447.bdf                  ;         ;
; xor3.bdf                         ; yes             ; Megafunction                       ; c:/altera/13.0sp1/quartus/libraries/others/maxplus2/xor3.bdf                  ;         ;
+----------------------------------+-----------------+------------------------------------+-------------------------------------------------------------------------------+---------+


+-----------------------------------------------------+
; Analysis & Synthesis Resource Usage Summary         ;
+---------------------------------------------+-------+
; Resource                                    ; Usage ;
+---------------------------------------------+-------+
; Estimated Total logic elements              ; 42    ;
;                                             ;       ;
; Total combinational functions               ; 42    ;
; Logic element usage by number of LUT inputs ;       ;
;     -- 4 input functions                    ; 24    ;
;     -- 3 input functions                    ; 12    ;
;     -- <=2 input functions                  ; 6     ;
;                                             ;       ;
; Logic elements by mode                      ;       ;
;     -- normal mode                          ; 42    ;
;     -- arithmetic mode                      ; 0     ;
;                                             ;       ;
; Total registers                             ; 20    ;
;     -- Dedicated logic registers            ; 20    ;
;     -- I/O registers                        ; 0     ;
;                                             ;       ;
; I/O pins                                    ; 32    ;
; Embedded Multiplier 9-bit elements          ; 0     ;
; Maximum fan-out node                        ; CLK   ;
; Maximum fan-out                             ; 20    ;
; Total fan-out                               ; 222   ;
; Average fan-out                             ; 2.36  ;
+---------------------------------------------+-------+


+---------------------------------------------------------------------------------------------------------------------------------------------------------------------------------------------------------------------------+
; Analysis & Synthesis Resource Utilization by Entity                                                                                                                                                                       ;
+-----------------------------+-------------------+--------------+-------------+--------------+---------+-----------+------+--------------+------------------------------------------------------------------+--------------+
; Compilation Hierarchy Node  ; LC Combinationals ; LC Registers ; Memory Bits ; DSP Elements ; DSP 9x9 ; DSP 18x18 ; Pins ; Virtual Pins ; Full Hierarchy Name                                              ; Library Name ;
+-----------------------------+-------------------+--------------+-------------+--------------+---------+-----------+------+--------------+------------------------------------------------------------------+--------------+
; |TOP                        ; 42 (0)            ; 20 (0)       ; 0           ; 0            ; 0       ; 0         ; 32   ; 0            ; |TOP                                                             ; work         ;
;    |7447:inst1|             ; 7 (7)             ; 0 (0)        ; 0           ; 0            ; 0       ; 0         ; 0    ; 0            ; |TOP|7447:inst1                                                  ; work         ;
;    |7447:inst2|             ; 7 (7)             ; 0 (0)        ; 0           ; 0            ; 0       ; 0         ; 0    ; 0            ; |TOP|7447:inst2                                                  ; work         ;
;    |MULTIPLY:inst|          ; 28 (0)            ; 20 (0)       ; 0           ; 0            ; 0       ; 0         ; 0    ; 0            ; |TOP|MULTIPLY:inst                                               ; work         ;
;       |ADDER_8_BIT:inst11|  ; 15 (0)            ; 0 (0)        ; 0           ; 0            ; 0       ; 0         ; 0    ; 0            ; |TOP|MULTIPLY:inst|ADDER_8_BIT:inst11                            ; work         ;
;          |FULL_ADDER:inst1| ; 2 (1)             ; 0 (0)        ; 0           ; 0            ; 0       ; 0         ; 0    ; 0            ; |TOP|MULTIPLY:inst|ADDER_8_BIT:inst11|FULL_ADDER:inst1           ; work         ;
;             |xor3:inst|     ; 1 (1)             ; 0 (0)        ; 0           ; 0            ; 0       ; 0         ; 0    ; 0            ; |TOP|MULTIPLY:inst|ADDER_8_BIT:inst11|FULL_ADDER:inst1|xor3:inst ; work         ;
;          |FULL_ADDER:inst2| ; 2 (1)             ; 0 (0)        ; 0           ; 0            ; 0       ; 0         ; 0    ; 0            ; |TOP|MULTIPLY:inst|ADDER_8_BIT:inst11|FULL_ADDER:inst2           ; work         ;
;             |xor3:inst|     ; 1 (1)             ; 0 (0)        ; 0           ; 0            ; 0       ; 0         ; 0    ; 0            ; |TOP|MULTIPLY:inst|ADDER_8_BIT:inst11|FULL_ADDER:inst2|xor3:inst ; work         ;
;          |FULL_ADDER:inst3| ; 2 (1)             ; 0 (0)        ; 0           ; 0            ; 0       ; 0         ; 0    ; 0            ; |TOP|MULTIPLY:inst|ADDER_8_BIT:inst11|FULL_ADDER:inst3           ; work         ;
;             |xor3:inst|     ; 1 (1)             ; 0 (0)        ; 0           ; 0            ; 0       ; 0         ; 0    ; 0            ; |TOP|MULTIPLY:inst|ADDER_8_BIT:inst11|FULL_ADDER:inst3|xor3:inst ; work         ;
;          |FULL_ADDER:inst4| ; 2 (1)             ; 0 (0)        ; 0           ; 0            ; 0       ; 0         ; 0    ; 0            ; |TOP|MULTIPLY:inst|ADDER_8_BIT:inst11|FULL_ADDER:inst4           ; work         ;
;             |xor3:inst|     ; 1 (1)             ; 0 (0)        ; 0           ; 0            ; 0       ; 0         ; 0    ; 0            ; |TOP|MULTIPLY:inst|ADDER_8_BIT:inst11|FULL_ADDER:inst4|xor3:inst ; work         ;
;          |FULL_ADDER:inst5| ; 2 (1)             ; 0 (0)        ; 0           ; 0            ; 0       ; 0         ; 0    ; 0            ; |TOP|MULTIPLY:inst|ADDER_8_BIT:inst11|FULL_ADDER:inst5           ; work         ;
;             |xor3:inst|     ; 1 (1)             ; 0 (0)        ; 0           ; 0            ; 0       ; 0         ; 0    ; 0            ; |TOP|MULTIPLY:inst|ADDER_8_BIT:inst11|FULL_ADDER:inst5|xor3:inst ; work         ;
;          |FULL_ADDER:inst6| ; 2 (1)             ; 0 (0)        ; 0           ; 0            ; 0       ; 0         ; 0    ; 0            ; |TOP|MULTIPLY:inst|ADDER_8_BIT:inst11|FULL_ADDER:inst6           ; work         ;
;             |xor3:inst|     ; 1 (1)             ; 0 (0)        ; 0           ; 0            ; 0       ; 0         ; 0    ; 0            ; |TOP|MULTIPLY:inst|ADDER_8_BIT:inst11|FULL_ADDER:inst6|xor3:inst ; work         ;
;          |FULL_ADDER:inst7| ; 1 (0)             ; 0 (0)        ; 0           ; 0            ; 0       ; 0         ; 0    ; 0            ; |TOP|MULTIPLY:inst|ADDER_8_BIT:inst11|FULL_ADDER:inst7           ; work         ;
;             |xor3:inst|     ; 1 (1)             ; 0 (0)        ; 0           ; 0            ; 0       ; 0         ; 0    ; 0            ; |TOP|MULTIPLY:inst|ADDER_8_BIT:inst11|FULL_ADDER:inst7|xor3:inst ; work         ;
;          |FULL_ADDER:inst|  ; 2 (1)             ; 0 (0)        ; 0           ; 0            ; 0       ; 0         ; 0    ; 0            ; |TOP|MULTIPLY:inst|ADDER_8_BIT:inst11|FULL_ADDER:inst            ; work         ;
;             |xor3:inst|     ; 1 (1)             ; 0 (0)        ; 0           ; 0            ; 0       ; 0         ; 0    ; 0            ; |TOP|MULTIPLY:inst|ADDER_8_BIT:inst11|FULL_ADDER:inst|xor3:inst  ; work         ;
;       |DONE:inst6|          ; 1 (1)             ; 0 (0)        ; 0           ; 0            ; 0       ; 0         ; 0    ; 0            ; |TOP|MULTIPLY:inst|DONE:inst6                                    ; work         ;
;       |REGISTER:inst5|      ; 0 (0)             ; 8 (8)        ; 0           ; 0            ; 0       ; 0         ; 0    ; 0            ; |TOP|MULTIPLY:inst|REGISTER:inst5                                ; work         ;
;       |SHIFT_LEFT:inst|     ; 8 (0)             ; 8 (8)        ; 0           ; 0            ; 0       ; 0         ; 0    ; 0            ; |TOP|MULTIPLY:inst|SHIFT_LEFT:inst                               ; work         ;
;          |MUX21:inst10|     ; 1 (1)             ; 0 (0)        ; 0           ; 0            ; 0       ; 0         ; 0    ; 0            ; |TOP|MULTIPLY:inst|SHIFT_LEFT:inst|MUX21:inst10                  ; work         ;
;          |MUX21:inst11|     ; 1 (1)             ; 0 (0)        ; 0           ; 0            ; 0       ; 0         ; 0    ; 0            ; |TOP|MULTIPLY:inst|SHIFT_LEFT:inst|MUX21:inst11                  ; work         ;
;          |MUX21:inst12|     ; 1 (1)             ; 0 (0)        ; 0           ; 0            ; 0       ; 0         ; 0    ; 0            ; |TOP|MULTIPLY:inst|SHIFT_LEFT:inst|MUX21:inst12                  ; work         ;
;          |MUX21:inst13|     ; 1 (1)             ; 0 (0)        ; 0           ; 0            ; 0       ; 0         ; 0    ; 0            ; |TOP|MULTIPLY:inst|SHIFT_LEFT:inst|MUX21:inst13                  ; work         ;
;          |MUX21:inst14|     ; 1 (1)             ; 0 (0)        ; 0           ; 0            ; 0       ; 0         ; 0    ; 0            ; |TOP|MULTIPLY:inst|SHIFT_LEFT:inst|MUX21:inst14                  ; work         ;
;          |MUX21:inst15|     ; 1 (1)             ; 0 (0)        ; 0           ; 0            ; 0       ; 0         ; 0    ; 0            ; |TOP|MULTIPLY:inst|SHIFT_LEFT:inst|MUX21:inst15                  ; work         ;
;          |MUX21:inst16|     ; 1 (1)             ; 0 (0)        ; 0           ; 0            ; 0       ; 0         ; 0    ; 0            ; |TOP|MULTIPLY:inst|SHIFT_LEFT:inst|MUX21:inst16                  ; work         ;
;          |MUX21:inst9|      ; 1 (1)             ; 0 (0)        ; 0           ; 0            ; 0       ; 0         ; 0    ; 0            ; |TOP|MULTIPLY:inst|SHIFT_LEFT:inst|MUX21:inst9                   ; work         ;
;       |SHIFT_RIGHT:inst1|   ; 4 (0)             ; 4 (4)        ; 0           ; 0            ; 0       ; 0         ; 0    ; 0            ; |TOP|MULTIPLY:inst|SHIFT_RIGHT:inst1                             ; work         ;
;          |MUX21:inst10|     ; 1 (1)             ; 0 (0)        ; 0           ; 0            ; 0       ; 0         ; 0    ; 0            ; |TOP|MULTIPLY:inst|SHIFT_RIGHT:inst1|MUX21:inst10                ; work         ;
;          |MUX21:inst11|     ; 1 (1)             ; 0 (0)        ; 0           ; 0            ; 0       ; 0         ; 0    ; 0            ; |TOP|MULTIPLY:inst|SHIFT_RIGHT:inst1|MUX21:inst11                ; work         ;
;          |MUX21:inst12|     ; 1 (1)             ; 0 (0)        ; 0           ; 0            ; 0       ; 0         ; 0    ; 0            ; |TOP|MULTIPLY:inst|SHIFT_RIGHT:inst1|MUX21:inst12                ; work         ;
;          |MUX21:inst9|      ; 1 (1)             ; 0 (0)        ; 0           ; 0            ; 0       ; 0         ; 0    ; 0            ; |TOP|MULTIPLY:inst|SHIFT_RIGHT:inst1|MUX21:inst9                 ; work         ;
+-----------------------------+-------------------+--------------+-------------+--------------+---------+-----------+------+--------------+------------------------------------------------------------------+--------------+
Note: For table entries with two numbers listed, the numbers in parentheses indicate the number of resources of the given type used by the specific entity alone. The numbers listed outside of parentheses indicate the total resources of the given type used by the specific entity and all of its sub-entities in the hierarchy.


+--------------------------------------------------------------------------------+
; Registers Removed During Synthesis                                             ;
+---------------------------------------+----------------------------------------+
; Register name                         ; Reason for Removal                     ;
+---------------------------------------+----------------------------------------+
; MULTIPLY:inst|SHIFT_RIGHT:inst1|inst7 ; Stuck at GND due to stuck port data_in ;
; MULTIPLY:inst|SHIFT_RIGHT:inst1|inst6 ; Stuck at GND due to stuck port data_in ;
; MULTIPLY:inst|SHIFT_RIGHT:inst1|inst5 ; Stuck at GND due to stuck port data_in ;
; MULTIPLY:inst|SHIFT_RIGHT:inst1|inst4 ; Stuck at GND due to stuck port data_in ;
; Total Number of Removed Registers = 4 ;                                        ;
+---------------------------------------+----------------------------------------+


+---------------------------------------------------------------------------------------------------------------------------------------------------+
; Removed Registers Triggering Further Register Optimizations                                                                                       ;
+---------------------------------------+---------------------------+-------------------------------------------------------------------------------+
; Register name                         ; Reason for Removal        ; Registers Removed due to This Register                                        ;
+---------------------------------------+---------------------------+-------------------------------------------------------------------------------+
; MULTIPLY:inst|SHIFT_RIGHT:inst1|inst7 ; Stuck at GND              ; MULTIPLY:inst|SHIFT_RIGHT:inst1|inst6, MULTIPLY:inst|SHIFT_RIGHT:inst1|inst5, ;
;                                       ; due to stuck port data_in ; MULTIPLY:inst|SHIFT_RIGHT:inst1|inst4                                         ;
+---------------------------------------+---------------------------+-------------------------------------------------------------------------------+


+------------------------------------------------------+
; General Register Statistics                          ;
+----------------------------------------------+-------+
; Statistic                                    ; Value ;
+----------------------------------------------+-------+
; Total registers                              ; 20    ;
; Number of registers using Synchronous Clear  ; 0     ;
; Number of registers using Synchronous Load   ; 0     ;
; Number of registers using Asynchronous Clear ; 8     ;
; Number of registers using Asynchronous Load  ; 0     ;
; Number of registers using Clock Enable       ; 0     ;
; Number of registers using Preset             ; 0     ;
+----------------------------------------------+-------+


+-------------------------------+
; Elapsed Time Per Partition    ;
+----------------+--------------+
; Partition Name ; Elapsed Time ;
+----------------+--------------+
; Top            ; 00:00:00     ;
+----------------+--------------+


+-------------------------------+
; Analysis & Synthesis Messages ;
+-------------------------------+
Info: *******************************************************************
Info: Running Quartus II 64-Bit Analysis & Synthesis
    Info: Version 13.0.1 Build 232 06/12/2013 Service Pack 1 SJ Web Edition
    Info: Processing started: Tue May 23 17:18:15 2023
Info: Command: quartus_map --read_settings_files=on --write_settings_files=off MULTIPLY -c MULTIPLY
Warning (20028): Parallel compilation is not licensed and has been disabled
Info (12021): Found 1 design units, including 1 entities, in source file register.bdf
    Info (12023): Found entity 1: REGISTER
Info (12021): Found 1 design units, including 1 entities, in source file tri_state.bdf
    Info (12023): Found entity 1: TRI_STATE
Info (12021): Found 1 design units, including 1 entities, in source file mux21_16bit.bdf
    Info (12023): Found entity 1: MUX21_16BIT
Info (12021): Found 1 design units, including 1 entities, in source file mux21_8bit.bdf
    Info (12023): Found entity 1: MUX21_8BIT
Info (12021): Found 1 design units, including 1 entities, in source file mux21.bdf
    Info (12023): Found entity 1: MUX21
Info (12021): Found 1 design units, including 1 entities, in source file full_adder.bdf
    Info (12023): Found entity 1: FULL_ADDER
Info (12021): Found 1 design units, including 1 entities, in source file adder_16_bit.bdf
    Info (12023): Found entity 1: ADDER_16_BIT
Info (12021): Found 1 design units, including 1 entities, in source file adder_8_bit.bdf
    Info (12023): Found entity 1: ADDER_8_BIT
Info (12021): Found 1 design units, including 1 entities, in source file shift_right.bdf
    Info (12023): Found entity 1: SHIFT_RIGHT
Info (12021): Found 1 design units, including 1 entities, in source file shift_left.bdf
    Info (12023): Found entity 1: SHIFT_LEFT
Info (12021): Found 1 design units, including 1 entities, in source file done.bdf
    Info (12023): Found entity 1: DONE
Info (12021): Found 1 design units, including 1 entities, in source file multiply.bdf
    Info (12023): Found entity 1: MULTIPLY
Info (12021): Found 1 design units, including 1 entities, in source file top.bdf
    Info (12023): Found entity 1: TOP
Info (12127): Elaborating entity "TOP" for the top level hierarchy
Info (12128): Elaborating entity "7447" for hierarchy "7447:inst1"
Info (12130): Elaborated megafunction instantiation "7447:inst1"
Info (12128): Elaborating entity "MULTIPLY" for hierarchy "MULTIPLY:inst"
Info (12128): Elaborating entity "TRI_STATE" for hierarchy "MULTIPLY:inst|TRI_STATE:inst14"
Info (12128): Elaborating entity "DONE" for hierarchy "MULTIPLY:inst|DONE:inst6"
Info (12128): Elaborating entity "SHIFT_RIGHT" for hierarchy "MULTIPLY:inst|SHIFT_RIGHT:inst1"
Info (12128): Elaborating entity "MUX21" for hierarchy "MULTIPLY:inst|SHIFT_RIGHT:inst1|MUX21:inst16"
Info (12128): Elaborating entity "REGISTER" for hierarchy "MULTIPLY:inst|REGISTER:inst5"
Info (12128): Elaborating entity "ADDER_8_BIT" for hierarchy "MULTIPLY:inst|ADDER_8_BIT:inst11"
Info (12128): Elaborating entity "FULL_ADDER" for hierarchy "MULTIPLY:inst|ADDER_8_BIT:inst11|FULL_ADDER:inst7"
Info (12128): Elaborating entity "XOR3" for hierarchy "MULTIPLY:inst|ADDER_8_BIT:inst11|FULL_ADDER:inst7|XOR3:inst"
Info (12130): Elaborated megafunction instantiation "MULTIPLY:inst|ADDER_8_BIT:inst11|FULL_ADDER:inst7|XOR3:inst"
Info (12128): Elaborating entity "MUX21_8BIT" for hierarchy "MULTIPLY:inst|MUX21_8BIT:inst2"
Info (12128): Elaborating entity "SHIFT_LEFT" for hierarchy "MULTIPLY:inst|SHIFT_LEFT:inst"
Info (16010): Generating hard_block partition "hard_block:auto_generated_inst"
    Info (16011): Adding 0 node(s), including 0 DDIO, 0 PLL, 0 transceiver and 0 LCELL
Info (21057): Implemented 74 device resources after synthesis - the final resource count might be different
    Info (21058): Implemented 10 input pins
    Info (21059): Implemented 22 output pins
    Info (21061): Implemented 42 logic cells
Info: Quartus II 64-Bit Analysis & Synthesis was successful. 0 errors, 1 warning
    Info: Peak virtual memory: 4613 megabytes
    Info: Processing ended: Tue May 23 17:18:17 2023
    Info: Elapsed time: 00:00:02
    Info: Total CPU time (on all processors): 00:00:01


