TimeQuest Timing Analyzer report for One_Counter
Wed Apr 05 02:25:20 2023
Quartus II 64-Bit Version 13.0.1 Build 232 06/12/2013 Service Pack 1 SJ Web Edition


---------------------
; Table of Contents ;
---------------------
  1. Legal Notice
  2. TimeQuest Timing Analyzer Summary
  3. Parallel Compilation
  4. Clocks
  5. Slow Model Fmax Summary
  6. Slow Model Setup Summary
  7. Slow Model Hold Summary
  8. Slow Model Recovery Summary
  9. Slow Model Removal Summary
 10. Slow Model Minimum Pulse Width Summary
 11. Slow Model Setup: 'CLK'
 12. Slow Model Hold: 'CLK'
 13. Slow Model Recovery: 'CLK'
 14. Slow Model Removal: 'CLK'
 15. Slow Model Minimum Pulse Width: 'CLK'
 16. Setup Times
 17. Hold Times
 18. Clock to Output Times
 19. Minimum Clock to Output Times
 20. Output Enable Times
 21. Minimum Output Enable Times
 22. Output Disable Times
 23. Minimum Output Disable Times
 24. Fast Model Setup Summary
 25. Fast Model Hold Summary
 26. Fast Model Recovery Summary
 27. Fast Model Removal Summary
 28. Fast Model Minimum Pulse Width Summary
 29. Fast Model Setup: 'CLK'
 30. Fast Model Hold: 'CLK'
 31. Fast Model Recovery: 'CLK'
 32. Fast Model Removal: 'CLK'
 33. Fast Model Minimum Pulse Width: 'CLK'
 34. Setup Times
 35. Hold Times
 36. Clock to Output Times
 37. Minimum Clock to Output Times
 38. Output Enable Times
 39. Minimum Output Enable Times
 40. Output Disable Times
 41. Minimum Output Disable Times
 42. Multicorner Timing Analysis Summary
 43. Setup Times
 44. Hold Times
 45. Clock to Output Times
 46. Minimum Clock to Output Times
 47. Setup Transfers
 48. Hold Transfers
 49. Recovery Transfers
 50. Removal Transfers
 51. Report TCCS
 52. Report RSKM
 53. Unconstrained Paths
 54. TimeQuest Timing Analyzer Messages



----------------
; Legal Notice ;
----------------
Copyright (C) 1991-2013 Altera Corporation
Your use of Altera Corporation's design tools, logic functions 
and other software and tools, and its AMPP partner logic 
functions, and any output files from any of the foregoing 
(including device programming or simulation files), and any 
associated documentation or information are expressly subject 
to the terms and conditions of the Altera Program License 
Subscription Agreement, Altera MegaCore Function License 
Agreement, or other applicable license agreement, including, 
without limitation, that your use is for the sole purpose of 
programming logic devices manufactured by Altera and sold by 
Altera or its authorized distributors.  Please refer to the 
applicable agreement for further details.



+----------------------------------------------------------------------------------------+
; TimeQuest Timing Analyzer Summary                                                      ;
+--------------------+-------------------------------------------------------------------+
; Quartus II Version ; Version 13.0.1 Build 232 06/12/2013 Service Pack 1 SJ Web Edition ;
; Revision Name      ; One_Counter                                                       ;
; Device Family      ; Cyclone II                                                        ;
; Device Name        ; EP2C35F672C6                                                      ;
; Timing Models      ; Final                                                             ;
; Delay Model        ; Combined                                                          ;
; Rise/Fall Delays   ; Unavailable                                                       ;
+--------------------+-------------------------------------------------------------------+


Parallel compilation was disabled, but you have multiple processors available. Enable parallel compilation to reduce compilation time.
+-------------------------------------+
; Parallel Compilation                ;
+----------------------------+--------+
; Processors                 ; Number ;
+----------------------------+--------+
; Number detected on machine ; 12     ;
; Maximum allowed            ; 1      ;
+----------------------------+--------+


+---------------------------------------------------------------------------------------------------------------------------------------------------------------------------------+
; Clocks                                                                                                                                                                          ;
+------------+------+--------+------------+-------+-------+------------+-----------+-------------+-------+--------+-----------+------------+----------+--------+--------+---------+
; Clock Name ; Type ; Period ; Frequency  ; Rise  ; Fall  ; Duty Cycle ; Divide by ; Multiply by ; Phase ; Offset ; Edge List ; Edge Shift ; Inverted ; Master ; Source ; Targets ;
+------------+------+--------+------------+-------+-------+------------+-----------+-------------+-------+--------+-----------+------------+----------+--------+--------+---------+
; CLK        ; Base ; 1.000  ; 1000.0 MHz ; 0.000 ; 0.500 ;            ;           ;             ;       ;        ;           ;            ;          ;        ;        ; { CLK } ;
+------------+------+--------+------------+-------+-------+------------+-----------+-------------+-------+--------+-----------+------------+----------+--------+--------+---------+


+-----------------------------------------------------------------------------------------------------------+
; Slow Model Fmax Summary                                                                                   ;
+------------+-----------------+------------+---------------------------------------------------------------+
; Fmax       ; Restricted Fmax ; Clock Name ; Note                                                          ;
+------------+-----------------+------------+---------------------------------------------------------------+
; 558.97 MHz ; 420.17 MHz      ; CLK        ; limit due to minimum period restriction (max I/O toggle rate) ;
+------------+-----------------+------------+---------------------------------------------------------------+
This panel reports FMAX for every clock in the design, regardless of the user-specified clock periods.  FMAX is only computed for paths where the source and destination registers or ports are driven by the same clock.  Paths of different clocks, including generated clocks, are ignored.  For paths between a clock and its inversion, FMAX is computed as if the rising and falling edges are scaled along with FMAX, such that the duty cycle (in terms of a percentage) is maintained. Altera recommends that you always use clock constraints and other slack reports for sign-off analysis.


+--------------------------------+
; Slow Model Setup Summary       ;
+-------+--------+---------------+
; Clock ; Slack  ; End Point TNS ;
+-------+--------+---------------+
; CLK   ; -0.789 ; -4.318        ;
+-------+--------+---------------+


+-------------------------------+
; Slow Model Hold Summary       ;
+-------+-------+---------------+
; Clock ; Slack ; End Point TNS ;
+-------+-------+---------------+
; CLK   ; 0.391 ; 0.000         ;
+-------+-------+---------------+


+--------------------------------+
; Slow Model Recovery Summary    ;
+-------+--------+---------------+
; Clock ; Slack  ; End Point TNS ;
+-------+--------+---------------+
; CLK   ; -0.305 ; -1.525        ;
+-------+--------+---------------+


+-------------------------------+
; Slow Model Removal Summary    ;
+-------+-------+---------------+
; Clock ; Slack ; End Point TNS ;
+-------+-------+---------------+
; CLK   ; 1.075 ; 0.000         ;
+-------+-------+---------------+


+----------------------------------------+
; Slow Model Minimum Pulse Width Summary ;
+-------+--------+-----------------------+
; Clock ; Slack  ; End Point TNS         ;
+-------+--------+-----------------------+
; CLK   ; -1.380 ; -15.380               ;
+-------+--------+-----------------------+


+----------------------------------------------------------------------------------------------------------------------------------------------------------------------------------+
; Slow Model Setup: 'CLK'                                                                                                                                                          ;
+--------+-------------------------------------------------+-------------------------------------------------+--------------+-------------+--------------+------------+------------+
; Slack  ; From Node                                       ; To Node                                         ; Launch Clock ; Latch Clock ; Relationship ; Clock Skew ; Data Delay ;
+--------+-------------------------------------------------+-------------------------------------------------+--------------+-------------+--------------+------------+------------+
; -0.789 ; One_Counter:inst4|COUNTER32_UP_DOWN:inst1|inst4 ; One_Counter:inst4|COUNTER32_UP_DOWN:inst1|inst4 ; CLK          ; CLK         ; 1.000        ; 0.000      ; 1.825      ;
; -0.785 ; One_Counter:inst4|SRwPL:inst19|inst19           ; REGISTER_FSM:inst1|inst                         ; CLK          ; CLK         ; 1.000        ; 0.000      ; 1.821      ;
; -0.725 ; One_Counter:inst4|SRwPL:inst19|inst17           ; REGISTER_FSM:inst1|inst                         ; CLK          ; CLK         ; 1.000        ; 0.000      ; 1.761      ;
; -0.661 ; One_Counter:inst4|SRwPL:inst19|inst19           ; One_Counter:inst4|COUNTER32_UP_DOWN:inst1|inst4 ; CLK          ; CLK         ; 1.000        ; 0.000      ; 1.697      ;
; -0.619 ; One_Counter:inst4|SRwPL:inst19|inst15           ; REGISTER_FSM:inst1|inst                         ; CLK          ; CLK         ; 1.000        ; 0.000      ; 1.655      ;
; -0.606 ; REGISTER_FSM:inst1|inst                         ; One_Counter:inst4|SRwPL:inst19|inst18           ; CLK          ; CLK         ; 1.000        ; 0.000      ; 1.642      ;
; -0.487 ; One_Counter:inst4|SRwPL:inst19|inst5            ; REGISTER_FSM:inst1|inst                         ; CLK          ; CLK         ; 1.000        ; 0.000      ; 1.523      ;
; -0.450 ; One_Counter:inst4|COUNTER32_UP_DOWN:inst1|inst1 ; One_Counter:inst4|COUNTER32_UP_DOWN:inst1|inst2 ; CLK          ; CLK         ; 1.000        ; 0.000      ; 1.486      ;
; -0.446 ; One_Counter:inst4|COUNTER32_UP_DOWN:inst1|inst1 ; One_Counter:inst4|COUNTER32_UP_DOWN:inst1|inst3 ; CLK          ; CLK         ; 1.000        ; 0.000      ; 1.482      ;
; -0.443 ; One_Counter:inst4|SRwPL:inst19|inst16           ; REGISTER_FSM:inst1|inst                         ; CLK          ; CLK         ; 1.000        ; 0.000      ; 1.479      ;
; -0.420 ; One_Counter:inst4|COUNTER32_UP_DOWN:inst1|inst  ; One_Counter:inst4|COUNTER32_UP_DOWN:inst1|inst2 ; CLK          ; CLK         ; 1.000        ; 0.000      ; 1.456      ;
; -0.416 ; One_Counter:inst4|COUNTER32_UP_DOWN:inst1|inst  ; One_Counter:inst4|COUNTER32_UP_DOWN:inst1|inst3 ; CLK          ; CLK         ; 1.000        ; 0.000      ; 1.452      ;
; -0.372 ; One_Counter:inst4|COUNTER32_UP_DOWN:inst1|inst4 ; One_Counter:inst4|COUNTER32_UP_DOWN:inst1|inst2 ; CLK          ; CLK         ; 1.000        ; 0.000      ; 1.408      ;
; -0.368 ; One_Counter:inst4|COUNTER32_UP_DOWN:inst1|inst4 ; One_Counter:inst4|COUNTER32_UP_DOWN:inst1|inst3 ; CLK          ; CLK         ; 1.000        ; 0.000      ; 1.404      ;
; -0.327 ; One_Counter:inst4|SRwPL:inst19|inst19           ; One_Counter:inst4|COUNTER32_UP_DOWN:inst1|inst2 ; CLK          ; CLK         ; 1.000        ; 0.000      ; 1.363      ;
; -0.324 ; One_Counter:inst4|SRwPL:inst19|inst17           ; One_Counter:inst4|SRwPL:inst19|inst18           ; CLK          ; CLK         ; 1.000        ; 0.000      ; 1.360      ;
; -0.323 ; One_Counter:inst4|SRwPL:inst19|inst19           ; One_Counter:inst4|COUNTER32_UP_DOWN:inst1|inst3 ; CLK          ; CLK         ; 1.000        ; 0.000      ; 1.359      ;
; -0.304 ; One_Counter:inst4|SRwPL:inst19|inst18           ; REGISTER_FSM:inst1|inst                         ; CLK          ; CLK         ; 1.000        ; 0.000      ; 1.340      ;
; -0.278 ; One_Counter:inst4|SRwPL:inst19|inst6            ; REGISTER_FSM:inst1|inst                         ; CLK          ; CLK         ; 1.000        ; 0.000      ; 1.314      ;
; -0.255 ; One_Counter:inst4|COUNTER32_UP_DOWN:inst1|inst  ; One_Counter:inst4|COUNTER32_UP_DOWN:inst1|inst1 ; CLK          ; CLK         ; 1.000        ; 0.000      ; 1.291      ;
; -0.222 ; REGISTER_FSM:inst1|inst                         ; One_Counter:inst4|SRwPL:inst19|inst5            ; CLK          ; CLK         ; 1.000        ; 0.000      ; 1.258      ;
; -0.221 ; REGISTER_FSM:inst1|inst                         ; One_Counter:inst4|SRwPL:inst19|inst15           ; CLK          ; CLK         ; 1.000        ; 0.000      ; 1.257      ;
; -0.221 ; REGISTER_FSM:inst1|inst                         ; One_Counter:inst4|SRwPL:inst19|inst19           ; CLK          ; CLK         ; 1.000        ; 0.000      ; 1.257      ;
; -0.218 ; One_Counter:inst4|SRwPL:inst19|inst19           ; One_Counter:inst4|COUNTER32_UP_DOWN:inst1|inst1 ; CLK          ; CLK         ; 1.000        ; 0.000      ; 1.254      ;
; -0.164 ; One_Counter:inst4|SRwPL:inst19|inst             ; REGISTER_FSM:inst1|inst                         ; CLK          ; CLK         ; 1.000        ; 0.000      ; 1.200      ;
; -0.100 ; One_Counter:inst4|SRwPL:inst19|inst19           ; One_Counter:inst4|COUNTER32_UP_DOWN:inst1|inst  ; CLK          ; CLK         ; 1.000        ; 0.000      ; 1.136      ;
; -0.075 ; REGISTER_FSM:inst1|inst                         ; One_Counter:inst4|SRwPL:inst19|inst             ; CLK          ; CLK         ; 1.000        ; 0.000      ; 1.111      ;
; -0.061 ; One_Counter:inst4|COUNTER32_UP_DOWN:inst1|inst2 ; One_Counter:inst4|COUNTER32_UP_DOWN:inst1|inst3 ; CLK          ; CLK         ; 1.000        ; 0.000      ; 1.097      ;
; -0.050 ; REGISTER_FSM:inst1|inst                         ; One_Counter:inst4|SRwPL:inst19|inst6            ; CLK          ; CLK         ; 1.000        ; 0.000      ; 1.086      ;
; -0.049 ; REGISTER_FSM:inst1|inst                         ; One_Counter:inst4|SRwPL:inst19|inst16           ; CLK          ; CLK         ; 1.000        ; 0.000      ; 1.085      ;
; -0.049 ; REGISTER_FSM:inst1|inst                         ; One_Counter:inst4|SRwPL:inst19|inst17           ; CLK          ; CLK         ; 1.000        ; 0.000      ; 1.085      ;
; -0.028 ; One_Counter:inst4|SRwPL:inst19|inst18           ; One_Counter:inst4|SRwPL:inst19|inst19           ; CLK          ; CLK         ; 1.000        ; 0.000      ; 1.064      ;
; 0.038  ; One_Counter:inst4|COUNTER32_UP_DOWN:inst1|inst4 ; One_Counter:inst4|COUNTER32_UP_DOWN:inst1|inst1 ; CLK          ; CLK         ; 1.000        ; 0.000      ; 0.998      ;
; 0.038  ; One_Counter:inst4|COUNTER32_UP_DOWN:inst1|inst4 ; One_Counter:inst4|COUNTER32_UP_DOWN:inst1|inst  ; CLK          ; CLK         ; 1.000        ; 0.000      ; 0.998      ;
; 0.090  ; One_Counter:inst4|SRwPL:inst19|inst5            ; One_Counter:inst4|SRwPL:inst19|inst             ; CLK          ; CLK         ; 1.000        ; 0.000      ; 0.946      ;
; 0.095  ; One_Counter:inst4|SRwPL:inst19|inst6            ; One_Counter:inst4|SRwPL:inst19|inst15           ; CLK          ; CLK         ; 1.000        ; 0.000      ; 0.941      ;
; 0.236  ; One_Counter:inst4|SRwPL:inst19|inst             ; One_Counter:inst4|SRwPL:inst19|inst6            ; CLK          ; CLK         ; 1.000        ; 0.000      ; 0.800      ;
; 0.236  ; One_Counter:inst4|SRwPL:inst19|inst16           ; One_Counter:inst4|SRwPL:inst19|inst17           ; CLK          ; CLK         ; 1.000        ; 0.000      ; 0.800      ;
; 0.237  ; One_Counter:inst4|SRwPL:inst19|inst15           ; One_Counter:inst4|SRwPL:inst19|inst16           ; CLK          ; CLK         ; 1.000        ; 0.000      ; 0.799      ;
; 0.379  ; REGISTER_FSM:inst1|inst                         ; REGISTER_FSM:inst1|inst                         ; CLK          ; CLK         ; 1.000        ; 0.000      ; 0.657      ;
; 0.379  ; One_Counter:inst4|COUNTER32_UP_DOWN:inst1|inst2 ; One_Counter:inst4|COUNTER32_UP_DOWN:inst1|inst2 ; CLK          ; CLK         ; 1.000        ; 0.000      ; 0.657      ;
; 0.379  ; One_Counter:inst4|COUNTER32_UP_DOWN:inst1|inst3 ; One_Counter:inst4|COUNTER32_UP_DOWN:inst1|inst3 ; CLK          ; CLK         ; 1.000        ; 0.000      ; 0.657      ;
; 0.379  ; One_Counter:inst4|COUNTER32_UP_DOWN:inst1|inst1 ; One_Counter:inst4|COUNTER32_UP_DOWN:inst1|inst1 ; CLK          ; CLK         ; 1.000        ; 0.000      ; 0.657      ;
; 0.379  ; One_Counter:inst4|COUNTER32_UP_DOWN:inst1|inst  ; One_Counter:inst4|COUNTER32_UP_DOWN:inst1|inst  ; CLK          ; CLK         ; 1.000        ; 0.000      ; 0.657      ;
+--------+-------------------------------------------------+-------------------------------------------------+--------------+-------------+--------------+------------+------------+


+---------------------------------------------------------------------------------------------------------------------------------------------------------------------------------+
; Slow Model Hold: 'CLK'                                                                                                                                                          ;
+-------+-------------------------------------------------+-------------------------------------------------+--------------+-------------+--------------+------------+------------+
; Slack ; From Node                                       ; To Node                                         ; Launch Clock ; Latch Clock ; Relationship ; Clock Skew ; Data Delay ;
+-------+-------------------------------------------------+-------------------------------------------------+--------------+-------------+--------------+------------+------------+
; 0.391 ; REGISTER_FSM:inst1|inst                         ; REGISTER_FSM:inst1|inst                         ; CLK          ; CLK         ; 0.000        ; 0.000      ; 0.657      ;
; 0.391 ; One_Counter:inst4|COUNTER32_UP_DOWN:inst1|inst  ; One_Counter:inst4|COUNTER32_UP_DOWN:inst1|inst  ; CLK          ; CLK         ; 0.000        ; 0.000      ; 0.657      ;
; 0.391 ; One_Counter:inst4|COUNTER32_UP_DOWN:inst1|inst1 ; One_Counter:inst4|COUNTER32_UP_DOWN:inst1|inst1 ; CLK          ; CLK         ; 0.000        ; 0.000      ; 0.657      ;
; 0.391 ; One_Counter:inst4|COUNTER32_UP_DOWN:inst1|inst2 ; One_Counter:inst4|COUNTER32_UP_DOWN:inst1|inst2 ; CLK          ; CLK         ; 0.000        ; 0.000      ; 0.657      ;
; 0.391 ; One_Counter:inst4|COUNTER32_UP_DOWN:inst1|inst3 ; One_Counter:inst4|COUNTER32_UP_DOWN:inst1|inst3 ; CLK          ; CLK         ; 0.000        ; 0.000      ; 0.657      ;
; 0.533 ; One_Counter:inst4|SRwPL:inst19|inst15           ; One_Counter:inst4|SRwPL:inst19|inst16           ; CLK          ; CLK         ; 0.000        ; 0.000      ; 0.799      ;
; 0.534 ; One_Counter:inst4|SRwPL:inst19|inst             ; One_Counter:inst4|SRwPL:inst19|inst6            ; CLK          ; CLK         ; 0.000        ; 0.000      ; 0.800      ;
; 0.534 ; One_Counter:inst4|SRwPL:inst19|inst16           ; One_Counter:inst4|SRwPL:inst19|inst17           ; CLK          ; CLK         ; 0.000        ; 0.000      ; 0.800      ;
; 0.675 ; One_Counter:inst4|SRwPL:inst19|inst6            ; One_Counter:inst4|SRwPL:inst19|inst15           ; CLK          ; CLK         ; 0.000        ; 0.000      ; 0.941      ;
; 0.680 ; One_Counter:inst4|SRwPL:inst19|inst5            ; One_Counter:inst4|SRwPL:inst19|inst             ; CLK          ; CLK         ; 0.000        ; 0.000      ; 0.946      ;
; 0.732 ; One_Counter:inst4|COUNTER32_UP_DOWN:inst1|inst4 ; One_Counter:inst4|COUNTER32_UP_DOWN:inst1|inst  ; CLK          ; CLK         ; 0.000        ; 0.000      ; 0.998      ;
; 0.732 ; One_Counter:inst4|COUNTER32_UP_DOWN:inst1|inst4 ; One_Counter:inst4|COUNTER32_UP_DOWN:inst1|inst1 ; CLK          ; CLK         ; 0.000        ; 0.000      ; 0.998      ;
; 0.798 ; One_Counter:inst4|SRwPL:inst19|inst18           ; One_Counter:inst4|SRwPL:inst19|inst19           ; CLK          ; CLK         ; 0.000        ; 0.000      ; 1.064      ;
; 0.819 ; REGISTER_FSM:inst1|inst                         ; One_Counter:inst4|SRwPL:inst19|inst16           ; CLK          ; CLK         ; 0.000        ; 0.000      ; 1.085      ;
; 0.819 ; REGISTER_FSM:inst1|inst                         ; One_Counter:inst4|SRwPL:inst19|inst17           ; CLK          ; CLK         ; 0.000        ; 0.000      ; 1.085      ;
; 0.820 ; REGISTER_FSM:inst1|inst                         ; One_Counter:inst4|SRwPL:inst19|inst6            ; CLK          ; CLK         ; 0.000        ; 0.000      ; 1.086      ;
; 0.831 ; One_Counter:inst4|COUNTER32_UP_DOWN:inst1|inst2 ; One_Counter:inst4|COUNTER32_UP_DOWN:inst1|inst3 ; CLK          ; CLK         ; 0.000        ; 0.000      ; 1.097      ;
; 0.845 ; REGISTER_FSM:inst1|inst                         ; One_Counter:inst4|SRwPL:inst19|inst             ; CLK          ; CLK         ; 0.000        ; 0.000      ; 1.111      ;
; 0.870 ; One_Counter:inst4|SRwPL:inst19|inst19           ; One_Counter:inst4|COUNTER32_UP_DOWN:inst1|inst  ; CLK          ; CLK         ; 0.000        ; 0.000      ; 1.136      ;
; 0.934 ; One_Counter:inst4|SRwPL:inst19|inst             ; REGISTER_FSM:inst1|inst                         ; CLK          ; CLK         ; 0.000        ; 0.000      ; 1.200      ;
; 0.988 ; One_Counter:inst4|SRwPL:inst19|inst19           ; One_Counter:inst4|COUNTER32_UP_DOWN:inst1|inst1 ; CLK          ; CLK         ; 0.000        ; 0.000      ; 1.254      ;
; 0.991 ; REGISTER_FSM:inst1|inst                         ; One_Counter:inst4|SRwPL:inst19|inst15           ; CLK          ; CLK         ; 0.000        ; 0.000      ; 1.257      ;
; 0.991 ; REGISTER_FSM:inst1|inst                         ; One_Counter:inst4|SRwPL:inst19|inst19           ; CLK          ; CLK         ; 0.000        ; 0.000      ; 1.257      ;
; 0.992 ; REGISTER_FSM:inst1|inst                         ; One_Counter:inst4|SRwPL:inst19|inst5            ; CLK          ; CLK         ; 0.000        ; 0.000      ; 1.258      ;
; 1.025 ; One_Counter:inst4|COUNTER32_UP_DOWN:inst1|inst  ; One_Counter:inst4|COUNTER32_UP_DOWN:inst1|inst1 ; CLK          ; CLK         ; 0.000        ; 0.000      ; 1.291      ;
; 1.048 ; One_Counter:inst4|SRwPL:inst19|inst6            ; REGISTER_FSM:inst1|inst                         ; CLK          ; CLK         ; 0.000        ; 0.000      ; 1.314      ;
; 1.074 ; One_Counter:inst4|SRwPL:inst19|inst18           ; REGISTER_FSM:inst1|inst                         ; CLK          ; CLK         ; 0.000        ; 0.000      ; 1.340      ;
; 1.093 ; One_Counter:inst4|SRwPL:inst19|inst19           ; One_Counter:inst4|COUNTER32_UP_DOWN:inst1|inst3 ; CLK          ; CLK         ; 0.000        ; 0.000      ; 1.359      ;
; 1.094 ; One_Counter:inst4|SRwPL:inst19|inst17           ; One_Counter:inst4|SRwPL:inst19|inst18           ; CLK          ; CLK         ; 0.000        ; 0.000      ; 1.360      ;
; 1.097 ; One_Counter:inst4|SRwPL:inst19|inst19           ; One_Counter:inst4|COUNTER32_UP_DOWN:inst1|inst2 ; CLK          ; CLK         ; 0.000        ; 0.000      ; 1.363      ;
; 1.138 ; One_Counter:inst4|COUNTER32_UP_DOWN:inst1|inst4 ; One_Counter:inst4|COUNTER32_UP_DOWN:inst1|inst3 ; CLK          ; CLK         ; 0.000        ; 0.000      ; 1.404      ;
; 1.142 ; One_Counter:inst4|COUNTER32_UP_DOWN:inst1|inst4 ; One_Counter:inst4|COUNTER32_UP_DOWN:inst1|inst2 ; CLK          ; CLK         ; 0.000        ; 0.000      ; 1.408      ;
; 1.186 ; One_Counter:inst4|COUNTER32_UP_DOWN:inst1|inst  ; One_Counter:inst4|COUNTER32_UP_DOWN:inst1|inst3 ; CLK          ; CLK         ; 0.000        ; 0.000      ; 1.452      ;
; 1.190 ; One_Counter:inst4|COUNTER32_UP_DOWN:inst1|inst  ; One_Counter:inst4|COUNTER32_UP_DOWN:inst1|inst2 ; CLK          ; CLK         ; 0.000        ; 0.000      ; 1.456      ;
; 1.213 ; One_Counter:inst4|SRwPL:inst19|inst16           ; REGISTER_FSM:inst1|inst                         ; CLK          ; CLK         ; 0.000        ; 0.000      ; 1.479      ;
; 1.216 ; One_Counter:inst4|COUNTER32_UP_DOWN:inst1|inst1 ; One_Counter:inst4|COUNTER32_UP_DOWN:inst1|inst3 ; CLK          ; CLK         ; 0.000        ; 0.000      ; 1.482      ;
; 1.220 ; One_Counter:inst4|COUNTER32_UP_DOWN:inst1|inst1 ; One_Counter:inst4|COUNTER32_UP_DOWN:inst1|inst2 ; CLK          ; CLK         ; 0.000        ; 0.000      ; 1.486      ;
; 1.257 ; One_Counter:inst4|SRwPL:inst19|inst5            ; REGISTER_FSM:inst1|inst                         ; CLK          ; CLK         ; 0.000        ; 0.000      ; 1.523      ;
; 1.376 ; REGISTER_FSM:inst1|inst                         ; One_Counter:inst4|SRwPL:inst19|inst18           ; CLK          ; CLK         ; 0.000        ; 0.000      ; 1.642      ;
; 1.389 ; One_Counter:inst4|SRwPL:inst19|inst15           ; REGISTER_FSM:inst1|inst                         ; CLK          ; CLK         ; 0.000        ; 0.000      ; 1.655      ;
; 1.431 ; One_Counter:inst4|SRwPL:inst19|inst19           ; One_Counter:inst4|COUNTER32_UP_DOWN:inst1|inst4 ; CLK          ; CLK         ; 0.000        ; 0.000      ; 1.697      ;
; 1.495 ; One_Counter:inst4|SRwPL:inst19|inst17           ; REGISTER_FSM:inst1|inst                         ; CLK          ; CLK         ; 0.000        ; 0.000      ; 1.761      ;
; 1.555 ; One_Counter:inst4|SRwPL:inst19|inst19           ; REGISTER_FSM:inst1|inst                         ; CLK          ; CLK         ; 0.000        ; 0.000      ; 1.821      ;
; 1.559 ; One_Counter:inst4|COUNTER32_UP_DOWN:inst1|inst4 ; One_Counter:inst4|COUNTER32_UP_DOWN:inst1|inst4 ; CLK          ; CLK         ; 0.000        ; 0.000      ; 1.825      ;
+-------+-------------------------------------------------+-------------------------------------------------+--------------+-------------+--------------+------------+------------+


+----------------------------------------------------------------------------------------------------------------------------------------------------------+
; Slow Model Recovery: 'CLK'                                                                                                                               ;
+--------+-------------------------+-------------------------------------------------+--------------+-------------+--------------+------------+------------+
; Slack  ; From Node               ; To Node                                         ; Launch Clock ; Latch Clock ; Relationship ; Clock Skew ; Data Delay ;
+--------+-------------------------+-------------------------------------------------+--------------+-------------+--------------+------------+------------+
; -0.305 ; REGISTER_FSM:inst1|inst ; One_Counter:inst4|COUNTER32_UP_DOWN:inst1|inst4 ; CLK          ; CLK         ; 1.000        ; 0.000      ; 1.341      ;
; -0.305 ; REGISTER_FSM:inst1|inst ; One_Counter:inst4|COUNTER32_UP_DOWN:inst1|inst  ; CLK          ; CLK         ; 1.000        ; 0.000      ; 1.341      ;
; -0.305 ; REGISTER_FSM:inst1|inst ; One_Counter:inst4|COUNTER32_UP_DOWN:inst1|inst1 ; CLK          ; CLK         ; 1.000        ; 0.000      ; 1.341      ;
; -0.305 ; REGISTER_FSM:inst1|inst ; One_Counter:inst4|COUNTER32_UP_DOWN:inst1|inst2 ; CLK          ; CLK         ; 1.000        ; 0.000      ; 1.341      ;
; -0.305 ; REGISTER_FSM:inst1|inst ; One_Counter:inst4|COUNTER32_UP_DOWN:inst1|inst3 ; CLK          ; CLK         ; 1.000        ; 0.000      ; 1.341      ;
+--------+-------------------------+-------------------------------------------------+--------------+-------------+--------------+------------+------------+


+---------------------------------------------------------------------------------------------------------------------------------------------------------+
; Slow Model Removal: 'CLK'                                                                                                                               ;
+-------+-------------------------+-------------------------------------------------+--------------+-------------+--------------+------------+------------+
; Slack ; From Node               ; To Node                                         ; Launch Clock ; Latch Clock ; Relationship ; Clock Skew ; Data Delay ;
+-------+-------------------------+-------------------------------------------------+--------------+-------------+--------------+------------+------------+
; 1.075 ; REGISTER_FSM:inst1|inst ; One_Counter:inst4|COUNTER32_UP_DOWN:inst1|inst4 ; CLK          ; CLK         ; 0.000        ; 0.000      ; 1.341      ;
; 1.075 ; REGISTER_FSM:inst1|inst ; One_Counter:inst4|COUNTER32_UP_DOWN:inst1|inst  ; CLK          ; CLK         ; 0.000        ; 0.000      ; 1.341      ;
; 1.075 ; REGISTER_FSM:inst1|inst ; One_Counter:inst4|COUNTER32_UP_DOWN:inst1|inst1 ; CLK          ; CLK         ; 0.000        ; 0.000      ; 1.341      ;
; 1.075 ; REGISTER_FSM:inst1|inst ; One_Counter:inst4|COUNTER32_UP_DOWN:inst1|inst2 ; CLK          ; CLK         ; 0.000        ; 0.000      ; 1.341      ;
; 1.075 ; REGISTER_FSM:inst1|inst ; One_Counter:inst4|COUNTER32_UP_DOWN:inst1|inst3 ; CLK          ; CLK         ; 0.000        ; 0.000      ; 1.341      ;
+-------+-------------------------+-------------------------------------------------+--------------+-------------+--------------+------------+------------+


+----------------------------------------------------------------------------------------------------------------------------------+
; Slow Model Minimum Pulse Width: 'CLK'                                                                                            ;
+--------+--------------+----------------+------------------+-------+------------+-------------------------------------------------+
; Slack  ; Actual Width ; Required Width ; Type             ; Clock ; Clock Edge ; Target                                          ;
+--------+--------------+----------------+------------------+-------+------------+-------------------------------------------------+
; -1.380 ; 1.000        ; 2.380          ; Port Rate        ; CLK   ; Rise       ; CLK                                             ;
; -0.500 ; 0.500        ; 1.000          ; High Pulse Width ; CLK   ; Rise       ; One_Counter:inst4|COUNTER32_UP_DOWN:inst1|inst  ;
; -0.500 ; 0.500        ; 1.000          ; Low Pulse Width  ; CLK   ; Rise       ; One_Counter:inst4|COUNTER32_UP_DOWN:inst1|inst  ;
; -0.500 ; 0.500        ; 1.000          ; High Pulse Width ; CLK   ; Rise       ; One_Counter:inst4|COUNTER32_UP_DOWN:inst1|inst1 ;
; -0.500 ; 0.500        ; 1.000          ; Low Pulse Width  ; CLK   ; Rise       ; One_Counter:inst4|COUNTER32_UP_DOWN:inst1|inst1 ;
; -0.500 ; 0.500        ; 1.000          ; High Pulse Width ; CLK   ; Rise       ; One_Counter:inst4|COUNTER32_UP_DOWN:inst1|inst2 ;
; -0.500 ; 0.500        ; 1.000          ; Low Pulse Width  ; CLK   ; Rise       ; One_Counter:inst4|COUNTER32_UP_DOWN:inst1|inst2 ;
; -0.500 ; 0.500        ; 1.000          ; High Pulse Width ; CLK   ; Rise       ; One_Counter:inst4|COUNTER32_UP_DOWN:inst1|inst3 ;
; -0.500 ; 0.500        ; 1.000          ; Low Pulse Width  ; CLK   ; Rise       ; One_Counter:inst4|COUNTER32_UP_DOWN:inst1|inst3 ;
; -0.500 ; 0.500        ; 1.000          ; High Pulse Width ; CLK   ; Rise       ; One_Counter:inst4|COUNTER32_UP_DOWN:inst1|inst4 ;
; -0.500 ; 0.500        ; 1.000          ; Low Pulse Width  ; CLK   ; Rise       ; One_Counter:inst4|COUNTER32_UP_DOWN:inst1|inst4 ;
; -0.500 ; 0.500        ; 1.000          ; High Pulse Width ; CLK   ; Rise       ; One_Counter:inst4|SRwPL:inst19|inst             ;
; -0.500 ; 0.500        ; 1.000          ; Low Pulse Width  ; CLK   ; Rise       ; One_Counter:inst4|SRwPL:inst19|inst             ;
; -0.500 ; 0.500        ; 1.000          ; High Pulse Width ; CLK   ; Rise       ; One_Counter:inst4|SRwPL:inst19|inst15           ;
; -0.500 ; 0.500        ; 1.000          ; Low Pulse Width  ; CLK   ; Rise       ; One_Counter:inst4|SRwPL:inst19|inst15           ;
; -0.500 ; 0.500        ; 1.000          ; High Pulse Width ; CLK   ; Rise       ; One_Counter:inst4|SRwPL:inst19|inst16           ;
; -0.500 ; 0.500        ; 1.000          ; Low Pulse Width  ; CLK   ; Rise       ; One_Counter:inst4|SRwPL:inst19|inst16           ;
; -0.500 ; 0.500        ; 1.000          ; High Pulse Width ; CLK   ; Rise       ; One_Counter:inst4|SRwPL:inst19|inst17           ;
; -0.500 ; 0.500        ; 1.000          ; Low Pulse Width  ; CLK   ; Rise       ; One_Counter:inst4|SRwPL:inst19|inst17           ;
; -0.500 ; 0.500        ; 1.000          ; High Pulse Width ; CLK   ; Rise       ; One_Counter:inst4|SRwPL:inst19|inst18           ;
; -0.500 ; 0.500        ; 1.000          ; Low Pulse Width  ; CLK   ; Rise       ; One_Counter:inst4|SRwPL:inst19|inst18           ;
; -0.500 ; 0.500        ; 1.000          ; High Pulse Width ; CLK   ; Rise       ; One_Counter:inst4|SRwPL:inst19|inst19           ;
; -0.500 ; 0.500        ; 1.000          ; Low Pulse Width  ; CLK   ; Rise       ; One_Counter:inst4|SRwPL:inst19|inst19           ;
; -0.500 ; 0.500        ; 1.000          ; High Pulse Width ; CLK   ; Rise       ; One_Counter:inst4|SRwPL:inst19|inst5            ;
; -0.500 ; 0.500        ; 1.000          ; Low Pulse Width  ; CLK   ; Rise       ; One_Counter:inst4|SRwPL:inst19|inst5            ;
; -0.500 ; 0.500        ; 1.000          ; High Pulse Width ; CLK   ; Rise       ; One_Counter:inst4|SRwPL:inst19|inst6            ;
; -0.500 ; 0.500        ; 1.000          ; Low Pulse Width  ; CLK   ; Rise       ; One_Counter:inst4|SRwPL:inst19|inst6            ;
; -0.500 ; 0.500        ; 1.000          ; High Pulse Width ; CLK   ; Rise       ; REGISTER_FSM:inst1|inst                         ;
; -0.500 ; 0.500        ; 1.000          ; Low Pulse Width  ; CLK   ; Rise       ; REGISTER_FSM:inst1|inst                         ;
; 0.500  ; 0.500        ; 0.000          ; High Pulse Width ; CLK   ; Rise       ; CLK|combout                                     ;
; 0.500  ; 0.500        ; 0.000          ; Low Pulse Width  ; CLK   ; Rise       ; CLK|combout                                     ;
; 0.500  ; 0.500        ; 0.000          ; High Pulse Width ; CLK   ; Rise       ; CLK~clkctrl|inclk[0]                            ;
; 0.500  ; 0.500        ; 0.000          ; Low Pulse Width  ; CLK   ; Rise       ; CLK~clkctrl|inclk[0]                            ;
; 0.500  ; 0.500        ; 0.000          ; High Pulse Width ; CLK   ; Rise       ; CLK~clkctrl|outclk                              ;
; 0.500  ; 0.500        ; 0.000          ; Low Pulse Width  ; CLK   ; Rise       ; CLK~clkctrl|outclk                              ;
; 0.500  ; 0.500        ; 0.000          ; High Pulse Width ; CLK   ; Rise       ; inst1|inst|clk                                  ;
; 0.500  ; 0.500        ; 0.000          ; Low Pulse Width  ; CLK   ; Rise       ; inst1|inst|clk                                  ;
; 0.500  ; 0.500        ; 0.000          ; High Pulse Width ; CLK   ; Rise       ; inst4|inst19|inst15|clk                         ;
; 0.500  ; 0.500        ; 0.000          ; Low Pulse Width  ; CLK   ; Rise       ; inst4|inst19|inst15|clk                         ;
; 0.500  ; 0.500        ; 0.000          ; High Pulse Width ; CLK   ; Rise       ; inst4|inst19|inst16|clk                         ;
; 0.500  ; 0.500        ; 0.000          ; Low Pulse Width  ; CLK   ; Rise       ; inst4|inst19|inst16|clk                         ;
; 0.500  ; 0.500        ; 0.000          ; High Pulse Width ; CLK   ; Rise       ; inst4|inst19|inst17|clk                         ;
; 0.500  ; 0.500        ; 0.000          ; Low Pulse Width  ; CLK   ; Rise       ; inst4|inst19|inst17|clk                         ;
; 0.500  ; 0.500        ; 0.000          ; High Pulse Width ; CLK   ; Rise       ; inst4|inst19|inst18|clk                         ;
; 0.500  ; 0.500        ; 0.000          ; Low Pulse Width  ; CLK   ; Rise       ; inst4|inst19|inst18|clk                         ;
; 0.500  ; 0.500        ; 0.000          ; High Pulse Width ; CLK   ; Rise       ; inst4|inst19|inst19|clk                         ;
; 0.500  ; 0.500        ; 0.000          ; Low Pulse Width  ; CLK   ; Rise       ; inst4|inst19|inst19|clk                         ;
; 0.500  ; 0.500        ; 0.000          ; High Pulse Width ; CLK   ; Rise       ; inst4|inst19|inst5|clk                          ;
; 0.500  ; 0.500        ; 0.000          ; Low Pulse Width  ; CLK   ; Rise       ; inst4|inst19|inst5|clk                          ;
; 0.500  ; 0.500        ; 0.000          ; High Pulse Width ; CLK   ; Rise       ; inst4|inst19|inst6|clk                          ;
; 0.500  ; 0.500        ; 0.000          ; Low Pulse Width  ; CLK   ; Rise       ; inst4|inst19|inst6|clk                          ;
; 0.500  ; 0.500        ; 0.000          ; High Pulse Width ; CLK   ; Rise       ; inst4|inst19|inst|clk                           ;
; 0.500  ; 0.500        ; 0.000          ; Low Pulse Width  ; CLK   ; Rise       ; inst4|inst19|inst|clk                           ;
; 0.500  ; 0.500        ; 0.000          ; High Pulse Width ; CLK   ; Rise       ; inst4|inst1|inst1|clk                           ;
; 0.500  ; 0.500        ; 0.000          ; Low Pulse Width  ; CLK   ; Rise       ; inst4|inst1|inst1|clk                           ;
; 0.500  ; 0.500        ; 0.000          ; High Pulse Width ; CLK   ; Rise       ; inst4|inst1|inst2|clk                           ;
; 0.500  ; 0.500        ; 0.000          ; Low Pulse Width  ; CLK   ; Rise       ; inst4|inst1|inst2|clk                           ;
; 0.500  ; 0.500        ; 0.000          ; High Pulse Width ; CLK   ; Rise       ; inst4|inst1|inst3|clk                           ;
; 0.500  ; 0.500        ; 0.000          ; Low Pulse Width  ; CLK   ; Rise       ; inst4|inst1|inst3|clk                           ;
; 0.500  ; 0.500        ; 0.000          ; High Pulse Width ; CLK   ; Rise       ; inst4|inst1|inst4|clk                           ;
; 0.500  ; 0.500        ; 0.000          ; Low Pulse Width  ; CLK   ; Rise       ; inst4|inst1|inst4|clk                           ;
; 0.500  ; 0.500        ; 0.000          ; High Pulse Width ; CLK   ; Rise       ; inst4|inst1|inst|clk                            ;
; 0.500  ; 0.500        ; 0.000          ; Low Pulse Width  ; CLK   ; Rise       ; inst4|inst1|inst|clk                            ;
+--------+--------------+----------------+------------------+-------+------------+-------------------------------------------------+


+-------------------------------------------------------------------------+
; Setup Times                                                             ;
+-----------+------------+--------+--------+------------+-----------------+
; Data Port ; Clock Port ; Rise   ; Fall   ; Clock Edge ; Clock Reference ;
+-----------+------------+--------+--------+------------+-----------------+
; I[*]      ; CLK        ; 4.230  ; 4.230  ; Rise       ; CLK             ;
;  I[0]     ; CLK        ; 3.649  ; 3.649  ; Rise       ; CLK             ;
;  I[1]     ; CLK        ; 4.230  ; 4.230  ; Rise       ; CLK             ;
;  I[2]     ; CLK        ; 3.465  ; 3.465  ; Rise       ; CLK             ;
;  I[3]     ; CLK        ; 3.245  ; 3.245  ; Rise       ; CLK             ;
;  I[4]     ; CLK        ; 3.416  ; 3.416  ; Rise       ; CLK             ;
;  I[5]     ; CLK        ; 3.481  ; 3.481  ; Rise       ; CLK             ;
;  I[6]     ; CLK        ; 0.243  ; 0.243  ; Rise       ; CLK             ;
;  I[7]     ; CLK        ; -0.043 ; -0.043 ; Rise       ; CLK             ;
; START     ; CLK        ; 3.701  ; 3.701  ; Rise       ; CLK             ;
+-----------+------------+--------+--------+------------+-----------------+


+-------------------------------------------------------------------------+
; Hold Times                                                              ;
+-----------+------------+--------+--------+------------+-----------------+
; Data Port ; Clock Port ; Rise   ; Fall   ; Clock Edge ; Clock Reference ;
+-----------+------------+--------+--------+------------+-----------------+
; I[*]      ; CLK        ; 0.273  ; 0.273  ; Rise       ; CLK             ;
;  I[0]     ; CLK        ; -3.419 ; -3.419 ; Rise       ; CLK             ;
;  I[1]     ; CLK        ; -4.000 ; -4.000 ; Rise       ; CLK             ;
;  I[2]     ; CLK        ; -3.235 ; -3.235 ; Rise       ; CLK             ;
;  I[3]     ; CLK        ; -3.015 ; -3.015 ; Rise       ; CLK             ;
;  I[4]     ; CLK        ; -3.186 ; -3.186 ; Rise       ; CLK             ;
;  I[5]     ; CLK        ; -3.251 ; -3.251 ; Rise       ; CLK             ;
;  I[6]     ; CLK        ; -0.013 ; -0.013 ; Rise       ; CLK             ;
;  I[7]     ; CLK        ; 0.273  ; 0.273  ; Rise       ; CLK             ;
; START     ; CLK        ; -3.471 ; -3.471 ; Rise       ; CLK             ;
+-----------+------------+--------+--------+------------+-----------------+


+------------------------------------------------------------------------+
; Clock to Output Times                                                  ;
+------------+------------+-------+-------+------------+-----------------+
; Data Port  ; Clock Port ; Rise  ; Fall  ; Clock Edge ; Clock Reference ;
+------------+------------+-------+-------+------------+-----------------+
; DONE       ; CLK        ; 8.024 ; 8.024 ; Rise       ; CLK             ;
; RESULT[*]  ; CLK        ; 6.637 ; 6.637 ; Rise       ; CLK             ;
;  RESULT[0] ; CLK        ; 6.574 ; 6.574 ; Rise       ; CLK             ;
;  RESULT[1] ; CLK        ; 6.637 ; 6.637 ; Rise       ; CLK             ;
;  RESULT[2] ; CLK        ; 6.338 ; 6.338 ; Rise       ; CLK             ;
;  RESULT[3] ; CLK        ; 6.368 ; 6.368 ; Rise       ; CLK             ;
;  RESULT[4] ; CLK        ; 6.572 ; 6.572 ; Rise       ; CLK             ;
+------------+------------+-------+-------+------------+-----------------+


+------------------------------------------------------------------------+
; Minimum Clock to Output Times                                          ;
+------------+------------+-------+-------+------------+-----------------+
; Data Port  ; Clock Port ; Rise  ; Fall  ; Clock Edge ; Clock Reference ;
+------------+------------+-------+-------+------------+-----------------+
; DONE       ; CLK        ; 7.523 ; 7.523 ; Rise       ; CLK             ;
; RESULT[*]  ; CLK        ; 6.338 ; 6.338 ; Rise       ; CLK             ;
;  RESULT[0] ; CLK        ; 6.574 ; 6.574 ; Rise       ; CLK             ;
;  RESULT[1] ; CLK        ; 6.637 ; 6.637 ; Rise       ; CLK             ;
;  RESULT[2] ; CLK        ; 6.338 ; 6.338 ; Rise       ; CLK             ;
;  RESULT[3] ; CLK        ; 6.368 ; 6.368 ; Rise       ; CLK             ;
;  RESULT[4] ; CLK        ; 6.572 ; 6.572 ; Rise       ; CLK             ;
+------------+------------+-------+-------+------------+-----------------+


+-----------------------------------------------------------------------+
; Output Enable Times                                                   ;
+------------+------------+-------+------+------------+-----------------+
; Data Port  ; Clock Port ; Rise  ; Fall ; Clock Edge ; Clock Reference ;
+------------+------------+-------+------+------------+-----------------+
; RESULT[*]  ; CLK        ; 7.767 ;      ; Rise       ; CLK             ;
;  RESULT[0] ; CLK        ; 7.981 ;      ; Rise       ; CLK             ;
;  RESULT[1] ; CLK        ; 7.976 ;      ; Rise       ; CLK             ;
;  RESULT[2] ; CLK        ; 7.976 ;      ; Rise       ; CLK             ;
;  RESULT[3] ; CLK        ; 8.006 ;      ; Rise       ; CLK             ;
;  RESULT[4] ; CLK        ; 7.767 ;      ; Rise       ; CLK             ;
+------------+------------+-------+------+------------+-----------------+


+-----------------------------------------------------------------------+
; Minimum Output Enable Times                                           ;
+------------+------------+-------+------+------------+-----------------+
; Data Port  ; Clock Port ; Rise  ; Fall ; Clock Edge ; Clock Reference ;
+------------+------------+-------+------+------------+-----------------+
; RESULT[*]  ; CLK        ; 7.266 ;      ; Rise       ; CLK             ;
;  RESULT[0] ; CLK        ; 7.480 ;      ; Rise       ; CLK             ;
;  RESULT[1] ; CLK        ; 7.475 ;      ; Rise       ; CLK             ;
;  RESULT[2] ; CLK        ; 7.475 ;      ; Rise       ; CLK             ;
;  RESULT[3] ; CLK        ; 7.505 ;      ; Rise       ; CLK             ;
;  RESULT[4] ; CLK        ; 7.266 ;      ; Rise       ; CLK             ;
+------------+------------+-------+------+------------+-----------------+


+--------------------------------------------------------------------------------+
; Output Disable Times                                                           ;
+------------+------------+-----------+-----------+------------+-----------------+
; Data Port  ; Clock Port ; 0 to Hi-Z ; 1 to Hi-Z ; Clock Edge ; Clock Reference ;
+------------+------------+-----------+-----------+------------+-----------------+
; RESULT[*]  ; CLK        ; 7.767     ;           ; Rise       ; CLK             ;
;  RESULT[0] ; CLK        ; 7.981     ;           ; Rise       ; CLK             ;
;  RESULT[1] ; CLK        ; 7.976     ;           ; Rise       ; CLK             ;
;  RESULT[2] ; CLK        ; 7.976     ;           ; Rise       ; CLK             ;
;  RESULT[3] ; CLK        ; 8.006     ;           ; Rise       ; CLK             ;
;  RESULT[4] ; CLK        ; 7.767     ;           ; Rise       ; CLK             ;
+------------+------------+-----------+-----------+------------+-----------------+


+--------------------------------------------------------------------------------+
; Minimum Output Disable Times                                                   ;
+------------+------------+-----------+-----------+------------+-----------------+
; Data Port  ; Clock Port ; 0 to Hi-Z ; 1 to Hi-Z ; Clock Edge ; Clock Reference ;
+------------+------------+-----------+-----------+------------+-----------------+
; RESULT[*]  ; CLK        ; 7.266     ;           ; Rise       ; CLK             ;
;  RESULT[0] ; CLK        ; 7.480     ;           ; Rise       ; CLK             ;
;  RESULT[1] ; CLK        ; 7.475     ;           ; Rise       ; CLK             ;
;  RESULT[2] ; CLK        ; 7.475     ;           ; Rise       ; CLK             ;
;  RESULT[3] ; CLK        ; 7.505     ;           ; Rise       ; CLK             ;
;  RESULT[4] ; CLK        ; 7.266     ;           ; Rise       ; CLK             ;
+------------+------------+-----------+-----------+------------+-----------------+


+-------------------------------+
; Fast Model Setup Summary      ;
+-------+-------+---------------+
; Clock ; Slack ; End Point TNS ;
+-------+-------+---------------+
; CLK   ; 0.177 ; 0.000         ;
+-------+-------+---------------+


+-------------------------------+
; Fast Model Hold Summary       ;
+-------+-------+---------------+
; Clock ; Slack ; End Point TNS ;
+-------+-------+---------------+
; CLK   ; 0.215 ; 0.000         ;
+-------+-------+---------------+


+-------------------------------+
; Fast Model Recovery Summary   ;
+-------+-------+---------------+
; Clock ; Slack ; End Point TNS ;
+-------+-------+---------------+
; CLK   ; 0.275 ; 0.000         ;
+-------+-------+---------------+


+-------------------------------+
; Fast Model Removal Summary    ;
+-------+-------+---------------+
; Clock ; Slack ; End Point TNS ;
+-------+-------+---------------+
; CLK   ; 0.605 ; 0.000         ;
+-------+-------+---------------+


+----------------------------------------+
; Fast Model Minimum Pulse Width Summary ;
+-------+--------+-----------------------+
; Clock ; Slack  ; End Point TNS         ;
+-------+--------+-----------------------+
; CLK   ; -1.380 ; -15.380               ;
+-------+--------+-----------------------+


+---------------------------------------------------------------------------------------------------------------------------------------------------------------------------------+
; Fast Model Setup: 'CLK'                                                                                                                                                         ;
+-------+-------------------------------------------------+-------------------------------------------------+--------------+-------------+--------------+------------+------------+
; Slack ; From Node                                       ; To Node                                         ; Launch Clock ; Latch Clock ; Relationship ; Clock Skew ; Data Delay ;
+-------+-------------------------------------------------+-------------------------------------------------+--------------+-------------+--------------+------------+------------+
; 0.177 ; One_Counter:inst4|COUNTER32_UP_DOWN:inst1|inst4 ; One_Counter:inst4|COUNTER32_UP_DOWN:inst1|inst4 ; CLK          ; CLK         ; 1.000        ; 0.000      ; 0.855      ;
; 0.200 ; One_Counter:inst4|SRwPL:inst19|inst19           ; REGISTER_FSM:inst1|inst                         ; CLK          ; CLK         ; 1.000        ; 0.000      ; 0.832      ;
; 0.224 ; One_Counter:inst4|SRwPL:inst19|inst17           ; REGISTER_FSM:inst1|inst                         ; CLK          ; CLK         ; 1.000        ; 0.000      ; 0.808      ;
; 0.227 ; One_Counter:inst4|SRwPL:inst19|inst19           ; One_Counter:inst4|COUNTER32_UP_DOWN:inst1|inst4 ; CLK          ; CLK         ; 1.000        ; 0.000      ; 0.805      ;
; 0.230 ; REGISTER_FSM:inst1|inst                         ; One_Counter:inst4|SRwPL:inst19|inst18           ; CLK          ; CLK         ; 1.000        ; 0.000      ; 0.802      ;
; 0.271 ; One_Counter:inst4|SRwPL:inst19|inst15           ; REGISTER_FSM:inst1|inst                         ; CLK          ; CLK         ; 1.000        ; 0.000      ; 0.761      ;
; 0.326 ; One_Counter:inst4|COUNTER32_UP_DOWN:inst1|inst1 ; One_Counter:inst4|COUNTER32_UP_DOWN:inst1|inst2 ; CLK          ; CLK         ; 1.000        ; 0.000      ; 0.706      ;
; 0.327 ; One_Counter:inst4|SRwPL:inst19|inst5            ; REGISTER_FSM:inst1|inst                         ; CLK          ; CLK         ; 1.000        ; 0.000      ; 0.705      ;
; 0.330 ; One_Counter:inst4|COUNTER32_UP_DOWN:inst1|inst1 ; One_Counter:inst4|COUNTER32_UP_DOWN:inst1|inst3 ; CLK          ; CLK         ; 1.000        ; 0.000      ; 0.702      ;
; 0.339 ; One_Counter:inst4|COUNTER32_UP_DOWN:inst1|inst  ; One_Counter:inst4|COUNTER32_UP_DOWN:inst1|inst2 ; CLK          ; CLK         ; 1.000        ; 0.000      ; 0.693      ;
; 0.343 ; One_Counter:inst4|COUNTER32_UP_DOWN:inst1|inst  ; One_Counter:inst4|COUNTER32_UP_DOWN:inst1|inst3 ; CLK          ; CLK         ; 1.000        ; 0.000      ; 0.689      ;
; 0.346 ; One_Counter:inst4|SRwPL:inst19|inst16           ; REGISTER_FSM:inst1|inst                         ; CLK          ; CLK         ; 1.000        ; 0.000      ; 0.686      ;
; 0.367 ; One_Counter:inst4|SRwPL:inst19|inst17           ; One_Counter:inst4|SRwPL:inst19|inst18           ; CLK          ; CLK         ; 1.000        ; 0.000      ; 0.665      ;
; 0.368 ; One_Counter:inst4|COUNTER32_UP_DOWN:inst1|inst4 ; One_Counter:inst4|COUNTER32_UP_DOWN:inst1|inst2 ; CLK          ; CLK         ; 1.000        ; 0.000      ; 0.664      ;
; 0.372 ; One_Counter:inst4|COUNTER32_UP_DOWN:inst1|inst4 ; One_Counter:inst4|COUNTER32_UP_DOWN:inst1|inst3 ; CLK          ; CLK         ; 1.000        ; 0.000      ; 0.660      ;
; 0.374 ; One_Counter:inst4|SRwPL:inst19|inst19           ; One_Counter:inst4|COUNTER32_UP_DOWN:inst1|inst2 ; CLK          ; CLK         ; 1.000        ; 0.000      ; 0.658      ;
; 0.377 ; One_Counter:inst4|SRwPL:inst19|inst18           ; REGISTER_FSM:inst1|inst                         ; CLK          ; CLK         ; 1.000        ; 0.000      ; 0.655      ;
; 0.378 ; One_Counter:inst4|SRwPL:inst19|inst19           ; One_Counter:inst4|COUNTER32_UP_DOWN:inst1|inst3 ; CLK          ; CLK         ; 1.000        ; 0.000      ; 0.654      ;
; 0.407 ; One_Counter:inst4|SRwPL:inst19|inst6            ; REGISTER_FSM:inst1|inst                         ; CLK          ; CLK         ; 1.000        ; 0.000      ; 0.625      ;
; 0.424 ; One_Counter:inst4|COUNTER32_UP_DOWN:inst1|inst  ; One_Counter:inst4|COUNTER32_UP_DOWN:inst1|inst1 ; CLK          ; CLK         ; 1.000        ; 0.000      ; 0.608      ;
; 0.427 ; REGISTER_FSM:inst1|inst                         ; One_Counter:inst4|SRwPL:inst19|inst15           ; CLK          ; CLK         ; 1.000        ; 0.000      ; 0.605      ;
; 0.427 ; REGISTER_FSM:inst1|inst                         ; One_Counter:inst4|SRwPL:inst19|inst5            ; CLK          ; CLK         ; 1.000        ; 0.000      ; 0.605      ;
; 0.428 ; REGISTER_FSM:inst1|inst                         ; One_Counter:inst4|SRwPL:inst19|inst19           ; CLK          ; CLK         ; 1.000        ; 0.000      ; 0.604      ;
; 0.438 ; One_Counter:inst4|SRwPL:inst19|inst19           ; One_Counter:inst4|COUNTER32_UP_DOWN:inst1|inst1 ; CLK          ; CLK         ; 1.000        ; 0.000      ; 0.594      ;
; 0.466 ; One_Counter:inst4|SRwPL:inst19|inst             ; REGISTER_FSM:inst1|inst                         ; CLK          ; CLK         ; 1.000        ; 0.000      ; 0.566      ;
; 0.490 ; One_Counter:inst4|SRwPL:inst19|inst19           ; One_Counter:inst4|COUNTER32_UP_DOWN:inst1|inst  ; CLK          ; CLK         ; 1.000        ; 0.000      ; 0.542      ;
; 0.494 ; REGISTER_FSM:inst1|inst                         ; One_Counter:inst4|SRwPL:inst19|inst             ; CLK          ; CLK         ; 1.000        ; 0.000      ; 0.538      ;
; 0.495 ; REGISTER_FSM:inst1|inst                         ; One_Counter:inst4|SRwPL:inst19|inst6            ; CLK          ; CLK         ; 1.000        ; 0.000      ; 0.537      ;
; 0.496 ; REGISTER_FSM:inst1|inst                         ; One_Counter:inst4|SRwPL:inst19|inst16           ; CLK          ; CLK         ; 1.000        ; 0.000      ; 0.536      ;
; 0.497 ; REGISTER_FSM:inst1|inst                         ; One_Counter:inst4|SRwPL:inst19|inst17           ; CLK          ; CLK         ; 1.000        ; 0.000      ; 0.535      ;
; 0.502 ; One_Counter:inst4|COUNTER32_UP_DOWN:inst1|inst2 ; One_Counter:inst4|COUNTER32_UP_DOWN:inst1|inst3 ; CLK          ; CLK         ; 1.000        ; 0.000      ; 0.530      ;
; 0.513 ; One_Counter:inst4|SRwPL:inst19|inst18           ; One_Counter:inst4|SRwPL:inst19|inst19           ; CLK          ; CLK         ; 1.000        ; 0.000      ; 0.519      ;
; 0.542 ; One_Counter:inst4|COUNTER32_UP_DOWN:inst1|inst4 ; One_Counter:inst4|COUNTER32_UP_DOWN:inst1|inst  ; CLK          ; CLK         ; 1.000        ; 0.000      ; 0.490      ;
; 0.544 ; One_Counter:inst4|COUNTER32_UP_DOWN:inst1|inst4 ; One_Counter:inst4|COUNTER32_UP_DOWN:inst1|inst1 ; CLK          ; CLK         ; 1.000        ; 0.000      ; 0.488      ;
; 0.570 ; One_Counter:inst4|SRwPL:inst19|inst6            ; One_Counter:inst4|SRwPL:inst19|inst15           ; CLK          ; CLK         ; 1.000        ; 0.000      ; 0.462      ;
; 0.572 ; One_Counter:inst4|SRwPL:inst19|inst5            ; One_Counter:inst4|SRwPL:inst19|inst             ; CLK          ; CLK         ; 1.000        ; 0.000      ; 0.460      ;
; 0.631 ; One_Counter:inst4|SRwPL:inst19|inst             ; One_Counter:inst4|SRwPL:inst19|inst6            ; CLK          ; CLK         ; 1.000        ; 0.000      ; 0.401      ;
; 0.632 ; One_Counter:inst4|SRwPL:inst19|inst16           ; One_Counter:inst4|SRwPL:inst19|inst17           ; CLK          ; CLK         ; 1.000        ; 0.000      ; 0.400      ;
; 0.635 ; One_Counter:inst4|SRwPL:inst19|inst15           ; One_Counter:inst4|SRwPL:inst19|inst16           ; CLK          ; CLK         ; 1.000        ; 0.000      ; 0.397      ;
; 0.665 ; REGISTER_FSM:inst1|inst                         ; REGISTER_FSM:inst1|inst                         ; CLK          ; CLK         ; 1.000        ; 0.000      ; 0.367      ;
; 0.665 ; One_Counter:inst4|COUNTER32_UP_DOWN:inst1|inst2 ; One_Counter:inst4|COUNTER32_UP_DOWN:inst1|inst2 ; CLK          ; CLK         ; 1.000        ; 0.000      ; 0.367      ;
; 0.665 ; One_Counter:inst4|COUNTER32_UP_DOWN:inst1|inst3 ; One_Counter:inst4|COUNTER32_UP_DOWN:inst1|inst3 ; CLK          ; CLK         ; 1.000        ; 0.000      ; 0.367      ;
; 0.665 ; One_Counter:inst4|COUNTER32_UP_DOWN:inst1|inst1 ; One_Counter:inst4|COUNTER32_UP_DOWN:inst1|inst1 ; CLK          ; CLK         ; 1.000        ; 0.000      ; 0.367      ;
; 0.665 ; One_Counter:inst4|COUNTER32_UP_DOWN:inst1|inst  ; One_Counter:inst4|COUNTER32_UP_DOWN:inst1|inst  ; CLK          ; CLK         ; 1.000        ; 0.000      ; 0.367      ;
+-------+-------------------------------------------------+-------------------------------------------------+--------------+-------------+--------------+------------+------------+


+---------------------------------------------------------------------------------------------------------------------------------------------------------------------------------+
; Fast Model Hold: 'CLK'                                                                                                                                                          ;
+-------+-------------------------------------------------+-------------------------------------------------+--------------+-------------+--------------+------------+------------+
; Slack ; From Node                                       ; To Node                                         ; Launch Clock ; Latch Clock ; Relationship ; Clock Skew ; Data Delay ;
+-------+-------------------------------------------------+-------------------------------------------------+--------------+-------------+--------------+------------+------------+
; 0.215 ; REGISTER_FSM:inst1|inst                         ; REGISTER_FSM:inst1|inst                         ; CLK          ; CLK         ; 0.000        ; 0.000      ; 0.367      ;
; 0.215 ; One_Counter:inst4|COUNTER32_UP_DOWN:inst1|inst  ; One_Counter:inst4|COUNTER32_UP_DOWN:inst1|inst  ; CLK          ; CLK         ; 0.000        ; 0.000      ; 0.367      ;
; 0.215 ; One_Counter:inst4|COUNTER32_UP_DOWN:inst1|inst1 ; One_Counter:inst4|COUNTER32_UP_DOWN:inst1|inst1 ; CLK          ; CLK         ; 0.000        ; 0.000      ; 0.367      ;
; 0.215 ; One_Counter:inst4|COUNTER32_UP_DOWN:inst1|inst2 ; One_Counter:inst4|COUNTER32_UP_DOWN:inst1|inst2 ; CLK          ; CLK         ; 0.000        ; 0.000      ; 0.367      ;
; 0.215 ; One_Counter:inst4|COUNTER32_UP_DOWN:inst1|inst3 ; One_Counter:inst4|COUNTER32_UP_DOWN:inst1|inst3 ; CLK          ; CLK         ; 0.000        ; 0.000      ; 0.367      ;
; 0.245 ; One_Counter:inst4|SRwPL:inst19|inst15           ; One_Counter:inst4|SRwPL:inst19|inst16           ; CLK          ; CLK         ; 0.000        ; 0.000      ; 0.397      ;
; 0.248 ; One_Counter:inst4|SRwPL:inst19|inst16           ; One_Counter:inst4|SRwPL:inst19|inst17           ; CLK          ; CLK         ; 0.000        ; 0.000      ; 0.400      ;
; 0.249 ; One_Counter:inst4|SRwPL:inst19|inst             ; One_Counter:inst4|SRwPL:inst19|inst6            ; CLK          ; CLK         ; 0.000        ; 0.000      ; 0.401      ;
; 0.308 ; One_Counter:inst4|SRwPL:inst19|inst5            ; One_Counter:inst4|SRwPL:inst19|inst             ; CLK          ; CLK         ; 0.000        ; 0.000      ; 0.460      ;
; 0.310 ; One_Counter:inst4|SRwPL:inst19|inst6            ; One_Counter:inst4|SRwPL:inst19|inst15           ; CLK          ; CLK         ; 0.000        ; 0.000      ; 0.462      ;
; 0.336 ; One_Counter:inst4|COUNTER32_UP_DOWN:inst1|inst4 ; One_Counter:inst4|COUNTER32_UP_DOWN:inst1|inst1 ; CLK          ; CLK         ; 0.000        ; 0.000      ; 0.488      ;
; 0.338 ; One_Counter:inst4|COUNTER32_UP_DOWN:inst1|inst4 ; One_Counter:inst4|COUNTER32_UP_DOWN:inst1|inst  ; CLK          ; CLK         ; 0.000        ; 0.000      ; 0.490      ;
; 0.367 ; One_Counter:inst4|SRwPL:inst19|inst18           ; One_Counter:inst4|SRwPL:inst19|inst19           ; CLK          ; CLK         ; 0.000        ; 0.000      ; 0.519      ;
; 0.378 ; One_Counter:inst4|COUNTER32_UP_DOWN:inst1|inst2 ; One_Counter:inst4|COUNTER32_UP_DOWN:inst1|inst3 ; CLK          ; CLK         ; 0.000        ; 0.000      ; 0.530      ;
; 0.383 ; REGISTER_FSM:inst1|inst                         ; One_Counter:inst4|SRwPL:inst19|inst17           ; CLK          ; CLK         ; 0.000        ; 0.000      ; 0.535      ;
; 0.384 ; REGISTER_FSM:inst1|inst                         ; One_Counter:inst4|SRwPL:inst19|inst16           ; CLK          ; CLK         ; 0.000        ; 0.000      ; 0.536      ;
; 0.385 ; REGISTER_FSM:inst1|inst                         ; One_Counter:inst4|SRwPL:inst19|inst6            ; CLK          ; CLK         ; 0.000        ; 0.000      ; 0.537      ;
; 0.386 ; REGISTER_FSM:inst1|inst                         ; One_Counter:inst4|SRwPL:inst19|inst             ; CLK          ; CLK         ; 0.000        ; 0.000      ; 0.538      ;
; 0.390 ; One_Counter:inst4|SRwPL:inst19|inst19           ; One_Counter:inst4|COUNTER32_UP_DOWN:inst1|inst  ; CLK          ; CLK         ; 0.000        ; 0.000      ; 0.542      ;
; 0.414 ; One_Counter:inst4|SRwPL:inst19|inst             ; REGISTER_FSM:inst1|inst                         ; CLK          ; CLK         ; 0.000        ; 0.000      ; 0.566      ;
; 0.442 ; One_Counter:inst4|SRwPL:inst19|inst19           ; One_Counter:inst4|COUNTER32_UP_DOWN:inst1|inst1 ; CLK          ; CLK         ; 0.000        ; 0.000      ; 0.594      ;
; 0.452 ; REGISTER_FSM:inst1|inst                         ; One_Counter:inst4|SRwPL:inst19|inst19           ; CLK          ; CLK         ; 0.000        ; 0.000      ; 0.604      ;
; 0.453 ; REGISTER_FSM:inst1|inst                         ; One_Counter:inst4|SRwPL:inst19|inst5            ; CLK          ; CLK         ; 0.000        ; 0.000      ; 0.605      ;
; 0.453 ; REGISTER_FSM:inst1|inst                         ; One_Counter:inst4|SRwPL:inst19|inst15           ; CLK          ; CLK         ; 0.000        ; 0.000      ; 0.605      ;
; 0.456 ; One_Counter:inst4|COUNTER32_UP_DOWN:inst1|inst  ; One_Counter:inst4|COUNTER32_UP_DOWN:inst1|inst1 ; CLK          ; CLK         ; 0.000        ; 0.000      ; 0.608      ;
; 0.473 ; One_Counter:inst4|SRwPL:inst19|inst6            ; REGISTER_FSM:inst1|inst                         ; CLK          ; CLK         ; 0.000        ; 0.000      ; 0.625      ;
; 0.502 ; One_Counter:inst4|SRwPL:inst19|inst19           ; One_Counter:inst4|COUNTER32_UP_DOWN:inst1|inst3 ; CLK          ; CLK         ; 0.000        ; 0.000      ; 0.654      ;
; 0.503 ; One_Counter:inst4|SRwPL:inst19|inst18           ; REGISTER_FSM:inst1|inst                         ; CLK          ; CLK         ; 0.000        ; 0.000      ; 0.655      ;
; 0.506 ; One_Counter:inst4|SRwPL:inst19|inst19           ; One_Counter:inst4|COUNTER32_UP_DOWN:inst1|inst2 ; CLK          ; CLK         ; 0.000        ; 0.000      ; 0.658      ;
; 0.508 ; One_Counter:inst4|COUNTER32_UP_DOWN:inst1|inst4 ; One_Counter:inst4|COUNTER32_UP_DOWN:inst1|inst3 ; CLK          ; CLK         ; 0.000        ; 0.000      ; 0.660      ;
; 0.512 ; One_Counter:inst4|COUNTER32_UP_DOWN:inst1|inst4 ; One_Counter:inst4|COUNTER32_UP_DOWN:inst1|inst2 ; CLK          ; CLK         ; 0.000        ; 0.000      ; 0.664      ;
; 0.513 ; One_Counter:inst4|SRwPL:inst19|inst17           ; One_Counter:inst4|SRwPL:inst19|inst18           ; CLK          ; CLK         ; 0.000        ; 0.000      ; 0.665      ;
; 0.534 ; One_Counter:inst4|SRwPL:inst19|inst16           ; REGISTER_FSM:inst1|inst                         ; CLK          ; CLK         ; 0.000        ; 0.000      ; 0.686      ;
; 0.537 ; One_Counter:inst4|COUNTER32_UP_DOWN:inst1|inst  ; One_Counter:inst4|COUNTER32_UP_DOWN:inst1|inst3 ; CLK          ; CLK         ; 0.000        ; 0.000      ; 0.689      ;
; 0.541 ; One_Counter:inst4|COUNTER32_UP_DOWN:inst1|inst  ; One_Counter:inst4|COUNTER32_UP_DOWN:inst1|inst2 ; CLK          ; CLK         ; 0.000        ; 0.000      ; 0.693      ;
; 0.550 ; One_Counter:inst4|COUNTER32_UP_DOWN:inst1|inst1 ; One_Counter:inst4|COUNTER32_UP_DOWN:inst1|inst3 ; CLK          ; CLK         ; 0.000        ; 0.000      ; 0.702      ;
; 0.553 ; One_Counter:inst4|SRwPL:inst19|inst5            ; REGISTER_FSM:inst1|inst                         ; CLK          ; CLK         ; 0.000        ; 0.000      ; 0.705      ;
; 0.554 ; One_Counter:inst4|COUNTER32_UP_DOWN:inst1|inst1 ; One_Counter:inst4|COUNTER32_UP_DOWN:inst1|inst2 ; CLK          ; CLK         ; 0.000        ; 0.000      ; 0.706      ;
; 0.609 ; One_Counter:inst4|SRwPL:inst19|inst15           ; REGISTER_FSM:inst1|inst                         ; CLK          ; CLK         ; 0.000        ; 0.000      ; 0.761      ;
; 0.650 ; REGISTER_FSM:inst1|inst                         ; One_Counter:inst4|SRwPL:inst19|inst18           ; CLK          ; CLK         ; 0.000        ; 0.000      ; 0.802      ;
; 0.653 ; One_Counter:inst4|SRwPL:inst19|inst19           ; One_Counter:inst4|COUNTER32_UP_DOWN:inst1|inst4 ; CLK          ; CLK         ; 0.000        ; 0.000      ; 0.805      ;
; 0.656 ; One_Counter:inst4|SRwPL:inst19|inst17           ; REGISTER_FSM:inst1|inst                         ; CLK          ; CLK         ; 0.000        ; 0.000      ; 0.808      ;
; 0.680 ; One_Counter:inst4|SRwPL:inst19|inst19           ; REGISTER_FSM:inst1|inst                         ; CLK          ; CLK         ; 0.000        ; 0.000      ; 0.832      ;
; 0.703 ; One_Counter:inst4|COUNTER32_UP_DOWN:inst1|inst4 ; One_Counter:inst4|COUNTER32_UP_DOWN:inst1|inst4 ; CLK          ; CLK         ; 0.000        ; 0.000      ; 0.855      ;
+-------+-------------------------------------------------+-------------------------------------------------+--------------+-------------+--------------+------------+------------+


+---------------------------------------------------------------------------------------------------------------------------------------------------------+
; Fast Model Recovery: 'CLK'                                                                                                                              ;
+-------+-------------------------+-------------------------------------------------+--------------+-------------+--------------+------------+------------+
; Slack ; From Node               ; To Node                                         ; Launch Clock ; Latch Clock ; Relationship ; Clock Skew ; Data Delay ;
+-------+-------------------------+-------------------------------------------------+--------------+-------------+--------------+------------+------------+
; 0.275 ; REGISTER_FSM:inst1|inst ; One_Counter:inst4|COUNTER32_UP_DOWN:inst1|inst4 ; CLK          ; CLK         ; 1.000        ; 0.000      ; 0.757      ;
; 0.275 ; REGISTER_FSM:inst1|inst ; One_Counter:inst4|COUNTER32_UP_DOWN:inst1|inst  ; CLK          ; CLK         ; 1.000        ; 0.000      ; 0.757      ;
; 0.275 ; REGISTER_FSM:inst1|inst ; One_Counter:inst4|COUNTER32_UP_DOWN:inst1|inst1 ; CLK          ; CLK         ; 1.000        ; 0.000      ; 0.757      ;
; 0.275 ; REGISTER_FSM:inst1|inst ; One_Counter:inst4|COUNTER32_UP_DOWN:inst1|inst2 ; CLK          ; CLK         ; 1.000        ; 0.000      ; 0.757      ;
; 0.275 ; REGISTER_FSM:inst1|inst ; One_Counter:inst4|COUNTER32_UP_DOWN:inst1|inst3 ; CLK          ; CLK         ; 1.000        ; 0.000      ; 0.757      ;
+-------+-------------------------+-------------------------------------------------+--------------+-------------+--------------+------------+------------+


+---------------------------------------------------------------------------------------------------------------------------------------------------------+
; Fast Model Removal: 'CLK'                                                                                                                               ;
+-------+-------------------------+-------------------------------------------------+--------------+-------------+--------------+------------+------------+
; Slack ; From Node               ; To Node                                         ; Launch Clock ; Latch Clock ; Relationship ; Clock Skew ; Data Delay ;
+-------+-------------------------+-------------------------------------------------+--------------+-------------+--------------+------------+------------+
; 0.605 ; REGISTER_FSM:inst1|inst ; One_Counter:inst4|COUNTER32_UP_DOWN:inst1|inst4 ; CLK          ; CLK         ; 0.000        ; 0.000      ; 0.757      ;
; 0.605 ; REGISTER_FSM:inst1|inst ; One_Counter:inst4|COUNTER32_UP_DOWN:inst1|inst  ; CLK          ; CLK         ; 0.000        ; 0.000      ; 0.757      ;
; 0.605 ; REGISTER_FSM:inst1|inst ; One_Counter:inst4|COUNTER32_UP_DOWN:inst1|inst1 ; CLK          ; CLK         ; 0.000        ; 0.000      ; 0.757      ;
; 0.605 ; REGISTER_FSM:inst1|inst ; One_Counter:inst4|COUNTER32_UP_DOWN:inst1|inst2 ; CLK          ; CLK         ; 0.000        ; 0.000      ; 0.757      ;
; 0.605 ; REGISTER_FSM:inst1|inst ; One_Counter:inst4|COUNTER32_UP_DOWN:inst1|inst3 ; CLK          ; CLK         ; 0.000        ; 0.000      ; 0.757      ;
+-------+-------------------------+-------------------------------------------------+--------------+-------------+--------------+------------+------------+


+----------------------------------------------------------------------------------------------------------------------------------+
; Fast Model Minimum Pulse Width: 'CLK'                                                                                            ;
+--------+--------------+----------------+------------------+-------+------------+-------------------------------------------------+
; Slack  ; Actual Width ; Required Width ; Type             ; Clock ; Clock Edge ; Target                                          ;
+--------+--------------+----------------+------------------+-------+------------+-------------------------------------------------+
; -1.380 ; 1.000        ; 2.380          ; Port Rate        ; CLK   ; Rise       ; CLK                                             ;
; -0.500 ; 0.500        ; 1.000          ; High Pulse Width ; CLK   ; Rise       ; One_Counter:inst4|COUNTER32_UP_DOWN:inst1|inst  ;
; -0.500 ; 0.500        ; 1.000          ; Low Pulse Width  ; CLK   ; Rise       ; One_Counter:inst4|COUNTER32_UP_DOWN:inst1|inst  ;
; -0.500 ; 0.500        ; 1.000          ; High Pulse Width ; CLK   ; Rise       ; One_Counter:inst4|COUNTER32_UP_DOWN:inst1|inst1 ;
; -0.500 ; 0.500        ; 1.000          ; Low Pulse Width  ; CLK   ; Rise       ; One_Counter:inst4|COUNTER32_UP_DOWN:inst1|inst1 ;
; -0.500 ; 0.500        ; 1.000          ; High Pulse Width ; CLK   ; Rise       ; One_Counter:inst4|COUNTER32_UP_DOWN:inst1|inst2 ;
; -0.500 ; 0.500        ; 1.000          ; Low Pulse Width  ; CLK   ; Rise       ; One_Counter:inst4|COUNTER32_UP_DOWN:inst1|inst2 ;
; -0.500 ; 0.500        ; 1.000          ; High Pulse Width ; CLK   ; Rise       ; One_Counter:inst4|COUNTER32_UP_DOWN:inst1|inst3 ;
; -0.500 ; 0.500        ; 1.000          ; Low Pulse Width  ; CLK   ; Rise       ; One_Counter:inst4|COUNTER32_UP_DOWN:inst1|inst3 ;
; -0.500 ; 0.500        ; 1.000          ; High Pulse Width ; CLK   ; Rise       ; One_Counter:inst4|COUNTER32_UP_DOWN:inst1|inst4 ;
; -0.500 ; 0.500        ; 1.000          ; Low Pulse Width  ; CLK   ; Rise       ; One_Counter:inst4|COUNTER32_UP_DOWN:inst1|inst4 ;
; -0.500 ; 0.500        ; 1.000          ; High Pulse Width ; CLK   ; Rise       ; One_Counter:inst4|SRwPL:inst19|inst             ;
; -0.500 ; 0.500        ; 1.000          ; Low Pulse Width  ; CLK   ; Rise       ; One_Counter:inst4|SRwPL:inst19|inst             ;
; -0.500 ; 0.500        ; 1.000          ; High Pulse Width ; CLK   ; Rise       ; One_Counter:inst4|SRwPL:inst19|inst15           ;
; -0.500 ; 0.500        ; 1.000          ; Low Pulse Width  ; CLK   ; Rise       ; One_Counter:inst4|SRwPL:inst19|inst15           ;
; -0.500 ; 0.500        ; 1.000          ; High Pulse Width ; CLK   ; Rise       ; One_Counter:inst4|SRwPL:inst19|inst16           ;
; -0.500 ; 0.500        ; 1.000          ; Low Pulse Width  ; CLK   ; Rise       ; One_Counter:inst4|SRwPL:inst19|inst16           ;
; -0.500 ; 0.500        ; 1.000          ; High Pulse Width ; CLK   ; Rise       ; One_Counter:inst4|SRwPL:inst19|inst17           ;
; -0.500 ; 0.500        ; 1.000          ; Low Pulse Width  ; CLK   ; Rise       ; One_Counter:inst4|SRwPL:inst19|inst17           ;
; -0.500 ; 0.500        ; 1.000          ; High Pulse Width ; CLK   ; Rise       ; One_Counter:inst4|SRwPL:inst19|inst18           ;
; -0.500 ; 0.500        ; 1.000          ; Low Pulse Width  ; CLK   ; Rise       ; One_Counter:inst4|SRwPL:inst19|inst18           ;
; -0.500 ; 0.500        ; 1.000          ; High Pulse Width ; CLK   ; Rise       ; One_Counter:inst4|SRwPL:inst19|inst19           ;
; -0.500 ; 0.500        ; 1.000          ; Low Pulse Width  ; CLK   ; Rise       ; One_Counter:inst4|SRwPL:inst19|inst19           ;
; -0.500 ; 0.500        ; 1.000          ; High Pulse Width ; CLK   ; Rise       ; One_Counter:inst4|SRwPL:inst19|inst5            ;
; -0.500 ; 0.500        ; 1.000          ; Low Pulse Width  ; CLK   ; Rise       ; One_Counter:inst4|SRwPL:inst19|inst5            ;
; -0.500 ; 0.500        ; 1.000          ; High Pulse Width ; CLK   ; Rise       ; One_Counter:inst4|SRwPL:inst19|inst6            ;
; -0.500 ; 0.500        ; 1.000          ; Low Pulse Width  ; CLK   ; Rise       ; One_Counter:inst4|SRwPL:inst19|inst6            ;
; -0.500 ; 0.500        ; 1.000          ; High Pulse Width ; CLK   ; Rise       ; REGISTER_FSM:inst1|inst                         ;
; -0.500 ; 0.500        ; 1.000          ; Low Pulse Width  ; CLK   ; Rise       ; REGISTER_FSM:inst1|inst                         ;
; 0.500  ; 0.500        ; 0.000          ; High Pulse Width ; CLK   ; Rise       ; CLK|combout                                     ;
; 0.500  ; 0.500        ; 0.000          ; Low Pulse Width  ; CLK   ; Rise       ; CLK|combout                                     ;
; 0.500  ; 0.500        ; 0.000          ; High Pulse Width ; CLK   ; Rise       ; CLK~clkctrl|inclk[0]                            ;
; 0.500  ; 0.500        ; 0.000          ; Low Pulse Width  ; CLK   ; Rise       ; CLK~clkctrl|inclk[0]                            ;
; 0.500  ; 0.500        ; 0.000          ; High Pulse Width ; CLK   ; Rise       ; CLK~clkctrl|outclk                              ;
; 0.500  ; 0.500        ; 0.000          ; Low Pulse Width  ; CLK   ; Rise       ; CLK~clkctrl|outclk                              ;
; 0.500  ; 0.500        ; 0.000          ; High Pulse Width ; CLK   ; Rise       ; inst1|inst|clk                                  ;
; 0.500  ; 0.500        ; 0.000          ; Low Pulse Width  ; CLK   ; Rise       ; inst1|inst|clk                                  ;
; 0.500  ; 0.500        ; 0.000          ; High Pulse Width ; CLK   ; Rise       ; inst4|inst19|inst15|clk                         ;
; 0.500  ; 0.500        ; 0.000          ; Low Pulse Width  ; CLK   ; Rise       ; inst4|inst19|inst15|clk                         ;
; 0.500  ; 0.500        ; 0.000          ; High Pulse Width ; CLK   ; Rise       ; inst4|inst19|inst16|clk                         ;
; 0.500  ; 0.500        ; 0.000          ; Low Pulse Width  ; CLK   ; Rise       ; inst4|inst19|inst16|clk                         ;
; 0.500  ; 0.500        ; 0.000          ; High Pulse Width ; CLK   ; Rise       ; inst4|inst19|inst17|clk                         ;
; 0.500  ; 0.500        ; 0.000          ; Low Pulse Width  ; CLK   ; Rise       ; inst4|inst19|inst17|clk                         ;
; 0.500  ; 0.500        ; 0.000          ; High Pulse Width ; CLK   ; Rise       ; inst4|inst19|inst18|clk                         ;
; 0.500  ; 0.500        ; 0.000          ; Low Pulse Width  ; CLK   ; Rise       ; inst4|inst19|inst18|clk                         ;
; 0.500  ; 0.500        ; 0.000          ; High Pulse Width ; CLK   ; Rise       ; inst4|inst19|inst19|clk                         ;
; 0.500  ; 0.500        ; 0.000          ; Low Pulse Width  ; CLK   ; Rise       ; inst4|inst19|inst19|clk                         ;
; 0.500  ; 0.500        ; 0.000          ; High Pulse Width ; CLK   ; Rise       ; inst4|inst19|inst5|clk                          ;
; 0.500  ; 0.500        ; 0.000          ; Low Pulse Width  ; CLK   ; Rise       ; inst4|inst19|inst5|clk                          ;
; 0.500  ; 0.500        ; 0.000          ; High Pulse Width ; CLK   ; Rise       ; inst4|inst19|inst6|clk                          ;
; 0.500  ; 0.500        ; 0.000          ; Low Pulse Width  ; CLK   ; Rise       ; inst4|inst19|inst6|clk                          ;
; 0.500  ; 0.500        ; 0.000          ; High Pulse Width ; CLK   ; Rise       ; inst4|inst19|inst|clk                           ;
; 0.500  ; 0.500        ; 0.000          ; Low Pulse Width  ; CLK   ; Rise       ; inst4|inst19|inst|clk                           ;
; 0.500  ; 0.500        ; 0.000          ; High Pulse Width ; CLK   ; Rise       ; inst4|inst1|inst1|clk                           ;
; 0.500  ; 0.500        ; 0.000          ; Low Pulse Width  ; CLK   ; Rise       ; inst4|inst1|inst1|clk                           ;
; 0.500  ; 0.500        ; 0.000          ; High Pulse Width ; CLK   ; Rise       ; inst4|inst1|inst2|clk                           ;
; 0.500  ; 0.500        ; 0.000          ; Low Pulse Width  ; CLK   ; Rise       ; inst4|inst1|inst2|clk                           ;
; 0.500  ; 0.500        ; 0.000          ; High Pulse Width ; CLK   ; Rise       ; inst4|inst1|inst3|clk                           ;
; 0.500  ; 0.500        ; 0.000          ; Low Pulse Width  ; CLK   ; Rise       ; inst4|inst1|inst3|clk                           ;
; 0.500  ; 0.500        ; 0.000          ; High Pulse Width ; CLK   ; Rise       ; inst4|inst1|inst4|clk                           ;
; 0.500  ; 0.500        ; 0.000          ; Low Pulse Width  ; CLK   ; Rise       ; inst4|inst1|inst4|clk                           ;
; 0.500  ; 0.500        ; 0.000          ; High Pulse Width ; CLK   ; Rise       ; inst4|inst1|inst|clk                            ;
; 0.500  ; 0.500        ; 0.000          ; Low Pulse Width  ; CLK   ; Rise       ; inst4|inst1|inst|clk                            ;
+--------+--------------+----------------+------------------+-------+------------+-------------------------------------------------+


+-------------------------------------------------------------------------+
; Setup Times                                                             ;
+-----------+------------+--------+--------+------------+-----------------+
; Data Port ; Clock Port ; Rise   ; Fall   ; Clock Edge ; Clock Reference ;
+-----------+------------+--------+--------+------------+-----------------+
; I[*]      ; CLK        ; 2.204  ; 2.204  ; Rise       ; CLK             ;
;  I[0]     ; CLK        ; 1.924  ; 1.924  ; Rise       ; CLK             ;
;  I[1]     ; CLK        ; 2.204  ; 2.204  ; Rise       ; CLK             ;
;  I[2]     ; CLK        ; 1.819  ; 1.819  ; Rise       ; CLK             ;
;  I[3]     ; CLK        ; 1.745  ; 1.745  ; Rise       ; CLK             ;
;  I[4]     ; CLK        ; 1.834  ; 1.834  ; Rise       ; CLK             ;
;  I[5]     ; CLK        ; 1.836  ; 1.836  ; Rise       ; CLK             ;
;  I[6]     ; CLK        ; -0.199 ; -0.199 ; Rise       ; CLK             ;
;  I[7]     ; CLK        ; -0.355 ; -0.355 ; Rise       ; CLK             ;
; START     ; CLK        ; 1.947  ; 1.947  ; Rise       ; CLK             ;
+-----------+------------+--------+--------+------------+-----------------+


+-------------------------------------------------------------------------+
; Hold Times                                                              ;
+-----------+------------+--------+--------+------------+-----------------+
; Data Port ; Clock Port ; Rise   ; Fall   ; Clock Edge ; Clock Reference ;
+-----------+------------+--------+--------+------------+-----------------+
; I[*]      ; CLK        ; 0.475  ; 0.475  ; Rise       ; CLK             ;
;  I[0]     ; CLK        ; -1.804 ; -1.804 ; Rise       ; CLK             ;
;  I[1]     ; CLK        ; -2.084 ; -2.084 ; Rise       ; CLK             ;
;  I[2]     ; CLK        ; -1.699 ; -1.699 ; Rise       ; CLK             ;
;  I[3]     ; CLK        ; -1.625 ; -1.625 ; Rise       ; CLK             ;
;  I[4]     ; CLK        ; -1.714 ; -1.714 ; Rise       ; CLK             ;
;  I[5]     ; CLK        ; -1.716 ; -1.716 ; Rise       ; CLK             ;
;  I[6]     ; CLK        ; 0.319  ; 0.319  ; Rise       ; CLK             ;
;  I[7]     ; CLK        ; 0.475  ; 0.475  ; Rise       ; CLK             ;
; START     ; CLK        ; -1.827 ; -1.827 ; Rise       ; CLK             ;
+-----------+------------+--------+--------+------------+-----------------+


+------------------------------------------------------------------------+
; Clock to Output Times                                                  ;
+------------+------------+-------+-------+------------+-----------------+
; Data Port  ; Clock Port ; Rise  ; Fall  ; Clock Edge ; Clock Reference ;
+------------+------------+-------+-------+------------+-----------------+
; DONE       ; CLK        ; 4.350 ; 4.350 ; Rise       ; CLK             ;
; RESULT[*]  ; CLK        ; 3.762 ; 3.762 ; Rise       ; CLK             ;
;  RESULT[0] ; CLK        ; 3.728 ; 3.728 ; Rise       ; CLK             ;
;  RESULT[1] ; CLK        ; 3.762 ; 3.762 ; Rise       ; CLK             ;
;  RESULT[2] ; CLK        ; 3.616 ; 3.616 ; Rise       ; CLK             ;
;  RESULT[3] ; CLK        ; 3.646 ; 3.646 ; Rise       ; CLK             ;
;  RESULT[4] ; CLK        ; 3.732 ; 3.732 ; Rise       ; CLK             ;
+------------+------------+-------+-------+------------+-----------------+


+------------------------------------------------------------------------+
; Minimum Clock to Output Times                                          ;
+------------+------------+-------+-------+------------+-----------------+
; Data Port  ; Clock Port ; Rise  ; Fall  ; Clock Edge ; Clock Reference ;
+------------+------------+-------+-------+------------+-----------------+
; DONE       ; CLK        ; 4.155 ; 4.155 ; Rise       ; CLK             ;
; RESULT[*]  ; CLK        ; 3.616 ; 3.616 ; Rise       ; CLK             ;
;  RESULT[0] ; CLK        ; 3.728 ; 3.728 ; Rise       ; CLK             ;
;  RESULT[1] ; CLK        ; 3.762 ; 3.762 ; Rise       ; CLK             ;
;  RESULT[2] ; CLK        ; 3.616 ; 3.616 ; Rise       ; CLK             ;
;  RESULT[3] ; CLK        ; 3.646 ; 3.646 ; Rise       ; CLK             ;
;  RESULT[4] ; CLK        ; 3.732 ; 3.732 ; Rise       ; CLK             ;
+------------+------------+-------+-------+------------+-----------------+


+-----------------------------------------------------------------------+
; Output Enable Times                                                   ;
+------------+------------+-------+------+------------+-----------------+
; Data Port  ; Clock Port ; Rise  ; Fall ; Clock Edge ; Clock Reference ;
+------------+------------+-------+------+------------+-----------------+
; RESULT[*]  ; CLK        ; 4.217 ;      ; Rise       ; CLK             ;
;  RESULT[0] ; CLK        ; 4.309 ;      ; Rise       ; CLK             ;
;  RESULT[1] ; CLK        ; 4.301 ;      ; Rise       ; CLK             ;
;  RESULT[2] ; CLK        ; 4.301 ;      ; Rise       ; CLK             ;
;  RESULT[3] ; CLK        ; 4.331 ;      ; Rise       ; CLK             ;
;  RESULT[4] ; CLK        ; 4.217 ;      ; Rise       ; CLK             ;
+------------+------------+-------+------+------------+-----------------+


+-----------------------------------------------------------------------+
; Minimum Output Enable Times                                           ;
+------------+------------+-------+------+------------+-----------------+
; Data Port  ; Clock Port ; Rise  ; Fall ; Clock Edge ; Clock Reference ;
+------------+------------+-------+------+------------+-----------------+
; RESULT[*]  ; CLK        ; 4.022 ;      ; Rise       ; CLK             ;
;  RESULT[0] ; CLK        ; 4.114 ;      ; Rise       ; CLK             ;
;  RESULT[1] ; CLK        ; 4.106 ;      ; Rise       ; CLK             ;
;  RESULT[2] ; CLK        ; 4.106 ;      ; Rise       ; CLK             ;
;  RESULT[3] ; CLK        ; 4.136 ;      ; Rise       ; CLK             ;
;  RESULT[4] ; CLK        ; 4.022 ;      ; Rise       ; CLK             ;
+------------+------------+-------+------+------------+-----------------+


+--------------------------------------------------------------------------------+
; Output Disable Times                                                           ;
+------------+------------+-----------+-----------+------------+-----------------+
; Data Port  ; Clock Port ; 0 to Hi-Z ; 1 to Hi-Z ; Clock Edge ; Clock Reference ;
+------------+------------+-----------+-----------+------------+-----------------+
; RESULT[*]  ; CLK        ; 4.217     ;           ; Rise       ; CLK             ;
;  RESULT[0] ; CLK        ; 4.309     ;           ; Rise       ; CLK             ;
;  RESULT[1] ; CLK        ; 4.301     ;           ; Rise       ; CLK             ;
;  RESULT[2] ; CLK        ; 4.301     ;           ; Rise       ; CLK             ;
;  RESULT[3] ; CLK        ; 4.331     ;           ; Rise       ; CLK             ;
;  RESULT[4] ; CLK        ; 4.217     ;           ; Rise       ; CLK             ;
+------------+------------+-----------+-----------+------------+-----------------+


+--------------------------------------------------------------------------------+
; Minimum Output Disable Times                                                   ;
+------------+------------+-----------+-----------+------------+-----------------+
; Data Port  ; Clock Port ; 0 to Hi-Z ; 1 to Hi-Z ; Clock Edge ; Clock Reference ;
+------------+------------+-----------+-----------+------------+-----------------+
; RESULT[*]  ; CLK        ; 4.022     ;           ; Rise       ; CLK             ;
;  RESULT[0] ; CLK        ; 4.114     ;           ; Rise       ; CLK             ;
;  RESULT[1] ; CLK        ; 4.106     ;           ; Rise       ; CLK             ;
;  RESULT[2] ; CLK        ; 4.106     ;           ; Rise       ; CLK             ;
;  RESULT[3] ; CLK        ; 4.136     ;           ; Rise       ; CLK             ;
;  RESULT[4] ; CLK        ; 4.022     ;           ; Rise       ; CLK             ;
+------------+------------+-----------+-----------+------------+-----------------+


+------------------------------------------------------------------------------+
; Multicorner Timing Analysis Summary                                          ;
+------------------+--------+-------+----------+---------+---------------------+
; Clock            ; Setup  ; Hold  ; Recovery ; Removal ; Minimum Pulse Width ;
+------------------+--------+-------+----------+---------+---------------------+
; Worst-case Slack ; -0.789 ; 0.215 ; -0.305   ; 0.605   ; -1.380              ;
;  CLK             ; -0.789 ; 0.215 ; -0.305   ; 0.605   ; -1.380              ;
; Design-wide TNS  ; -4.318 ; 0.0   ; -1.525   ; 0.0     ; -15.38              ;
;  CLK             ; -4.318 ; 0.000 ; -1.525   ; 0.000   ; -15.380             ;
+------------------+--------+-------+----------+---------+---------------------+


+-------------------------------------------------------------------------+
; Setup Times                                                             ;
+-----------+------------+--------+--------+------------+-----------------+
; Data Port ; Clock Port ; Rise   ; Fall   ; Clock Edge ; Clock Reference ;
+-----------+------------+--------+--------+------------+-----------------+
; I[*]      ; CLK        ; 4.230  ; 4.230  ; Rise       ; CLK             ;
;  I[0]     ; CLK        ; 3.649  ; 3.649  ; Rise       ; CLK             ;
;  I[1]     ; CLK        ; 4.230  ; 4.230  ; Rise       ; CLK             ;
;  I[2]     ; CLK        ; 3.465  ; 3.465  ; Rise       ; CLK             ;
;  I[3]     ; CLK        ; 3.245  ; 3.245  ; Rise       ; CLK             ;
;  I[4]     ; CLK        ; 3.416  ; 3.416  ; Rise       ; CLK             ;
;  I[5]     ; CLK        ; 3.481  ; 3.481  ; Rise       ; CLK             ;
;  I[6]     ; CLK        ; 0.243  ; 0.243  ; Rise       ; CLK             ;
;  I[7]     ; CLK        ; -0.043 ; -0.043 ; Rise       ; CLK             ;
; START     ; CLK        ; 3.701  ; 3.701  ; Rise       ; CLK             ;
+-----------+------------+--------+--------+------------+-----------------+


+-------------------------------------------------------------------------+
; Hold Times                                                              ;
+-----------+------------+--------+--------+------------+-----------------+
; Data Port ; Clock Port ; Rise   ; Fall   ; Clock Edge ; Clock Reference ;
+-----------+------------+--------+--------+------------+-----------------+
; I[*]      ; CLK        ; 0.475  ; 0.475  ; Rise       ; CLK             ;
;  I[0]     ; CLK        ; -1.804 ; -1.804 ; Rise       ; CLK             ;
;  I[1]     ; CLK        ; -2.084 ; -2.084 ; Rise       ; CLK             ;
;  I[2]     ; CLK        ; -1.699 ; -1.699 ; Rise       ; CLK             ;
;  I[3]     ; CLK        ; -1.625 ; -1.625 ; Rise       ; CLK             ;
;  I[4]     ; CLK        ; -1.714 ; -1.714 ; Rise       ; CLK             ;
;  I[5]     ; CLK        ; -1.716 ; -1.716 ; Rise       ; CLK             ;
;  I[6]     ; CLK        ; 0.319  ; 0.319  ; Rise       ; CLK             ;
;  I[7]     ; CLK        ; 0.475  ; 0.475  ; Rise       ; CLK             ;
; START     ; CLK        ; -1.827 ; -1.827 ; Rise       ; CLK             ;
+-----------+------------+--------+--------+------------+-----------------+


+------------------------------------------------------------------------+
; Clock to Output Times                                                  ;
+------------+------------+-------+-------+------------+-----------------+
; Data Port  ; Clock Port ; Rise  ; Fall  ; Clock Edge ; Clock Reference ;
+------------+------------+-------+-------+------------+-----------------+
; DONE       ; CLK        ; 8.024 ; 8.024 ; Rise       ; CLK             ;
; RESULT[*]  ; CLK        ; 6.637 ; 6.637 ; Rise       ; CLK             ;
;  RESULT[0] ; CLK        ; 6.574 ; 6.574 ; Rise       ; CLK             ;
;  RESULT[1] ; CLK        ; 6.637 ; 6.637 ; Rise       ; CLK             ;
;  RESULT[2] ; CLK        ; 6.338 ; 6.338 ; Rise       ; CLK             ;
;  RESULT[3] ; CLK        ; 6.368 ; 6.368 ; Rise       ; CLK             ;
;  RESULT[4] ; CLK        ; 6.572 ; 6.572 ; Rise       ; CLK             ;
+------------+------------+-------+-------+------------+-----------------+


+------------------------------------------------------------------------+
; Minimum Clock to Output Times                                          ;
+------------+------------+-------+-------+------------+-----------------+
; Data Port  ; Clock Port ; Rise  ; Fall  ; Clock Edge ; Clock Reference ;
+------------+------------+-------+-------+------------+-----------------+
; DONE       ; CLK        ; 4.155 ; 4.155 ; Rise       ; CLK             ;
; RESULT[*]  ; CLK        ; 3.616 ; 3.616 ; Rise       ; CLK             ;
;  RESULT[0] ; CLK        ; 3.728 ; 3.728 ; Rise       ; CLK             ;
;  RESULT[1] ; CLK        ; 3.762 ; 3.762 ; Rise       ; CLK             ;
;  RESULT[2] ; CLK        ; 3.616 ; 3.616 ; Rise       ; CLK             ;
;  RESULT[3] ; CLK        ; 3.646 ; 3.646 ; Rise       ; CLK             ;
;  RESULT[4] ; CLK        ; 3.732 ; 3.732 ; Rise       ; CLK             ;
+------------+------------+-------+-------+------------+-----------------+


+-------------------------------------------------------------------+
; Setup Transfers                                                   ;
+------------+----------+----------+----------+----------+----------+
; From Clock ; To Clock ; RR Paths ; FR Paths ; RF Paths ; FF Paths ;
+------------+----------+----------+----------+----------+----------+
; CLK        ; CLK      ; 44       ; 0        ; 0        ; 0        ;
+------------+----------+----------+----------+----------+----------+
Entries labeled "false path" only account for clock-to-clock false paths and not path-based false paths. As a result, actual path counts may be lower than reported.


+-------------------------------------------------------------------+
; Hold Transfers                                                    ;
+------------+----------+----------+----------+----------+----------+
; From Clock ; To Clock ; RR Paths ; FR Paths ; RF Paths ; FF Paths ;
+------------+----------+----------+----------+----------+----------+
; CLK        ; CLK      ; 44       ; 0        ; 0        ; 0        ;
+------------+----------+----------+----------+----------+----------+
Entries labeled "false path" only account for clock-to-clock false paths and not path-based false paths. As a result, actual path counts may be lower than reported.


+-------------------------------------------------------------------+
; Recovery Transfers                                                ;
+------------+----------+----------+----------+----------+----------+
; From Clock ; To Clock ; RR Paths ; FR Paths ; RF Paths ; FF Paths ;
+------------+----------+----------+----------+----------+----------+
; CLK        ; CLK      ; 5        ; 0        ; 0        ; 0        ;
+------------+----------+----------+----------+----------+----------+
Entries labeled "false path" only account for clock-to-clock false paths and not path-based false paths. As a result, actual path counts may be lower than reported.


+-------------------------------------------------------------------+
; Removal Transfers                                                 ;
+------------+----------+----------+----------+----------+----------+
; From Clock ; To Clock ; RR Paths ; FR Paths ; RF Paths ; FF Paths ;
+------------+----------+----------+----------+----------+----------+
; CLK        ; CLK      ; 5        ; 0        ; 0        ; 0        ;
+------------+----------+----------+----------+----------+----------+
Entries labeled "false path" only account for clock-to-clock false paths and not path-based false paths. As a result, actual path counts may be lower than reported.


---------------
; Report TCCS ;
---------------
No dedicated SERDES Transmitter circuitry present in device or used in design


---------------
; Report RSKM ;
---------------
No dedicated SERDES Receiver circuitry present in device or used in design


+------------------------------------------------+
; Unconstrained Paths                            ;
+---------------------------------+-------+------+
; Property                        ; Setup ; Hold ;
+---------------------------------+-------+------+
; Illegal Clocks                  ; 0     ; 0    ;
; Unconstrained Clocks            ; 0     ; 0    ;
; Unconstrained Input Ports       ; 9     ; 9    ;
; Unconstrained Input Port Paths  ; 9     ; 9    ;
; Unconstrained Output Ports      ; 6     ; 6    ;
; Unconstrained Output Port Paths ; 59    ; 59   ;
+---------------------------------+-------+------+


+------------------------------------+
; TimeQuest Timing Analyzer Messages ;
+------------------------------------+
Info: *******************************************************************
Info: Running Quartus II 64-Bit TimeQuest Timing Analyzer
    Info: Version 13.0.1 Build 232 06/12/2013 Service Pack 1 SJ Web Edition
    Info: Processing started: Wed Apr 05 02:25:18 2023
Info: Command: quartus_sta One_Counter -c One_Counter
Info: qsta_default_script.tcl version: #1
Warning (20028): Parallel compilation is not licensed and has been disabled
Info (21077): Low junction temperature is 0 degrees C
Info (21077): High junction temperature is 85 degrees C
Critical Warning (332012): Synopsys Design Constraints File file not found: 'One_Counter.sdc'. A Synopsys Design Constraints File is required by the TimeQuest Timing Analyzer to get proper timing constraints. Without it, the Compiler will not properly optimize the design.
Info (332142): No user constrained base clocks found in the design. Calling "derive_clocks -period 1.0"
Info (332105): Deriving Clocks
    Info (332105): create_clock -period 1.000 -name CLK CLK
Info: Found TIMEQUEST_REPORT_SCRIPT_INCLUDE_DEFAULT_ANALYSIS = ON
Info: Analyzing Slow Model
Critical Warning (332148): Timing requirements not met
Info (332146): Worst-case setup slack is -0.789
    Info (332119):     Slack End Point TNS Clock 
    Info (332119): ========= ============= =====================
    Info (332119):    -0.789        -4.318 CLK 
Info (332146): Worst-case hold slack is 0.391
    Info (332119):     Slack End Point TNS Clock 
    Info (332119): ========= ============= =====================
    Info (332119):     0.391         0.000 CLK 
Info (332146): Worst-case recovery slack is -0.305
    Info (332119):     Slack End Point TNS Clock 
    Info (332119): ========= ============= =====================
    Info (332119):    -0.305        -1.525 CLK 
Info (332146): Worst-case removal slack is 1.075
    Info (332119):     Slack End Point TNS Clock 
    Info (332119): ========= ============= =====================
    Info (332119):     1.075         0.000 CLK 
Info (332146): Worst-case minimum pulse width slack is -1.380
    Info (332119):     Slack End Point TNS Clock 
    Info (332119): ========= ============= =====================
    Info (332119):    -1.380       -15.380 CLK 
Info (332001): The selected device family is not supported by the report_metastability command.
Info: Analyzing Fast Model
Info (332146): Worst-case setup slack is 0.177
    Info (332119):     Slack End Point TNS Clock 
    Info (332119): ========= ============= =====================
    Info (332119):     0.177         0.000 CLK 
Info (332146): Worst-case hold slack is 0.215
    Info (332119):     Slack End Point TNS Clock 
    Info (332119): ========= ============= =====================
    Info (332119):     0.215         0.000 CLK 
Info (332146): Worst-case recovery slack is 0.275
    Info (332119):     Slack End Point TNS Clock 
    Info (332119): ========= ============= =====================
    Info (332119):     0.275         0.000 CLK 
Info (332146): Worst-case removal slack is 0.605
    Info (332119):     Slack End Point TNS Clock 
    Info (332119): ========= ============= =====================
    Info (332119):     0.605         0.000 CLK 
Critical Warning (332148): Timing requirements not met
Info (332146): Worst-case minimum pulse width slack is -1.380
    Info (332119):     Slack End Point TNS Clock 
    Info (332119): ========= ============= =====================
    Info (332119):    -1.380       -15.380 CLK 
Info (332001): The selected device family is not supported by the report_metastability command.
Info (332102): Design is not fully constrained for setup requirements
Info (332102): Design is not fully constrained for hold requirements
Info: Quartus II 64-Bit TimeQuest Timing Analyzer was successful. 0 errors, 4 warnings
    Info: Peak virtual memory: 4558 megabytes
    Info: Processing ended: Wed Apr 05 02:25:20 2023
    Info: Elapsed time: 00:00:02
    Info: Total CPU time (on all processors): 00:00:01


