Analysis & Synthesis report for STACK
Wed Apr 05 02:25:15 2023
Quartus II 64-Bit Version 13.0.1 Build 232 06/12/2013 Service Pack 1 SJ Web Edition


---------------------
; Table of Contents ;
---------------------
  1. Legal Notice
  2. Analysis & Synthesis Summary
  3. Analysis & Synthesis Settings
  4. Parallel Compilation
  5. Analysis & Synthesis Source Files Read
  6. Analysis & Synthesis Resource Usage Summary
  7. Analysis & Synthesis Resource Utilization by Entity
  8. User-Specified and Inferred Latches
  9. Registers Removed During Synthesis
 10. General Register Statistics
 11. Inverted Register Statistics
 12. Elapsed Time Per Partition
 13. Analysis & Synthesis Messages



----------------
; Legal Notice ;
----------------
Copyright (C) 1991-2013 Altera Corporation
Your use of Altera Corporation's design tools, logic functions 
and other software and tools, and its AMPP partner logic 
functions, and any output files from any of the foregoing 
(including device programming or simulation files), and any 
associated documentation or information are expressly subject 
to the terms and conditions of the Altera Program License 
Subscription Agreement, Altera MegaCore Function License 
Agreement, or other applicable license agreement, including, 
without limitation, that your use is for the sole purpose of 
programming logic devices manufactured by Altera and sold by 
Altera or its authorized distributors.  Please refer to the 
applicable agreement for further details.



+--------------------------------------------------------------------------------------+
; Analysis & Synthesis Summary                                                         ;
+------------------------------------+-------------------------------------------------+
; Analysis & Synthesis Status        ; Successful - Wed Apr 05 02:25:15 2023           ;
; Quartus II 64-Bit Version          ; 13.0.1 Build 232 06/12/2013 SP 1 SJ Web Edition ;
; Revision Name                      ; STACK                                           ;
; Top-level Entity Name              ; STACK                                           ;
; Family                             ; Cyclone II                                      ;
; Total logic elements               ; 530                                             ;
;     Total combinational functions  ; 530                                             ;
;     Dedicated logic registers      ; 9                                               ;
; Total registers                    ; 9                                               ;
; Total pins                         ; 22                                              ;
; Total virtual pins                 ; 0                                               ;
; Total memory bits                  ; 0                                               ;
; Embedded Multiplier 9-bit elements ; 0                                               ;
; Total PLLs                         ; 0                                               ;
+------------------------------------+-------------------------------------------------+


+----------------------------------------------------------------------------------------------------------------------+
; Analysis & Synthesis Settings                                                                                        ;
+----------------------------------------------------------------------------+--------------------+--------------------+
; Option                                                                     ; Setting            ; Default Value      ;
+----------------------------------------------------------------------------+--------------------+--------------------+
; Device                                                                     ; EP2C35F672C6       ;                    ;
; Top-level entity name                                                      ; STACK              ; STACK              ;
; Family name                                                                ; Cyclone II         ; Cyclone IV GX      ;
; Use smart compilation                                                      ; Off                ; Off                ;
; Enable parallel Assembler and TimeQuest Timing Analyzer during compilation ; On                 ; On                 ;
; Enable compact report table                                                ; Off                ; Off                ;
; Restructure Multiplexers                                                   ; Auto               ; Auto               ;
; Create Debugging Nodes for IP Cores                                        ; Off                ; Off                ;
; Preserve fewer node names                                                  ; On                 ; On                 ;
; Disable OpenCore Plus hardware evaluation                                  ; Off                ; Off                ;
; Verilog Version                                                            ; Verilog_2001       ; Verilog_2001       ;
; VHDL Version                                                               ; VHDL_1993          ; VHDL_1993          ;
; State Machine Processing                                                   ; Auto               ; Auto               ;
; Safe State Machine                                                         ; Off                ; Off                ;
; Extract Verilog State Machines                                             ; On                 ; On                 ;
; Extract VHDL State Machines                                                ; On                 ; On                 ;
; Ignore Verilog initial constructs                                          ; Off                ; Off                ;
; Iteration limit for constant Verilog loops                                 ; 5000               ; 5000               ;
; Iteration limit for non-constant Verilog loops                             ; 250                ; 250                ;
; Add Pass-Through Logic to Inferred RAMs                                    ; On                 ; On                 ;
; Infer RAMs from Raw Logic                                                  ; On                 ; On                 ;
; Parallel Synthesis                                                         ; On                 ; On                 ;
; DSP Block Balancing                                                        ; Auto               ; Auto               ;
; NOT Gate Push-Back                                                         ; On                 ; On                 ;
; Power-Up Don't Care                                                        ; On                 ; On                 ;
; Remove Redundant Logic Cells                                               ; Off                ; Off                ;
; Remove Duplicate Registers                                                 ; On                 ; On                 ;
; Ignore CARRY Buffers                                                       ; Off                ; Off                ;
; Ignore CASCADE Buffers                                                     ; Off                ; Off                ;
; Ignore GLOBAL Buffers                                                      ; Off                ; Off                ;
; Ignore ROW GLOBAL Buffers                                                  ; Off                ; Off                ;
; Ignore LCELL Buffers                                                       ; Off                ; Off                ;
; Ignore SOFT Buffers                                                        ; On                 ; On                 ;
; Limit AHDL Integers to 32 Bits                                             ; Off                ; Off                ;
; Optimization Technique                                                     ; Balanced           ; Balanced           ;
; Carry Chain Length                                                         ; 70                 ; 70                 ;
; Auto Carry Chains                                                          ; On                 ; On                 ;
; Auto Open-Drain Pins                                                       ; On                 ; On                 ;
; Perform WYSIWYG Primitive Resynthesis                                      ; Off                ; Off                ;
; Auto ROM Replacement                                                       ; On                 ; On                 ;
; Auto RAM Replacement                                                       ; On                 ; On                 ;
; Auto Shift Register Replacement                                            ; Auto               ; Auto               ;
; Allow Shift Register Merging across Hierarchies                            ; Auto               ; Auto               ;
; Auto Clock Enable Replacement                                              ; On                 ; On                 ;
; Strict RAM Replacement                                                     ; Off                ; Off                ;
; Allow Synchronous Control Signals                                          ; On                 ; On                 ;
; Force Use of Synchronous Clear Signals                                     ; Off                ; Off                ;
; Auto RAM to Logic Cell Conversion                                          ; Off                ; Off                ;
; Auto Resource Sharing                                                      ; Off                ; Off                ;
; Allow Any RAM Size For Recognition                                         ; Off                ; Off                ;
; Allow Any ROM Size For Recognition                                         ; Off                ; Off                ;
; Allow Any Shift Register Size For Recognition                              ; Off                ; Off                ;
; Use LogicLock Constraints during Resource Balancing                        ; On                 ; On                 ;
; Ignore translate_off and synthesis_off directives                          ; Off                ; Off                ;
; Timing-Driven Synthesis                                                    ; Off                ; Off                ;
; Report Parameter Settings                                                  ; On                 ; On                 ;
; Report Source Assignments                                                  ; On                 ; On                 ;
; Report Connectivity Checks                                                 ; On                 ; On                 ;
; Ignore Maximum Fan-Out Assignments                                         ; Off                ; Off                ;
; Synchronization Register Chain Length                                      ; 2                  ; 2                  ;
; PowerPlay Power Optimization                                               ; Normal compilation ; Normal compilation ;
; HDL message level                                                          ; Level2             ; Level2             ;
; Suppress Register Optimization Related Messages                            ; Off                ; Off                ;
; Number of Removed Registers Reported in Synthesis Report                   ; 5000               ; 5000               ;
; Number of Swept Nodes Reported in Synthesis Report                         ; 5000               ; 5000               ;
; Number of Inverted Registers Reported in Synthesis Report                  ; 100                ; 100                ;
; Clock MUX Protection                                                       ; On                 ; On                 ;
; Auto Gated Clock Conversion                                                ; Off                ; Off                ;
; Block Design Naming                                                        ; Auto               ; Auto               ;
; SDC constraint protection                                                  ; Off                ; Off                ;
; Synthesis Effort                                                           ; Auto               ; Auto               ;
; Shift Register Replacement - Allow Asynchronous Clear Signal               ; On                 ; On                 ;
; Pre-Mapping Resynthesis Optimization                                       ; Off                ; Off                ;
; Analysis & Synthesis Message Level                                         ; Medium             ; Medium             ;
; Disable Register Merging Across Hierarchies                                ; Auto               ; Auto               ;
; Resource Aware Inference For Block RAM                                     ; On                 ; On                 ;
; Synthesis Seed                                                             ; 1                  ; 1                  ;
+----------------------------------------------------------------------------+--------------------+--------------------+


Parallel compilation was disabled, but you have multiple processors available. Enable parallel compilation to reduce compilation time.
+-------------------------------------+
; Parallel Compilation                ;
+----------------------------+--------+
; Processors                 ; Number ;
+----------------------------+--------+
; Number detected on machine ; 12     ;
; Maximum allowed            ; 1      ;
+----------------------------+--------+


+-----------------------------------------------------------------------------------------------------------------------------------------------------------------------------------+
; Analysis & Synthesis Source Files Read                                                                                                                                            ;
+------------------------------------+-----------------+------------------------------------+-----------------------------------------------------------------------------+---------+
; File Name with User-Entered Path   ; Used in Netlist ; File Type                          ; File Name with Absolute Path                                                ; Library ;
+------------------------------------+-----------------+------------------------------------+-----------------------------------------------------------------------------+---------+
; ../Ram32x8/WORD_8_bit.bdf          ; yes             ; User Block Diagram/Schematic File  ; D:/University/THIET_KE_LUAN_LY_SO/exercises/Ram32x8/WORD_8_bit.bdf          ;         ;
; ../Ram32x8/RAM32X8.bdf             ; yes             ; User Block Diagram/Schematic File  ; D:/University/THIET_KE_LUAN_LY_SO/exercises/Ram32x8/RAM32X8.bdf             ;         ;
; ../Ram32x8/RAM8X8.bdf              ; yes             ; User Block Diagram/Schematic File  ; D:/University/THIET_KE_LUAN_LY_SO/exercises/Ram32x8/RAM8X8.bdf              ;         ;
; ../Ram32x8/DECODER_3_TO_8.bdf      ; yes             ; User Block Diagram/Schematic File  ; D:/University/THIET_KE_LUAN_LY_SO/exercises/Ram32x8/DECODER_3_TO_8.bdf      ;         ;
; ../Ram32x8/DECODER_2_TO_4.bdf      ; yes             ; User Block Diagram/Schematic File  ; D:/University/THIET_KE_LUAN_LY_SO/exercises/Ram32x8/DECODER_2_TO_4.bdf      ;         ;
; ../BCD_5bit/MUX21_5BIT.bdf         ; yes             ; User Block Diagram/Schematic File  ; D:/University/THIET_KE_LUAN_LY_SO/exercises/BCD_5bit/MUX21_5BIT.bdf         ;         ;
; ../Counter32/HAS.bdf               ; yes             ; User Block Diagram/Schematic File  ; D:/University/THIET_KE_LUAN_LY_SO/exercises/Counter32/HAS.bdf               ;         ;
; ../Counter32/COUNTER32_UP_DOWN.bdf ; yes             ; User Block Diagram/Schematic File  ; D:/University/THIET_KE_LUAN_LY_SO/exercises/Counter32/COUNTER32_UP_DOWN.bdf ;         ;
; STACK.bdf                          ; yes             ; User Block Diagram/Schematic File  ; D:/University/THIET_KE_LUAN_LY_SO/exercises/Stack_32byte/STACK.bdf          ;         ;
; CONTROL_LOGIC.bdf                  ; yes             ; User Block Diagram/Schematic File  ; D:/University/THIET_KE_LUAN_LY_SO/exercises/Stack_32byte/CONTROL_LOGIC.bdf  ;         ;
; TRI_STATE.bdf                      ; yes             ; User Block Diagram/Schematic File  ; D:/University/THIET_KE_LUAN_LY_SO/exercises/Stack_32byte/TRI_STATE.bdf      ;         ;
; 21mux.bdf                          ; yes             ; Megafunction                       ; c:/altera/13.0sp1/quartus/libraries/others/maxplus2/21mux.bdf               ;         ;
+------------------------------------+-----------------+------------------------------------+-----------------------------------------------------------------------------+---------+


+---------------------------------------------------------------------------+
; Analysis & Synthesis Resource Usage Summary                               ;
+---------------------------------------------+-----------------------------+
; Resource                                    ; Usage                       ;
+---------------------------------------------+-----------------------------+
; Estimated Total logic elements              ; 530                         ;
;                                             ;                             ;
; Total combinational functions               ; 530                         ;
; Logic element usage by number of LUT inputs ;                             ;
;     -- 4 input functions                    ; 229                         ;
;     -- 3 input functions                    ; 264                         ;
;     -- <=2 input functions                  ; 37                          ;
;                                             ;                             ;
; Logic elements by mode                      ;                             ;
;     -- normal mode                          ; 530                         ;
;     -- arithmetic mode                      ; 0                           ;
;                                             ;                             ;
; Total registers                             ; 9                           ;
;     -- Dedicated logic registers            ; 9                           ;
;     -- I/O registers                        ; 0                           ;
;                                             ;                             ;
; I/O pins                                    ; 22                          ;
; Embedded Multiplier 9-bit elements          ; 0                           ;
; Maximum fan-out node                        ; COUNTER32_UP_DOWN:TOP|inst2 ;
; Maximum fan-out                             ; 41                          ;
; Total fan-out                               ; 1827                        ;
; Average fan-out                             ; 3.26                        ;
+---------------------------------------------+-----------------------------+


+--------------------------------------------------------------------------------------------------------------------------------------------------------------------------------------------------------------+
; Analysis & Synthesis Resource Utilization by Entity                                                                                                                                                          ;
+------------------------------+-------------------+--------------+-------------+--------------+---------+-----------+------+--------------+----------------------------------------------------+--------------+
; Compilation Hierarchy Node   ; LC Combinationals ; LC Registers ; Memory Bits ; DSP Elements ; DSP 9x9 ; DSP 18x18 ; Pins ; Virtual Pins ; Full Hierarchy Name                                ; Library Name ;
+------------------------------+-------------------+--------------+-------------+--------------+---------+-----------+------+--------------+----------------------------------------------------+--------------+
; |STACK                       ; 530 (3)           ; 9 (0)        ; 0           ; 0            ; 0       ; 0         ; 22   ; 0            ; |STACK                                             ; work         ;
;    |CONTROL_LOGIC:inst6|     ; 1 (1)             ; 0 (0)        ; 0           ; 0            ; 0       ; 0         ; 0    ; 0            ; |STACK|CONTROL_LOGIC:inst6                         ; work         ;
;    |COUNTER32_UP_DOWN:TOP-1| ; 7 (4)             ; 4 (4)        ; 0           ; 0            ; 0       ; 0         ; 0    ; 0            ; |STACK|COUNTER32_UP_DOWN:TOP-1                     ; work         ;
;       |HAS:inst7|            ; 1 (1)             ; 0 (0)        ; 0           ; 0            ; 0       ; 0         ; 0    ; 0            ; |STACK|COUNTER32_UP_DOWN:TOP-1|HAS:inst7           ; work         ;
;       |HAS:inst8|            ; 1 (1)             ; 0 (0)        ; 0           ; 0            ; 0       ; 0         ; 0    ; 0            ; |STACK|COUNTER32_UP_DOWN:TOP-1|HAS:inst8           ; work         ;
;       |HAS:instS|            ; 1 (1)             ; 0 (0)        ; 0           ; 0            ; 0       ; 0         ; 0    ; 0            ; |STACK|COUNTER32_UP_DOWN:TOP-1|HAS:instS           ; work         ;
;    |COUNTER32_UP_DOWN:TOP|   ; 8 (5)             ; 5 (5)        ; 0           ; 0            ; 0       ; 0         ; 0    ; 0            ; |STACK|COUNTER32_UP_DOWN:TOP                       ; work         ;
;       |HAS:inst7|            ; 1 (1)             ; 0 (0)        ; 0           ; 0            ; 0       ; 0         ; 0    ; 0            ; |STACK|COUNTER32_UP_DOWN:TOP|HAS:inst7             ; work         ;
;       |HAS:inst8|            ; 1 (1)             ; 0 (0)        ; 0           ; 0            ; 0       ; 0         ; 0    ; 0            ; |STACK|COUNTER32_UP_DOWN:TOP|HAS:inst8             ; work         ;
;       |HAS:instS|            ; 1 (1)             ; 0 (0)        ; 0           ; 0            ; 0       ; 0         ; 0    ; 0            ; |STACK|COUNTER32_UP_DOWN:TOP|HAS:instS             ; work         ;
;    |MUX21_5BIT:inst|         ; 2 (0)             ; 0 (0)        ; 0           ; 0            ; 0       ; 0         ; 0    ; 0            ; |STACK|MUX21_5BIT:inst                             ; work         ;
;       |21mux:inst3|          ; 1 (1)             ; 0 (0)        ; 0           ; 0            ; 0       ; 0         ; 0    ; 0            ; |STACK|MUX21_5BIT:inst|21mux:inst3                 ; work         ;
;       |21mux:inst|           ; 1 (1)             ; 0 (0)        ; 0           ; 0            ; 0       ; 0         ; 0    ; 0            ; |STACK|MUX21_5BIT:inst|21mux:inst                  ; work         ;
;    |RAM32X8:inst2|           ; 509 (0)           ; 0 (0)        ; 0           ; 0            ; 0       ; 0         ; 0    ; 0            ; |STACK|RAM32X8:inst2                               ; work         ;
;       |DECODER_2_TO_4:inst1| ; 6 (6)             ; 0 (0)        ; 0           ; 0            ; 0       ; 0         ; 0    ; 0            ; |STACK|RAM32X8:inst2|DECODER_2_TO_4:inst1          ; work         ;
;       |RAM8X8:inst5|         ; 80 (0)            ; 0 (0)        ; 0           ; 0            ; 0       ; 0         ; 0    ; 0            ; |STACK|RAM32X8:inst2|RAM8X8:inst5                  ; work         ;
;          |WORD_8_bit:inst1|  ; 10 (10)           ; 0 (0)        ; 0           ; 0            ; 0       ; 0         ; 0    ; 0            ; |STACK|RAM32X8:inst2|RAM8X8:inst5|WORD_8_bit:inst1 ; work         ;
;          |WORD_8_bit:inst2|  ; 10 (10)           ; 0 (0)        ; 0           ; 0            ; 0       ; 0         ; 0    ; 0            ; |STACK|RAM32X8:inst2|RAM8X8:inst5|WORD_8_bit:inst2 ; work         ;
;          |WORD_8_bit:inst3|  ; 10 (10)           ; 0 (0)        ; 0           ; 0            ; 0       ; 0         ; 0    ; 0            ; |STACK|RAM32X8:inst2|RAM8X8:inst5|WORD_8_bit:inst3 ; work         ;
;          |WORD_8_bit:inst4|  ; 10 (10)           ; 0 (0)        ; 0           ; 0            ; 0       ; 0         ; 0    ; 0            ; |STACK|RAM32X8:inst2|RAM8X8:inst5|WORD_8_bit:inst4 ; work         ;
;          |WORD_8_bit:inst5|  ; 10 (10)           ; 0 (0)        ; 0           ; 0            ; 0       ; 0         ; 0    ; 0            ; |STACK|RAM32X8:inst2|RAM8X8:inst5|WORD_8_bit:inst5 ; work         ;
;          |WORD_8_bit:inst6|  ; 10 (10)           ; 0 (0)        ; 0           ; 0            ; 0       ; 0         ; 0    ; 0            ; |STACK|RAM32X8:inst2|RAM8X8:inst5|WORD_8_bit:inst6 ; work         ;
;          |WORD_8_bit:inst7|  ; 10 (10)           ; 0 (0)        ; 0           ; 0            ; 0       ; 0         ; 0    ; 0            ; |STACK|RAM32X8:inst2|RAM8X8:inst5|WORD_8_bit:inst7 ; work         ;
;          |WORD_8_bit:inst|   ; 10 (10)           ; 0 (0)        ; 0           ; 0            ; 0       ; 0         ; 0    ; 0            ; |STACK|RAM32X8:inst2|RAM8X8:inst5|WORD_8_bit:inst  ; work         ;
;       |RAM8X8:inst6|         ; 80 (0)            ; 0 (0)        ; 0           ; 0            ; 0       ; 0         ; 0    ; 0            ; |STACK|RAM32X8:inst2|RAM8X8:inst6                  ; work         ;
;          |WORD_8_bit:inst1|  ; 10 (10)           ; 0 (0)        ; 0           ; 0            ; 0       ; 0         ; 0    ; 0            ; |STACK|RAM32X8:inst2|RAM8X8:inst6|WORD_8_bit:inst1 ; work         ;
;          |WORD_8_bit:inst2|  ; 10 (10)           ; 0 (0)        ; 0           ; 0            ; 0       ; 0         ; 0    ; 0            ; |STACK|RAM32X8:inst2|RAM8X8:inst6|WORD_8_bit:inst2 ; work         ;
;          |WORD_8_bit:inst3|  ; 10 (10)           ; 0 (0)        ; 0           ; 0            ; 0       ; 0         ; 0    ; 0            ; |STACK|RAM32X8:inst2|RAM8X8:inst6|WORD_8_bit:inst3 ; work         ;
;          |WORD_8_bit:inst4|  ; 10 (10)           ; 0 (0)        ; 0           ; 0            ; 0       ; 0         ; 0    ; 0            ; |STACK|RAM32X8:inst2|RAM8X8:inst6|WORD_8_bit:inst4 ; work         ;
;          |WORD_8_bit:inst5|  ; 10 (10)           ; 0 (0)        ; 0           ; 0            ; 0       ; 0         ; 0    ; 0            ; |STACK|RAM32X8:inst2|RAM8X8:inst6|WORD_8_bit:inst5 ; work         ;
;          |WORD_8_bit:inst6|  ; 10 (10)           ; 0 (0)        ; 0           ; 0            ; 0       ; 0         ; 0    ; 0            ; |STACK|RAM32X8:inst2|RAM8X8:inst6|WORD_8_bit:inst6 ; work         ;
;          |WORD_8_bit:inst7|  ; 10 (10)           ; 0 (0)        ; 0           ; 0            ; 0       ; 0         ; 0    ; 0            ; |STACK|RAM32X8:inst2|RAM8X8:inst6|WORD_8_bit:inst7 ; work         ;
;          |WORD_8_bit:inst|   ; 10 (10)           ; 0 (0)        ; 0           ; 0            ; 0       ; 0         ; 0    ; 0            ; |STACK|RAM32X8:inst2|RAM8X8:inst6|WORD_8_bit:inst  ; work         ;
;       |RAM8X8:inst7|         ; 88 (0)            ; 0 (0)        ; 0           ; 0            ; 0       ; 0         ; 0    ; 0            ; |STACK|RAM32X8:inst2|RAM8X8:inst7                  ; work         ;
;          |WORD_8_bit:inst1|  ; 11 (11)           ; 0 (0)        ; 0           ; 0            ; 0       ; 0         ; 0    ; 0            ; |STACK|RAM32X8:inst2|RAM8X8:inst7|WORD_8_bit:inst1 ; work         ;
;          |WORD_8_bit:inst2|  ; 11 (11)           ; 0 (0)        ; 0           ; 0            ; 0       ; 0         ; 0    ; 0            ; |STACK|RAM32X8:inst2|RAM8X8:inst7|WORD_8_bit:inst2 ; work         ;
;          |WORD_8_bit:inst3|  ; 11 (11)           ; 0 (0)        ; 0           ; 0            ; 0       ; 0         ; 0    ; 0            ; |STACK|RAM32X8:inst2|RAM8X8:inst7|WORD_8_bit:inst3 ; work         ;
;          |WORD_8_bit:inst4|  ; 11 (11)           ; 0 (0)        ; 0           ; 0            ; 0       ; 0         ; 0    ; 0            ; |STACK|RAM32X8:inst2|RAM8X8:inst7|WORD_8_bit:inst4 ; work         ;
;          |WORD_8_bit:inst5|  ; 11 (11)           ; 0 (0)        ; 0           ; 0            ; 0       ; 0         ; 0    ; 0            ; |STACK|RAM32X8:inst2|RAM8X8:inst7|WORD_8_bit:inst5 ; work         ;
;          |WORD_8_bit:inst6|  ; 11 (11)           ; 0 (0)        ; 0           ; 0            ; 0       ; 0         ; 0    ; 0            ; |STACK|RAM32X8:inst2|RAM8X8:inst7|WORD_8_bit:inst6 ; work         ;
;          |WORD_8_bit:inst7|  ; 11 (11)           ; 0 (0)        ; 0           ; 0            ; 0       ; 0         ; 0    ; 0            ; |STACK|RAM32X8:inst2|RAM8X8:inst7|WORD_8_bit:inst7 ; work         ;
;          |WORD_8_bit:inst|   ; 11 (11)           ; 0 (0)        ; 0           ; 0            ; 0       ; 0         ; 0    ; 0            ; |STACK|RAM32X8:inst2|RAM8X8:inst7|WORD_8_bit:inst  ; work         ;
;       |RAM8X8:inst|          ; 255 (0)           ; 0 (0)        ; 0           ; 0            ; 0       ; 0         ; 0    ; 0            ; |STACK|RAM32X8:inst2|RAM8X8:inst                   ; work         ;
;          |WORD_8_bit:inst1|  ; 11 (11)           ; 0 (0)        ; 0           ; 0            ; 0       ; 0         ; 0    ; 0            ; |STACK|RAM32X8:inst2|RAM8X8:inst|WORD_8_bit:inst1  ; work         ;
;          |WORD_8_bit:inst2|  ; 11 (11)           ; 0 (0)        ; 0           ; 0            ; 0       ; 0         ; 0    ; 0            ; |STACK|RAM32X8:inst2|RAM8X8:inst|WORD_8_bit:inst2  ; work         ;
;          |WORD_8_bit:inst3|  ; 11 (11)           ; 0 (0)        ; 0           ; 0            ; 0       ; 0         ; 0    ; 0            ; |STACK|RAM32X8:inst2|RAM8X8:inst|WORD_8_bit:inst3  ; work         ;
;          |WORD_8_bit:inst4|  ; 11 (11)           ; 0 (0)        ; 0           ; 0            ; 0       ; 0         ; 0    ; 0            ; |STACK|RAM32X8:inst2|RAM8X8:inst|WORD_8_bit:inst4  ; work         ;
;          |WORD_8_bit:inst5|  ; 10 (10)           ; 0 (0)        ; 0           ; 0            ; 0       ; 0         ; 0    ; 0            ; |STACK|RAM32X8:inst2|RAM8X8:inst|WORD_8_bit:inst5  ; work         ;
;          |WORD_8_bit:inst6|  ; 10 (10)           ; 0 (0)        ; 0           ; 0            ; 0       ; 0         ; 0    ; 0            ; |STACK|RAM32X8:inst2|RAM8X8:inst|WORD_8_bit:inst6  ; work         ;
;          |WORD_8_bit:inst7|  ; 10 (10)           ; 0 (0)        ; 0           ; 0            ; 0       ; 0         ; 0    ; 0            ; |STACK|RAM32X8:inst2|RAM8X8:inst|WORD_8_bit:inst7  ; work         ;
;          |WORD_8_bit:inst|   ; 181 (181)         ; 0 (0)        ; 0           ; 0            ; 0       ; 0         ; 0    ; 0            ; |STACK|RAM32X8:inst2|RAM8X8:inst|WORD_8_bit:inst   ; work         ;
+------------------------------+-------------------+--------------+-------------+--------------+---------+-----------+------+--------------+----------------------------------------------------+--------------+
Note: For table entries with two numbers listed, the numbers in parentheses indicate the number of resources of the given type used by the specific entity alone. The numbers listed outside of parentheses indicate the total resources of the given type used by the specific entity and all of its sub-entities in the hierarchy.


+-----------------------------------------------------------------------------------------------------------------------------------+
; User-Specified and Inferred Latches                                                                                               ;
+------------------------------------------------------+---------------------------------------------------+------------------------+
; Latch Name                                           ; Latch Enable Signal                               ; Free of Timing Hazards ;
+------------------------------------------------------+---------------------------------------------------+------------------------+
; RAM32X8:inst2|RAM8X8:inst|WORD_8_bit:inst|inst       ; RAM32X8:inst2|RAM8X8:inst|WORD_8_bit:inst|inst8   ; yes                    ;
; RAM32X8:inst2|RAM8X8:inst|WORD_8_bit:inst1|inst      ; RAM32X8:inst2|RAM8X8:inst|WORD_8_bit:inst1|inst8  ; yes                    ;
; RAM32X8:inst2|RAM8X8:inst|WORD_8_bit:inst2|inst      ; RAM32X8:inst2|RAM8X8:inst|WORD_8_bit:inst2|inst8  ; yes                    ;
; RAM32X8:inst2|RAM8X8:inst|WORD_8_bit:inst3|inst      ; RAM32X8:inst2|RAM8X8:inst|WORD_8_bit:inst3|inst8  ; yes                    ;
; RAM32X8:inst2|RAM8X8:inst|WORD_8_bit:inst4|inst      ; RAM32X8:inst2|RAM8X8:inst|WORD_8_bit:inst4|inst8  ; yes                    ;
; RAM32X8:inst2|RAM8X8:inst|WORD_8_bit:inst5|inst      ; RAM32X8:inst2|RAM8X8:inst|WORD_8_bit:inst5|inst8  ; yes                    ;
; RAM32X8:inst2|RAM8X8:inst|WORD_8_bit:inst6|inst      ; RAM32X8:inst2|RAM8X8:inst|WORD_8_bit:inst6|inst8  ; yes                    ;
; RAM32X8:inst2|RAM8X8:inst|WORD_8_bit:inst7|inst      ; RAM32X8:inst2|RAM8X8:inst|WORD_8_bit:inst7|inst8  ; yes                    ;
; RAM32X8:inst2|RAM8X8:inst5|WORD_8_bit:inst|inst      ; RAM32X8:inst2|RAM8X8:inst5|WORD_8_bit:inst|inst8  ; yes                    ;
; RAM32X8:inst2|RAM8X8:inst5|WORD_8_bit:inst1|inst     ; RAM32X8:inst2|RAM8X8:inst5|WORD_8_bit:inst1|inst8 ; yes                    ;
; RAM32X8:inst2|RAM8X8:inst5|WORD_8_bit:inst2|inst     ; RAM32X8:inst2|RAM8X8:inst5|WORD_8_bit:inst2|inst8 ; yes                    ;
; RAM32X8:inst2|RAM8X8:inst5|WORD_8_bit:inst3|inst     ; RAM32X8:inst2|RAM8X8:inst5|WORD_8_bit:inst3|inst8 ; yes                    ;
; RAM32X8:inst2|RAM8X8:inst5|WORD_8_bit:inst4|inst     ; RAM32X8:inst2|RAM8X8:inst5|WORD_8_bit:inst4|inst8 ; yes                    ;
; RAM32X8:inst2|RAM8X8:inst5|WORD_8_bit:inst5|inst     ; RAM32X8:inst2|RAM8X8:inst5|WORD_8_bit:inst5|inst8 ; yes                    ;
; RAM32X8:inst2|RAM8X8:inst5|WORD_8_bit:inst6|inst     ; RAM32X8:inst2|RAM8X8:inst5|WORD_8_bit:inst6|inst8 ; yes                    ;
; RAM32X8:inst2|RAM8X8:inst5|WORD_8_bit:inst7|inst     ; RAM32X8:inst2|RAM8X8:inst5|WORD_8_bit:inst7|inst8 ; yes                    ;
; RAM32X8:inst2|RAM8X8:inst6|WORD_8_bit:inst|inst      ; RAM32X8:inst2|RAM8X8:inst6|WORD_8_bit:inst|inst8  ; yes                    ;
; RAM32X8:inst2|RAM8X8:inst6|WORD_8_bit:inst1|inst     ; RAM32X8:inst2|RAM8X8:inst6|WORD_8_bit:inst1|inst8 ; yes                    ;
; RAM32X8:inst2|RAM8X8:inst6|WORD_8_bit:inst2|inst     ; RAM32X8:inst2|RAM8X8:inst6|WORD_8_bit:inst2|inst8 ; yes                    ;
; RAM32X8:inst2|RAM8X8:inst6|WORD_8_bit:inst3|inst     ; RAM32X8:inst2|RAM8X8:inst6|WORD_8_bit:inst3|inst8 ; yes                    ;
; RAM32X8:inst2|RAM8X8:inst6|WORD_8_bit:inst4|inst     ; RAM32X8:inst2|RAM8X8:inst6|WORD_8_bit:inst4|inst8 ; yes                    ;
; RAM32X8:inst2|RAM8X8:inst6|WORD_8_bit:inst5|inst     ; RAM32X8:inst2|RAM8X8:inst6|WORD_8_bit:inst5|inst8 ; yes                    ;
; RAM32X8:inst2|RAM8X8:inst6|WORD_8_bit:inst6|inst     ; RAM32X8:inst2|RAM8X8:inst6|WORD_8_bit:inst6|inst8 ; yes                    ;
; RAM32X8:inst2|RAM8X8:inst6|WORD_8_bit:inst7|inst     ; RAM32X8:inst2|RAM8X8:inst6|WORD_8_bit:inst7|inst8 ; yes                    ;
; RAM32X8:inst2|RAM8X8:inst7|WORD_8_bit:inst|inst      ; RAM32X8:inst2|RAM8X8:inst7|WORD_8_bit:inst|inst8  ; yes                    ;
; RAM32X8:inst2|RAM8X8:inst7|WORD_8_bit:inst1|inst     ; RAM32X8:inst2|RAM8X8:inst7|WORD_8_bit:inst1|inst8 ; yes                    ;
; RAM32X8:inst2|RAM8X8:inst7|WORD_8_bit:inst2|inst     ; RAM32X8:inst2|RAM8X8:inst7|WORD_8_bit:inst2|inst8 ; yes                    ;
; RAM32X8:inst2|RAM8X8:inst7|WORD_8_bit:inst3|inst     ; RAM32X8:inst2|RAM8X8:inst7|WORD_8_bit:inst3|inst8 ; yes                    ;
; RAM32X8:inst2|RAM8X8:inst7|WORD_8_bit:inst4|inst     ; RAM32X8:inst2|RAM8X8:inst7|WORD_8_bit:inst4|inst8 ; yes                    ;
; RAM32X8:inst2|RAM8X8:inst7|WORD_8_bit:inst5|inst     ; RAM32X8:inst2|RAM8X8:inst7|WORD_8_bit:inst5|inst8 ; yes                    ;
; RAM32X8:inst2|RAM8X8:inst7|WORD_8_bit:inst6|inst     ; RAM32X8:inst2|RAM8X8:inst7|WORD_8_bit:inst6|inst8 ; yes                    ;
; RAM32X8:inst2|RAM8X8:inst7|WORD_8_bit:inst7|inst     ; RAM32X8:inst2|RAM8X8:inst7|WORD_8_bit:inst7|inst8 ; yes                    ;
; RAM32X8:inst2|RAM8X8:inst|WORD_8_bit:inst|inst1      ; RAM32X8:inst2|RAM8X8:inst|WORD_8_bit:inst|inst8   ; yes                    ;
; RAM32X8:inst2|RAM8X8:inst|WORD_8_bit:inst1|inst1     ; RAM32X8:inst2|RAM8X8:inst|WORD_8_bit:inst1|inst8  ; yes                    ;
; RAM32X8:inst2|RAM8X8:inst|WORD_8_bit:inst2|inst1     ; RAM32X8:inst2|RAM8X8:inst|WORD_8_bit:inst2|inst8  ; yes                    ;
; RAM32X8:inst2|RAM8X8:inst|WORD_8_bit:inst3|inst1     ; RAM32X8:inst2|RAM8X8:inst|WORD_8_bit:inst3|inst8  ; yes                    ;
; RAM32X8:inst2|RAM8X8:inst|WORD_8_bit:inst4|inst1     ; RAM32X8:inst2|RAM8X8:inst|WORD_8_bit:inst4|inst8  ; yes                    ;
; RAM32X8:inst2|RAM8X8:inst|WORD_8_bit:inst5|inst1     ; RAM32X8:inst2|RAM8X8:inst|WORD_8_bit:inst5|inst8  ; yes                    ;
; RAM32X8:inst2|RAM8X8:inst|WORD_8_bit:inst6|inst1     ; RAM32X8:inst2|RAM8X8:inst|WORD_8_bit:inst6|inst8  ; yes                    ;
; RAM32X8:inst2|RAM8X8:inst|WORD_8_bit:inst7|inst1     ; RAM32X8:inst2|RAM8X8:inst|WORD_8_bit:inst7|inst8  ; yes                    ;
; RAM32X8:inst2|RAM8X8:inst5|WORD_8_bit:inst|inst1     ; RAM32X8:inst2|RAM8X8:inst5|WORD_8_bit:inst|inst8  ; yes                    ;
; RAM32X8:inst2|RAM8X8:inst5|WORD_8_bit:inst1|inst1    ; RAM32X8:inst2|RAM8X8:inst5|WORD_8_bit:inst1|inst8 ; yes                    ;
; RAM32X8:inst2|RAM8X8:inst5|WORD_8_bit:inst2|inst1    ; RAM32X8:inst2|RAM8X8:inst5|WORD_8_bit:inst2|inst8 ; yes                    ;
; RAM32X8:inst2|RAM8X8:inst5|WORD_8_bit:inst3|inst1    ; RAM32X8:inst2|RAM8X8:inst5|WORD_8_bit:inst3|inst8 ; yes                    ;
; RAM32X8:inst2|RAM8X8:inst5|WORD_8_bit:inst4|inst1    ; RAM32X8:inst2|RAM8X8:inst5|WORD_8_bit:inst4|inst8 ; yes                    ;
; RAM32X8:inst2|RAM8X8:inst5|WORD_8_bit:inst5|inst1    ; RAM32X8:inst2|RAM8X8:inst5|WORD_8_bit:inst5|inst8 ; yes                    ;
; RAM32X8:inst2|RAM8X8:inst5|WORD_8_bit:inst6|inst1    ; RAM32X8:inst2|RAM8X8:inst5|WORD_8_bit:inst6|inst8 ; yes                    ;
; RAM32X8:inst2|RAM8X8:inst5|WORD_8_bit:inst7|inst1    ; RAM32X8:inst2|RAM8X8:inst5|WORD_8_bit:inst7|inst8 ; yes                    ;
; RAM32X8:inst2|RAM8X8:inst6|WORD_8_bit:inst|inst1     ; RAM32X8:inst2|RAM8X8:inst6|WORD_8_bit:inst|inst8  ; yes                    ;
; RAM32X8:inst2|RAM8X8:inst6|WORD_8_bit:inst1|inst1    ; RAM32X8:inst2|RAM8X8:inst6|WORD_8_bit:inst1|inst8 ; yes                    ;
; RAM32X8:inst2|RAM8X8:inst6|WORD_8_bit:inst2|inst1    ; RAM32X8:inst2|RAM8X8:inst6|WORD_8_bit:inst2|inst8 ; yes                    ;
; RAM32X8:inst2|RAM8X8:inst6|WORD_8_bit:inst3|inst1    ; RAM32X8:inst2|RAM8X8:inst6|WORD_8_bit:inst3|inst8 ; yes                    ;
; RAM32X8:inst2|RAM8X8:inst6|WORD_8_bit:inst4|inst1    ; RAM32X8:inst2|RAM8X8:inst6|WORD_8_bit:inst4|inst8 ; yes                    ;
; RAM32X8:inst2|RAM8X8:inst6|WORD_8_bit:inst5|inst1    ; RAM32X8:inst2|RAM8X8:inst6|WORD_8_bit:inst5|inst8 ; yes                    ;
; RAM32X8:inst2|RAM8X8:inst6|WORD_8_bit:inst6|inst1    ; RAM32X8:inst2|RAM8X8:inst6|WORD_8_bit:inst6|inst8 ; yes                    ;
; RAM32X8:inst2|RAM8X8:inst6|WORD_8_bit:inst7|inst1    ; RAM32X8:inst2|RAM8X8:inst6|WORD_8_bit:inst7|inst8 ; yes                    ;
; RAM32X8:inst2|RAM8X8:inst7|WORD_8_bit:inst|inst1     ; RAM32X8:inst2|RAM8X8:inst7|WORD_8_bit:inst|inst8  ; yes                    ;
; RAM32X8:inst2|RAM8X8:inst7|WORD_8_bit:inst1|inst1    ; RAM32X8:inst2|RAM8X8:inst7|WORD_8_bit:inst1|inst8 ; yes                    ;
; RAM32X8:inst2|RAM8X8:inst7|WORD_8_bit:inst2|inst1    ; RAM32X8:inst2|RAM8X8:inst7|WORD_8_bit:inst2|inst8 ; yes                    ;
; RAM32X8:inst2|RAM8X8:inst7|WORD_8_bit:inst3|inst1    ; RAM32X8:inst2|RAM8X8:inst7|WORD_8_bit:inst3|inst8 ; yes                    ;
; RAM32X8:inst2|RAM8X8:inst7|WORD_8_bit:inst4|inst1    ; RAM32X8:inst2|RAM8X8:inst7|WORD_8_bit:inst4|inst8 ; yes                    ;
; RAM32X8:inst2|RAM8X8:inst7|WORD_8_bit:inst5|inst1    ; RAM32X8:inst2|RAM8X8:inst7|WORD_8_bit:inst5|inst8 ; yes                    ;
; RAM32X8:inst2|RAM8X8:inst7|WORD_8_bit:inst6|inst1    ; RAM32X8:inst2|RAM8X8:inst7|WORD_8_bit:inst6|inst8 ; yes                    ;
; RAM32X8:inst2|RAM8X8:inst7|WORD_8_bit:inst7|inst1    ; RAM32X8:inst2|RAM8X8:inst7|WORD_8_bit:inst7|inst8 ; yes                    ;
; RAM32X8:inst2|RAM8X8:inst|WORD_8_bit:inst|inst2      ; RAM32X8:inst2|RAM8X8:inst|WORD_8_bit:inst|inst8   ; yes                    ;
; RAM32X8:inst2|RAM8X8:inst|WORD_8_bit:inst1|inst2     ; RAM32X8:inst2|RAM8X8:inst|WORD_8_bit:inst1|inst8  ; yes                    ;
; RAM32X8:inst2|RAM8X8:inst|WORD_8_bit:inst2|inst2     ; RAM32X8:inst2|RAM8X8:inst|WORD_8_bit:inst2|inst8  ; yes                    ;
; RAM32X8:inst2|RAM8X8:inst|WORD_8_bit:inst3|inst2     ; RAM32X8:inst2|RAM8X8:inst|WORD_8_bit:inst3|inst8  ; yes                    ;
; RAM32X8:inst2|RAM8X8:inst|WORD_8_bit:inst4|inst2     ; RAM32X8:inst2|RAM8X8:inst|WORD_8_bit:inst4|inst8  ; yes                    ;
; RAM32X8:inst2|RAM8X8:inst|WORD_8_bit:inst5|inst2     ; RAM32X8:inst2|RAM8X8:inst|WORD_8_bit:inst5|inst8  ; yes                    ;
; RAM32X8:inst2|RAM8X8:inst|WORD_8_bit:inst6|inst2     ; RAM32X8:inst2|RAM8X8:inst|WORD_8_bit:inst6|inst8  ; yes                    ;
; RAM32X8:inst2|RAM8X8:inst|WORD_8_bit:inst7|inst2     ; RAM32X8:inst2|RAM8X8:inst|WORD_8_bit:inst7|inst8  ; yes                    ;
; RAM32X8:inst2|RAM8X8:inst5|WORD_8_bit:inst|inst2     ; RAM32X8:inst2|RAM8X8:inst5|WORD_8_bit:inst|inst8  ; yes                    ;
; RAM32X8:inst2|RAM8X8:inst5|WORD_8_bit:inst1|inst2    ; RAM32X8:inst2|RAM8X8:inst5|WORD_8_bit:inst1|inst8 ; yes                    ;
; RAM32X8:inst2|RAM8X8:inst5|WORD_8_bit:inst2|inst2    ; RAM32X8:inst2|RAM8X8:inst5|WORD_8_bit:inst2|inst8 ; yes                    ;
; RAM32X8:inst2|RAM8X8:inst5|WORD_8_bit:inst3|inst2    ; RAM32X8:inst2|RAM8X8:inst5|WORD_8_bit:inst3|inst8 ; yes                    ;
; RAM32X8:inst2|RAM8X8:inst5|WORD_8_bit:inst4|inst2    ; RAM32X8:inst2|RAM8X8:inst5|WORD_8_bit:inst4|inst8 ; yes                    ;
; RAM32X8:inst2|RAM8X8:inst5|WORD_8_bit:inst5|inst2    ; RAM32X8:inst2|RAM8X8:inst5|WORD_8_bit:inst5|inst8 ; yes                    ;
; RAM32X8:inst2|RAM8X8:inst5|WORD_8_bit:inst6|inst2    ; RAM32X8:inst2|RAM8X8:inst5|WORD_8_bit:inst6|inst8 ; yes                    ;
; RAM32X8:inst2|RAM8X8:inst5|WORD_8_bit:inst7|inst2    ; RAM32X8:inst2|RAM8X8:inst5|WORD_8_bit:inst7|inst8 ; yes                    ;
; RAM32X8:inst2|RAM8X8:inst6|WORD_8_bit:inst|inst2     ; RAM32X8:inst2|RAM8X8:inst6|WORD_8_bit:inst|inst8  ; yes                    ;
; RAM32X8:inst2|RAM8X8:inst6|WORD_8_bit:inst1|inst2    ; RAM32X8:inst2|RAM8X8:inst6|WORD_8_bit:inst1|inst8 ; yes                    ;
; RAM32X8:inst2|RAM8X8:inst6|WORD_8_bit:inst2|inst2    ; RAM32X8:inst2|RAM8X8:inst6|WORD_8_bit:inst2|inst8 ; yes                    ;
; RAM32X8:inst2|RAM8X8:inst6|WORD_8_bit:inst3|inst2    ; RAM32X8:inst2|RAM8X8:inst6|WORD_8_bit:inst3|inst8 ; yes                    ;
; RAM32X8:inst2|RAM8X8:inst6|WORD_8_bit:inst4|inst2    ; RAM32X8:inst2|RAM8X8:inst6|WORD_8_bit:inst4|inst8 ; yes                    ;
; RAM32X8:inst2|RAM8X8:inst6|WORD_8_bit:inst5|inst2    ; RAM32X8:inst2|RAM8X8:inst6|WORD_8_bit:inst5|inst8 ; yes                    ;
; RAM32X8:inst2|RAM8X8:inst6|WORD_8_bit:inst6|inst2    ; RAM32X8:inst2|RAM8X8:inst6|WORD_8_bit:inst6|inst8 ; yes                    ;
; RAM32X8:inst2|RAM8X8:inst6|WORD_8_bit:inst7|inst2    ; RAM32X8:inst2|RAM8X8:inst6|WORD_8_bit:inst7|inst8 ; yes                    ;
; RAM32X8:inst2|RAM8X8:inst7|WORD_8_bit:inst|inst2     ; RAM32X8:inst2|RAM8X8:inst7|WORD_8_bit:inst|inst8  ; yes                    ;
; RAM32X8:inst2|RAM8X8:inst7|WORD_8_bit:inst1|inst2    ; RAM32X8:inst2|RAM8X8:inst7|WORD_8_bit:inst1|inst8 ; yes                    ;
; RAM32X8:inst2|RAM8X8:inst7|WORD_8_bit:inst2|inst2    ; RAM32X8:inst2|RAM8X8:inst7|WORD_8_bit:inst2|inst8 ; yes                    ;
; RAM32X8:inst2|RAM8X8:inst7|WORD_8_bit:inst3|inst2    ; RAM32X8:inst2|RAM8X8:inst7|WORD_8_bit:inst3|inst8 ; yes                    ;
; RAM32X8:inst2|RAM8X8:inst7|WORD_8_bit:inst4|inst2    ; RAM32X8:inst2|RAM8X8:inst7|WORD_8_bit:inst4|inst8 ; yes                    ;
; RAM32X8:inst2|RAM8X8:inst7|WORD_8_bit:inst5|inst2    ; RAM32X8:inst2|RAM8X8:inst7|WORD_8_bit:inst5|inst8 ; yes                    ;
; RAM32X8:inst2|RAM8X8:inst7|WORD_8_bit:inst6|inst2    ; RAM32X8:inst2|RAM8X8:inst7|WORD_8_bit:inst6|inst8 ; yes                    ;
; RAM32X8:inst2|RAM8X8:inst7|WORD_8_bit:inst7|inst2    ; RAM32X8:inst2|RAM8X8:inst7|WORD_8_bit:inst7|inst8 ; yes                    ;
; RAM32X8:inst2|RAM8X8:inst|WORD_8_bit:inst|inst3      ; RAM32X8:inst2|RAM8X8:inst|WORD_8_bit:inst|inst8   ; yes                    ;
; RAM32X8:inst2|RAM8X8:inst|WORD_8_bit:inst1|inst3     ; RAM32X8:inst2|RAM8X8:inst|WORD_8_bit:inst1|inst8  ; yes                    ;
; RAM32X8:inst2|RAM8X8:inst|WORD_8_bit:inst2|inst3     ; RAM32X8:inst2|RAM8X8:inst|WORD_8_bit:inst2|inst8  ; yes                    ;
; RAM32X8:inst2|RAM8X8:inst|WORD_8_bit:inst3|inst3     ; RAM32X8:inst2|RAM8X8:inst|WORD_8_bit:inst3|inst8  ; yes                    ;
; Number of user-specified and inferred latches = 256  ;                                                   ;                        ;
+------------------------------------------------------+---------------------------------------------------+------------------------+
Table restricted to first 100 entries. Note: All latches listed above may not be present at the end of synthesis due to various synthesis optimizations.


+---------------------------------------------------------------------------------+
; Registers Removed During Synthesis                                              ;
+---------------------------------------+-----------------------------------------+
; Register name                         ; Reason for Removal                      ;
+---------------------------------------+-----------------------------------------+
; COUNTER32_UP_DOWN:TOP-1|inst4         ; Merged with COUNTER32_UP_DOWN:TOP|inst4 ;
; Total Number of Removed Registers = 1 ;                                         ;
+---------------------------------------+-----------------------------------------+


+------------------------------------------------------+
; General Register Statistics                          ;
+----------------------------------------------+-------+
; Statistic                                    ; Value ;
+----------------------------------------------+-------+
; Total registers                              ; 9     ;
; Number of registers using Synchronous Clear  ; 0     ;
; Number of registers using Synchronous Load   ; 0     ;
; Number of registers using Asynchronous Clear ; 9     ;
; Number of registers using Asynchronous Load  ; 0     ;
; Number of registers using Clock Enable       ; 1     ;
; Number of registers using Preset             ; 0     ;
+----------------------------------------------+-------+


+--------------------------------------------------+
; Inverted Register Statistics                     ;
+----------------------------------------+---------+
; Inverted Register                      ; Fan out ;
+----------------------------------------+---------+
; COUNTER32_UP_DOWN:TOP-1|inst3          ; 3       ;
; COUNTER32_UP_DOWN:TOP-1|inst2          ; 6       ;
; COUNTER32_UP_DOWN:TOP-1|inst           ; 3       ;
; COUNTER32_UP_DOWN:TOP-1|inst1          ; 3       ;
; Total number of inverted registers = 4 ;         ;
+----------------------------------------+---------+


+-------------------------------+
; Elapsed Time Per Partition    ;
+----------------+--------------+
; Partition Name ; Elapsed Time ;
+----------------+--------------+
; Top            ; 00:00:00     ;
+----------------+--------------+


+-------------------------------+
; Analysis & Synthesis Messages ;
+-------------------------------+
Info: *******************************************************************
Info: Running Quartus II 64-Bit Analysis & Synthesis
    Info: Version 13.0.1 Build 232 06/12/2013 Service Pack 1 SJ Web Edition
    Info: Processing started: Wed Apr 05 02:25:12 2023
Info: Command: quartus_map --read_settings_files=on --write_settings_files=off STACK -c STACK
Warning (20028): Parallel compilation is not licensed and has been disabled
Info (12021): Found 1 design units, including 1 entities, in source file stack_final.bdf
    Info (12023): Found entity 1: STACK_FINAL
Info (12021): Found 1 design units, including 1 entities, in source file /university/thiet_ke_luan_ly_so/exercises/ram32x8/word_8_bit.bdf
    Info (12023): Found entity 1: WORD_8_bit
Info (12021): Found 1 design units, including 1 entities, in source file /university/thiet_ke_luan_ly_so/exercises/ram32x8/ram32x8.bdf
    Info (12023): Found entity 1: RAM32X8
Info (12021): Found 1 design units, including 1 entities, in source file /university/thiet_ke_luan_ly_so/exercises/ram32x8/ram8x8.bdf
    Info (12023): Found entity 1: RAM8X8
Info (12021): Found 1 design units, including 1 entities, in source file /university/thiet_ke_luan_ly_so/exercises/ram32x8/decoder_3_to_8.bdf
    Info (12023): Found entity 1: DECODER_3_TO_8
Info (12021): Found 1 design units, including 1 entities, in source file /university/thiet_ke_luan_ly_so/exercises/ram32x8/decoder_2_to_4.bdf
    Info (12023): Found entity 1: DECODER_2_TO_4
Info (12021): Found 1 design units, including 1 entities, in source file /university/thiet_ke_luan_ly_so/exercises/bcd_5bit/mux21_5bit.bdf
    Info (12023): Found entity 1: MUX21_5BIT
Info (12021): Found 1 design units, including 1 entities, in source file /university/thiet_ke_luan_ly_so/exercises/counter32/has.bdf
    Info (12023): Found entity 1: HAS
Info (12021): Found 1 design units, including 1 entities, in source file /university/thiet_ke_luan_ly_so/exercises/counter32/counter32_up_down.bdf
    Info (12023): Found entity 1: COUNTER32_UP_DOWN
Info (12021): Found 1 design units, including 1 entities, in source file stack.bdf
    Info (12023): Found entity 1: STACK
Info (12021): Found 1 design units, including 1 entities, in source file top.bdf
    Info (12023): Found entity 1: TOP
Info (12021): Found 1 design units, including 1 entities, in source file control_logic.bdf
    Info (12023): Found entity 1: CONTROL_LOGIC
Info (12021): Found 1 design units, including 1 entities, in source file tri_state.bdf
    Info (12023): Found entity 1: TRI_STATE
Info (12127): Elaborating entity "STACK" for the top level hierarchy
Info (12128): Elaborating entity "COUNTER32_UP_DOWN" for hierarchy "COUNTER32_UP_DOWN:TOP"
Info (12128): Elaborating entity "HAS" for hierarchy "COUNTER32_UP_DOWN:TOP|HAS:inst6"
Info (12128): Elaborating entity "CONTROL_LOGIC" for hierarchy "CONTROL_LOGIC:inst6"
Info (12128): Elaborating entity "TRI_STATE" for hierarchy "TRI_STATE:inst15"
Info (12128): Elaborating entity "RAM32X8" for hierarchy "RAM32X8:inst2"
Info (12128): Elaborating entity "RAM8X8" for hierarchy "RAM32X8:inst2|RAM8X8:inst"
Info (12128): Elaborating entity "WORD_8_bit" for hierarchy "RAM32X8:inst2|RAM8X8:inst|WORD_8_bit:inst"
Info (12128): Elaborating entity "DECODER_3_TO_8" for hierarchy "RAM32X8:inst2|RAM8X8:inst|DECODER_3_TO_8:inst8"
Info (12128): Elaborating entity "DECODER_2_TO_4" for hierarchy "RAM32X8:inst2|DECODER_2_TO_4:inst1"
Info (12128): Elaborating entity "MUX21_5BIT" for hierarchy "MUX21_5BIT:inst"
Info (12128): Elaborating entity "21mux" for hierarchy "MUX21_5BIT:inst|21mux:inst2"
Info (12130): Elaborated megafunction instantiation "MUX21_5BIT:inst|21mux:inst2"
Info (13000): Registers with preset signals will power-up high
Info (13003): DEV_CLRn pin will set, and not reset, register with preset signal due to NOT Gate Push-Back
Info (16010): Generating hard_block partition "hard_block:auto_generated_inst"
    Info (16011): Adding 0 node(s), including 0 DDIO, 0 PLL, 0 transceiver and 0 LCELL
Info (21057): Implemented 552 device resources after synthesis - the final resource count might be different
    Info (21058): Implemented 12 input pins
    Info (21059): Implemented 10 output pins
    Info (21061): Implemented 530 logic cells
Info: Quartus II 64-Bit Analysis & Synthesis was successful. 0 errors, 1 warning
    Info: Peak virtual memory: 4613 megabytes
    Info: Processing ended: Wed Apr 05 02:25:15 2023
    Info: Elapsed time: 00:00:03
    Info: Total CPU time (on all processors): 00:00:02


